Log file open, 08/23/22 17:57:59
LogWindows: Failed to load 'aqProf.dll' (GetLastError=126)
LogWindows: File 'aqProf.dll' does not exist
LogWindows: Failed to load 'VtuneApi.dll' (GetLastError=126)
LogWindows: File 'VtuneApi.dll' does not exist
LogWindows: Failed to load 'VtuneApi32e.dll' (GetLastError=126)
LogWindows: File 'VtuneApi32e.dll' does not exist
LogConsoleResponse: Display: Failed to find resolution value strings in scalability ini. Falling back to default.
LogConsoleResponse: Display: Failed to find resolution value strings in scalability ini. Falling back to default.
LogInit: Display: Running engine for game: Tankogeddon
LogPlatformFile: Not using cached read wrapper
LogTaskGraph: Started task graph with 5 named threads and 20 total threads with 3 sets of task threads.
LogStats: Stats thread started at 1.185091
LogICUInternationalization: ICU TimeZone Detection - Raw Offset: +4:00, Platform Override: ''
LogInit: Display: Loading text-based GConfig....
LogPluginManager: Mounting plugin MeshPainting
LogPluginManager: Mounting plugin XGEController
LogPluginManager: Mounting plugin Paper2D
LogPluginManager: Mounting plugin AISupport
LogPluginManager: Mounting plugin EnvironmentQueryEditor
LogPluginManager: Mounting plugin LiveLink
LogPluginManager: Mounting plugin LightPropagationVolume
LogPluginManager: Mounting plugin CameraShakePreviewer
LogPluginManager: Mounting plugin GameplayCameras
LogPluginManager: Mounting plugin OodleNetwork
LogPluginManager: Mounting plugin AnimationSharing
LogPluginManager: Mounting plugin CLionSourceCodeAccess
LogPluginManager: Mounting plugin CodeLiteSourceCodeAccess
LogPluginManager: Mounting plugin KDevelopSourceCodeAccess
LogPluginManager: Mounting plugin GitSourceControl
LogPluginManager: Mounting plugin NullSourceCodeAccess
LogPluginManager: Mounting plugin PixWinPlugin
LogPluginManager: Mounting plugin PlasticSourceControl
LogPluginManager: Mounting plugin PluginUtils
LogPluginManager: Mounting plugin PerforceSourceControl
LogPluginManager: Mounting plugin PropertyAccessNode
LogPluginManager: Mounting plugin RiderSourceCodeAccess
LogPluginManager: Mounting plugin TextureFormatOodle
LogPluginManager: Mounting plugin SubversionSourceControl
LogPluginManager: Mounting plugin VisualStudioSourceCodeAccess
LogPluginManager: Mounting plugin UObjectPlugin
LogPluginManager: Mounting plugin XCodeSourceCodeAccess
LogPluginManager: Mounting plugin AssetManagerEditor
LogPluginManager: Mounting plugin VisualStudioCodeSourceCodeAccess
LogPluginManager: Mounting plugin DataValidation
LogPluginManager: Mounting plugin FacialAnimation
LogPluginManager: Mounting plugin GameplayTagsEditor
LogPluginManager: Mounting plugin GeometryMode
LogPluginManager: Mounting plugin MacGraphicsSwitching
LogPluginManager: Mounting plugin MaterialAnalyzer
LogPluginManager: Mounting plugin CurveEditorTools
LogPluginManager: Mounting plugin MobileLauncherProfileWizard
LogPluginManager: Mounting plugin PluginBrowser
LogPluginManager: Mounting plugin SpeedTreeImporter
LogPluginManager: Mounting plugin CryptoKeys
LogPluginManager: Mounting plugin AlembicImporter
LogPluginManager: Mounting plugin BackChannel
LogPluginManager: Mounting plugin AutomationUtils
LogPluginManager: Mounting plugin ChaosCloth
LogPluginManager: Mounting plugin ChaosNiagara
LogPluginManager: Mounting plugin ChaosEditor
LogPluginManager: Mounting plugin ChaosSolverPlugin
LogPluginManager: Mounting plugin CharacterAI
LogPluginManager: Mounting plugin GeometryCache
LogPluginManager: Mounting plugin GeometryCollectionPlugin
LogPluginManager: Mounting plugin GeometryProcessing
LogPluginManager: Mounting plugin ChaosClothEditor
LogPluginManager: Mounting plugin MotoSynth
LogPluginManager: Mounting plugin OpenImageDenoise
LogPluginManager: Mounting plugin PlanarCut
LogPluginManager: Mounting plugin PlatformCrypto
LogPluginManager: Mounting plugin ProxyLODPlugin
LogPluginManager: Mounting plugin PythonScriptPlugin
LogPluginManager: Mounting plugin DatasmithContent
LogPluginManager: Mounting plugin SkeletalReduction
LogPluginManager: Mounting plugin VariantManagerContent
LogPluginManager: Mounting plugin Niagara
LogPluginManager: Mounting plugin LuminPlatformFeatures
LogPluginManager: Mounting plugin MagicLeap
LogPluginManager: Mounting plugin MagicLeapLightEstimation
LogPluginManager: Mounting plugin MagicLeapMedia
LogPluginManager: Mounting plugin MagicLeapPassableWorld
LogPluginManager: Mounting plugin MLSDK
LogPluginManager: Mounting plugin TcpMessaging
LogPluginManager: Mounting plugin OodleData
LogPluginManager: Mounting plugin UdpMessaging
LogPluginManager: Mounting plugin ActorSequence
LogPluginManager: Mounting plugin LevelSequenceEditor
LogPluginManager: Mounting plugin TemplateSequence
LogPluginManager: Mounting plugin OnlineSubsystem
LogPluginManager: Mounting plugin OnlineSubsystemNull
LogPluginManager: Mounting plugin OnlineSubsystemUtils
LogPluginManager: Mounting plugin LauncherChunkInstaller
LogPluginManager: Mounting plugin ActorLayerUtilities
LogPluginManager: Mounting plugin AndroidDeviceProfileSelector
LogPluginManager: Mounting plugin AndroidMoviePlayer
LogPluginManager: Mounting plugin AndroidPermission
LogPluginManager: Mounting plugin AppleImageUtils
LogPluginManager: Mounting plugin AppleMoviePlayer
LogPluginManager: Mounting plugin ArchVisCharacter
LogPluginManager: Mounting plugin AssetTags
LogPluginManager: Mounting plugin AudioCapture
LogPluginManager: Mounting plugin CableComponent
LogPluginManager: Mounting plugin AudioSynesthesia
LogPluginManager: Mounting plugin ChunkDownloader
LogPluginManager: Mounting plugin CustomMeshComponent
LogPluginManager: Mounting plugin EditableMesh
LogPluginManager: Mounting plugin GoogleCloudMessaging
LogPluginManager: Mounting plugin ExampleDeviceProfileSelector
LogPluginManager: Mounting plugin GooglePAD
LogPluginManager: Mounting plugin IOSDeviceProfileSelector
LogPluginManager: Mounting plugin LinuxDeviceProfileSelector
LogPluginManager: Mounting plugin LocationServicesBPLibrary
LogPluginManager: Mounting plugin OpenXR
LogPluginManager: Mounting plugin OpenXREyeTracker
LogPluginManager: Mounting plugin OpenXRHandTracking
LogPluginManager: Mounting plugin PhysXVehicles
LogPluginManager: Mounting plugin PostSplashScreen
LogPluginManager: Mounting plugin ProceduralMeshComponent
LogPluginManager: Mounting plugin PropertyAccessEditor
LogPluginManager: Mounting plugin RuntimePhysXCooking
LogPluginManager: Mounting plugin SignificanceManager
LogPluginManager: Mounting plugin SoundFields
LogPluginManager: Mounting plugin Synthesis
LogPluginManager: Mounting plugin WindowsMoviePlayer
LogPluginManager: Mounting plugin WebMMoviePlayer
LogPluginManager: Mounting plugin ScreenshotTools
LogPluginManager: Mounting plugin MobilePatchingUtils
LogPluginManager: Mounting plugin Takes
LogPluginManager: Mounting plugin AndroidMedia
LogPluginManager: Mounting plugin AvfMedia
LogPluginManager: Mounting plugin MediaCompositing
LogPluginManager: Mounting plugin MatineeToLevelSequence
LogPluginManager: Mounting plugin MediaPlayerEditor
LogPluginManager: Mounting plugin WebMMedia
LogPluginManager: Mounting plugin ImgMedia
LogPluginManager: Mounting plugin WmfMedia
LogPluginManager: Mounting plugin ContentBrowserAssetDataSource
LogPluginManager: Mounting plugin ContentBrowserClassDataSource
LogPluginManager: Mounting plugin ContentBrowserFileDataSource
LogPluginManager: Mounting plugin OnlineSubsystemGooglePlay
LogPluginManager: Mounting plugin OnlineSubsystemIOS
LogPluginManager: Mounting plugin OculusVR
LogPluginManager: Mounting plugin SteamVR
PixWinPlugin: PIX capture plugin failed to initialize! Check that the process is launched from PIX.
LogInit: Using libcurl 7.55.1-DEV
LogInit:  - built for x86_64-pc-win32
LogInit:  - supports SSL with OpenSSL/1.1.1
LogInit:  - supports HTTP deflate (compression) using libz 1.2.8
LogInit:  - other features:
LogInit:      CURL_VERSION_SSL
LogInit:      CURL_VERSION_LIBZ
LogInit:      CURL_VERSION_IPV6
LogInit:      CURL_VERSION_ASYNCHDNS
LogInit:      CURL_VERSION_LARGEFILE
LogInit:      CURL_VERSION_IDN
LogInit:  CurlRequestOptions (configurable via config and command line):
LogInit:  - bVerifyPeer = true  - Libcurl will verify peer certificate
LogInit:  - bUseHttpProxy = false  - Libcurl will NOT use HTTP proxy
LogInit:  - bDontReuseConnections = false  - Libcurl will reuse connections
LogInit:  - MaxHostConnections = 16  - Libcurl will limit the number of connections to a host
LogInit:  - LocalHostAddr = Default
LogInit:  - BufferSize = 65536
LogOnline: OSS: Creating online subsystem instance for: NULL
LogInit: WinSock: version 1.1 (2.2), MaxSocks=32767, MaxUdp=65467
LogOnline: OSS: TryLoadSubsystemAndSetDefault: Loaded subsystem for module [NULL]
LogOculusPluginWrapper: OculusPlugin initialized successfully
LogHMD: Failed initializing OVRPlugin 1.59.0
LogInit: Build: ++UE4+Release-4.27-CL-18319896
LogInit: Engine Version: 4.27.2-18319896+++UE4+Release-4.27
LogInit: Compatible Engine Version: 4.27.0-17155196+++UE4+Release-4.27
LogInit: Net CL: 17155196
LogInit: OS: Windows 10 (Release 2009) (), CPU: Intel(R) Core(TM) i5-9400F CPU @ 2.90GHz, GPU: NVIDIA GeForce GTX 1060 3GB
LogInit: Compiled (64-bit): Nov 30 2021 07:12:08
LogInit: Compiled with Visual C++: 19.24.28315.00
LogInit: Build Configuration: Development
LogInit: Branch Name: ++UE4+Release-4.27
LogInit: Command Line:  -skipcompile
LogInit: Base Directory: D:/Epic Games/UE_4.27/Engine/Binaries/Win64/
LogInit: Allocator: TBB
LogInit: Installed Engine Build: 1
LogDevObjectVersion: Number of dev versions registered: 29
LogDevObjectVersion:   Dev-Blueprints (B0D832E4-1F89-4F0D-ACCF-7EB736FD4AA2): 10
LogDevObjectVersion:   Dev-Build (E1C64328-A22C-4D53-A36C-8E866417BD8C): 0
LogDevObjectVersion:   Dev-Core (375EC13C-06E4-48FB-B500-84F0262A717E): 4
LogDevObjectVersion:   Dev-Editor (E4B068ED-F494-42E9-A231-DA0B2E46BB41): 40
LogDevObjectVersion:   Dev-Framework (CFFC743F-43B0-4480-9391-14DF171D2073): 37
LogDevObjectVersion:   Dev-Mobile (B02B49B5-BB20-44E9-A304-32B752E40360): 3
LogDevObjectVersion:   Dev-Networking (A4E4105C-59A1-49B5-A7C5-40C4547EDFEE): 0
LogDevObjectVersion:   Dev-Online (39C831C9-5AE6-47DC-9A44-9C173E1C8E7C): 0
LogDevObjectVersion:   Dev-Physics (78F01B33-EBEA-4F98-B9B4-84EACCB95AA2): 14
LogDevObjectVersion:   Dev-Platform (6631380F-2D4D-43E0-8009-CF276956A95A): 0
LogDevObjectVersion:   Dev-Rendering (12F88B9F-8875-4AFC-A67C-D90C383ABD29): 45
LogDevObjectVersion:   Dev-Sequencer (7B5AE74C-D270-4C10-A958-57980B212A5A): 13
LogDevObjectVersion:   Dev-VR (D7296918-1DD6-4BDD-9DE2-64A83CC13884): 3
LogDevObjectVersion:   Dev-LoadTimes (C2A15278-BFE7-4AFE-6C17-90FF531DF755): 1
LogDevObjectVersion:   Private-Geometry (6EACA3D4-40EC-4CC1-B786-8BED09428FC5): 3
LogDevObjectVersion:   Dev-AnimPhys (29E575DD-E0A3-4627-9D10-D276232CDCEA): 17
LogDevObjectVersion:   Dev-Anim (AF43A65D-7FD3-4947-9873-3E8ED9C1BB05): 15
LogDevObjectVersion:   Dev-ReflectionCapture (6B266CEC-1EC7-4B8F-A30B-E4D90942FC07): 1
LogDevObjectVersion:   Dev-Automation (0DF73D61-A23F-47EA-B727-89E90C41499A): 1
LogDevObjectVersion:   FortniteMain (601D1886-AC64-4F84-AA16-D3DE0DEAC7D6): 47
LogDevObjectVersion:   FortniteRelease (E7086368-6B23-4C58-8439-1B7016265E91): 1
LogDevObjectVersion:   Dev-Enterprise (9DFFBCD6-494F-0158-E221-12823C92A888): 10
LogDevObjectVersion:   Dev-Niagara (F2AED0AC-9AFE-416F-8664-AA7FFA26D6FC): 1
LogDevObjectVersion:   Dev-Destruction (174F1F0B-B4C6-45A5-B13F-2EE8D0FB917D): 10
LogDevObjectVersion:   Dev-Physics-Ext (35F94A83-E258-406C-A318-09F59610247C): 41
LogDevObjectVersion:   Dev-PhysicsMaterial-Chaos (B68FC16E-8B1B-42E2-B453-215C058844FE): 1
LogDevObjectVersion:   Dev-CineCamera (B2E18506-4273-CFC2-A54E-F4BB758BBA07): 1
LogDevObjectVersion:   Dev-VirtualProduction (64F58936-FD1B-42BA-BA96-7289D5D0FA4E): 1
LogDevObjectVersion:   Dev-MediaFramework (6F0ED827-A609-4895-9C91-998D90180EA4): 2
LogInit: Presizing for max 25165824 objects, including 0 objects not considered by GC, pre-allocating 0 bytes for permanent pool.
LogConfig: Applying CVar settings from Section [/Script/Engine.StreamingSettings] File [D:/TankProject/Tankogeddon/Saved/Config/Windows/Engine.ini]
LogConfig: Setting CVar [[s.MinBulkDataSizeForAsyncLoading:131072]]
LogConfig: Setting CVar [[s.AsyncLoadingThreadEnabled:0]]
LogConfig: Setting CVar [[s.EventDrivenLoaderEnabled:1]]
LogConfig: Setting CVar [[s.WarnIfTimeLimitExceeded:0]]
LogConfig: Setting CVar [[s.TimeLimitExceededMultiplier:1.5]]
LogConfig: Setting CVar [[s.TimeLimitExceededMinTime:0.005]]
LogConfig: Setting CVar [[s.UseBackgroundLevelStreaming:1]]
LogConfig: Setting CVar [[s.PriorityAsyncLoadingExtraTime:15.0]]
LogConfig: Setting CVar [[s.LevelStreamingActorsUpdateTimeLimit:5.0]]
LogConfig: Setting CVar [[s.PriorityLevelStreamingActorsUpdateExtraTime:5.0]]
LogConfig: Setting CVar [[s.LevelStreamingComponentsRegistrationGranularity:10]]
LogConfig: Setting CVar [[s.UnregisterComponentsTimeLimit:1.0]]
LogConfig: Setting CVar [[s.LevelStreamingComponentsUnregistrationGranularity:5]]
LogConfig: Setting CVar [[s.FlushStreamingOnExit:1]]
LogInit: Object subsystem initialized
LogConfig: Setting CVar [[con.DebugEarlyDefault:1]]
LogConfig: Setting CVar [[r.setres:1280x720]]
[2022.08.23-13.58.00:509][  0]LogConfig: Setting CVar [[r.VSync:0]]
[2022.08.23-13.58.00:510][  0]LogConfig: Setting CVar [[r.RHICmdBypass:0]]
[2022.08.23-13.58.00:510][  0]LogConfig: Applying CVar settings from Section [/Script/Engine.RendererSettings] File [D:/TankProject/Tankogeddon/Saved/Config/Windows/Engine.ini]
[2022.08.23-13.58.00:510][  0]LogConfig: Setting CVar [[r.GPUCrashDebugging:0]]
[2022.08.23-13.58.00:510][  0]LogConfig: Applying CVar settings from Section [/Script/Engine.RendererOverrideSettings] File [D:/TankProject/Tankogeddon/Saved/Config/Windows/Engine.ini]
[2022.08.23-13.58.00:510][  0]LogConfig: Applying CVar settings from Section [/Script/Engine.StreamingSettings] File [D:/TankProject/Tankogeddon/Saved/Config/Windows/Engine.ini]
[2022.08.23-13.58.00:510][  0]LogConfig: Setting CVar [[s.MinBulkDataSizeForAsyncLoading:131072]]
[2022.08.23-13.58.00:510][  0]LogConfig: Setting CVar [[s.AsyncLoadingThreadEnabled:0]]
[2022.08.23-13.58.00:510][  0]LogConfig: Setting CVar [[s.EventDrivenLoaderEnabled:1]]
[2022.08.23-13.58.00:510][  0]LogConfig: Setting CVar [[s.WarnIfTimeLimitExceeded:0]]
[2022.08.23-13.58.00:510][  0]LogConfig: Setting CVar [[s.TimeLimitExceededMultiplier:1.5]]
[2022.08.23-13.58.00:510][  0]LogConfig: Setting CVar [[s.TimeLimitExceededMinTime:0.005]]
[2022.08.23-13.58.00:510][  0]LogConfig: Setting CVar [[s.UseBackgroundLevelStreaming:1]]
[2022.08.23-13.58.00:510][  0]LogConfig: Setting CVar [[s.PriorityAsyncLoadingExtraTime:15.0]]
[2022.08.23-13.58.00:510][  0]LogConfig: Setting CVar [[s.LevelStreamingActorsUpdateTimeLimit:5.0]]
[2022.08.23-13.58.00:510][  0]LogConfig: Setting CVar [[s.PriorityLevelStreamingActorsUpdateExtraTime:5.0]]
[2022.08.23-13.58.00:510][  0]LogConfig: Setting CVar [[s.LevelStreamingComponentsRegistrationGranularity:10]]
[2022.08.23-13.58.00:510][  0]LogConfig: Setting CVar [[s.UnregisterComponentsTimeLimit:1.0]]
[2022.08.23-13.58.00:510][  0]LogConfig: Setting CVar [[s.LevelStreamingComponentsUnregistrationGranularity:5]]
[2022.08.23-13.58.00:510][  0]LogConfig: Setting CVar [[s.FlushStreamingOnExit:1]]
[2022.08.23-13.58.00:510][  0]LogConfig: Applying CVar settings from Section [/Script/Engine.GarbageCollectionSettings] File [D:/TankProject/Tankogeddon/Saved/Config/Windows/Engine.ini]
[2022.08.23-13.58.00:511][  0]LogConfig: Setting CVar [[gc.MaxObjectsNotConsideredByGC:1]]
[2022.08.23-13.58.00:511][  0]LogConfig: Setting CVar [[gc.SizeOfPermanentObjectPool:0]]
[2022.08.23-13.58.00:511][  0]LogConfig: Setting CVar [[gc.FlushStreamingOnGC:0]]
[2022.08.23-13.58.00:511][  0]LogConfig: Setting CVar [[gc.NumRetriesBeforeForcingGC:10]]
[2022.08.23-13.58.00:511][  0]LogConfig: Setting CVar [[gc.AllowParallelGC:1]]
[2022.08.23-13.58.00:511][  0]LogConfig: Setting CVar [[gc.TimeBetweenPurgingPendingKillObjects:61.1]]
[2022.08.23-13.58.00:511][  0]LogConfig: Setting CVar [[gc.MaxObjectsInEditor:25165824]]
[2022.08.23-13.58.00:511][  0]LogConfig: Setting CVar [[gc.IncrementalBeginDestroyEnabled:1]]
[2022.08.23-13.58.00:511][  0]LogConfig: Setting CVar [[gc.CreateGCClusters:1]]
[2022.08.23-13.58.00:511][  0]LogConfig: Setting CVar [[gc.MinGCClusterSize:5]]
[2022.08.23-13.58.00:511][  0]LogConfig: Setting CVar [[gc.ActorClusteringEnabled:0]]
[2022.08.23-13.58.00:511][  0]LogConfig: Setting CVar [[gc.BlueprintClusteringEnabled:0]]
[2022.08.23-13.58.00:511][  0]LogConfig: Setting CVar [[gc.UseDisregardForGCOnDedicatedServers:0]]
[2022.08.23-13.58.00:511][  0]LogConfig: Setting CVar [[gc.MultithreadedDestructionEnabled:1]]
[2022.08.23-13.58.00:511][  0]LogConfig: Applying CVar settings from Section [/Script/Engine.NetworkSettings] File [D:/TankProject/Tankogeddon/Saved/Config/Windows/Engine.ini]
[2022.08.23-13.58.00:511][  0]LogConfig: Applying CVar settings from Section [/Script/UnrealEd.CookerSettings] File [D:/TankProject/Tankogeddon/Saved/Config/Windows/Engine.ini]
[2022.08.23-13.58.00:544][  0]LogConfig: Applying CVar settings from Section [ViewDistanceQuality@3] File [D:/TankProject/Tankogeddon/Saved/Config/Windows/Scalability.ini]
[2022.08.23-13.58.00:545][  0]LogConfig: Setting CVar [[r.SkeletalMeshLODBias:0]]
[2022.08.23-13.58.00:545][  0]LogConfig: Setting CVar [[r.ViewDistanceScale:1.0]]
[2022.08.23-13.58.00:545][  0]LogConfig: Applying CVar settings from Section [AntiAliasingQuality@3] File [D:/TankProject/Tankogeddon/Saved/Config/Windows/Scalability.ini]
[2022.08.23-13.58.00:545][  0]LogConfig: Setting CVar [[r.PostProcessAAQuality:4]]
[2022.08.23-13.58.00:545][  0]LogConfig: Applying CVar settings from Section [ShadowQuality@3] File [D:/TankProject/Tankogeddon/Saved/Config/Windows/Scalability.ini]
[2022.08.23-13.58.00:545][  0]LogConfig: Setting CVar [[r.LightFunctionQuality:1]]
[2022.08.23-13.58.00:545][  0]LogConfig: Setting CVar [[r.ShadowQuality:5]]
[2022.08.23-13.58.00:545][  0]LogConfig: Setting CVar [[r.Shadow.CSM.MaxCascades:10]]
[2022.08.23-13.58.00:545][  0]LogConfig: Setting CVar [[r.Shadow.MaxResolution:2048]]
[2022.08.23-13.58.00:545][  0]LogConfig: Setting CVar [[r.Shadow.MaxCSMResolution:2048]]
[2022.08.23-13.58.00:545][  0]LogConfig: Setting CVar [[r.Shadow.RadiusThreshold:0.01]]
[2022.08.23-13.58.00:545][  0]LogConfig: Setting CVar [[r.Shadow.DistanceScale:1.0]]
[2022.08.23-13.58.00:545][  0]LogConfig: Setting CVar [[r.Shadow.CSM.TransitionScale:1.0]]
[2022.08.23-13.58.00:545][  0]LogConfig: Setting CVar [[r.Shadow.PreShadowResolutionFactor:1.0]]
[2022.08.23-13.58.00:545][  0]LogConfig: Setting CVar [[r.DistanceFieldShadowing:1]]
[2022.08.23-13.58.00:546][  0]LogConfig: Setting CVar [[r.DistanceFieldAO:1]]
[2022.08.23-13.58.00:546][  0]LogConfig: Setting CVar [[r.AOQuality:2]]
[2022.08.23-13.58.00:546][  0]LogConfig: Setting CVar [[r.VolumetricFog:1]]
[2022.08.23-13.58.00:546][  0]LogConfig: Setting CVar [[r.VolumetricFog.GridPixelSize:8]]
[2022.08.23-13.58.00:546][  0]LogConfig: Setting CVar [[r.VolumetricFog.GridSizeZ:128]]
[2022.08.23-13.58.00:546][  0]LogConfig: Setting CVar [[r.VolumetricFog.HistoryMissSupersampleCount:4]]
[2022.08.23-13.58.00:546][  0]LogConfig: Setting CVar [[r.LightMaxDrawDistanceScale:1]]
[2022.08.23-13.58.00:546][  0]LogConfig: Setting CVar [[r.CapsuleShadows:1]]
[2022.08.23-13.58.00:546][  0]LogConfig: Applying CVar settings from Section [PostProcessQuality@3] File [D:/TankProject/Tankogeddon/Saved/Config/Windows/Scalability.ini]
[2022.08.23-13.58.00:546][  0]LogConfig: Setting CVar [[r.MotionBlurQuality:4]]
[2022.08.23-13.58.00:546][  0]LogConfig: Setting CVar [[r.AmbientOcclusionMipLevelFactor:0.4]]
[2022.08.23-13.58.00:546][  0]LogConfig: Setting CVar [[r.AmbientOcclusionMaxQuality:100]]
[2022.08.23-13.58.00:546][  0]LogConfig: Setting CVar [[r.AmbientOcclusionLevels:-1]]
[2022.08.23-13.58.00:546][  0]LogConfig: Setting CVar [[r.AmbientOcclusionRadiusScale:1.0]]
[2022.08.23-13.58.00:547][  0]LogConfig: Setting CVar [[r.DepthOfFieldQuality:2]]
[2022.08.23-13.58.00:547][  0]LogConfig: Setting CVar [[r.RenderTargetPoolMin:400]]
[2022.08.23-13.58.00:547][  0]LogConfig: Setting CVar [[r.LensFlareQuality:2]]
[2022.08.23-13.58.00:548][  0]LogConfig: Setting CVar [[r.SceneColorFringeQuality:1]]
[2022.08.23-13.58.00:548][  0]LogConfig: Setting CVar [[r.EyeAdaptationQuality:2]]
[2022.08.23-13.58.00:548][  0]LogConfig: Setting CVar [[r.BloomQuality:5]]
[2022.08.23-13.58.00:548][  0]LogConfig: Setting CVar [[r.FastBlurThreshold:100]]
[2022.08.23-13.58.00:549][  0]LogConfig: Setting CVar [[r.Upscale.Quality:3]]
[2022.08.23-13.58.00:549][  0]LogConfig: Setting CVar [[r.Tonemapper.GrainQuantization:1]]
[2022.08.23-13.58.00:549][  0]LogConfig: Setting CVar [[r.LightShaftQuality:1]]
[2022.08.23-13.58.00:549][  0]LogConfig: Setting CVar [[r.Filter.SizeScale:1]]
[2022.08.23-13.58.00:549][  0]LogConfig: Setting CVar [[r.Tonemapper.Quality:5]]
[2022.08.23-13.58.00:549][  0]LogConfig: Setting CVar [[r.DOF.Gather.AccumulatorQuality:1        ; higher gathering accumulator quality]]
[2022.08.23-13.58.00:549][  0]LogConfig: Setting CVar [[r.DOF.Gather.PostfilterMethod:1          ; Median3x3 postfilering method]]
[2022.08.23-13.58.00:549][  0]LogConfig: Setting CVar [[r.DOF.Gather.EnableBokehSettings:0       ; no bokeh simulation when gathering]]
[2022.08.23-13.58.00:549][  0]LogConfig: Setting CVar [[r.DOF.Gather.RingCount:4                 ; medium number of samples when gathering]]
[2022.08.23-13.58.00:549][  0]LogConfig: Setting CVar [[r.DOF.Scatter.ForegroundCompositing:1    ; additive foreground scattering]]
[2022.08.23-13.58.00:549][  0]LogConfig: Setting CVar [[r.DOF.Scatter.BackgroundCompositing:2    ; additive background scattering]]
[2022.08.23-13.58.00:550][  0]LogConfig: Setting CVar [[r.DOF.Scatter.EnableBokehSettings:1      ; bokeh simulation when scattering]]
[2022.08.23-13.58.00:550][  0]LogConfig: Setting CVar [[r.DOF.Scatter.MaxSpriteRatio:0.1         ; only a maximum of 10% of scattered bokeh]]
[2022.08.23-13.58.00:550][  0]LogConfig: Setting CVar [[r.DOF.Recombine.Quality:1                ; cheap slight out of focus]]
[2022.08.23-13.58.00:550][  0]LogConfig: Setting CVar [[r.DOF.Recombine.EnableBokehSettings:0    ; no bokeh simulation on slight out of focus]]
[2022.08.23-13.58.00:550][  0]LogConfig: Setting CVar [[r.DOF.TemporalAAQuality:1                ; more stable temporal accumulation]]
[2022.08.23-13.58.00:551][  0]LogConfig: Setting CVar [[r.DOF.Kernel.MaxForegroundRadius:0.025]]
[2022.08.23-13.58.00:551][  0]LogConfig: Setting CVar [[r.DOF.Kernel.MaxBackgroundRadius:0.025]]
[2022.08.23-13.58.00:551][  0]LogConfig: Applying CVar settings from Section [TextureQuality@3] File [D:/TankProject/Tankogeddon/Saved/Config/Windows/Scalability.ini]
[2022.08.23-13.58.00:551][  0]LogConfig: Setting CVar [[r.Streaming.MipBias:0]]
[2022.08.23-13.58.00:551][  0]LogConfig: Setting CVar [[r.Streaming.AmortizeCPUToGPUCopy:0]]
[2022.08.23-13.58.00:551][  0]LogConfig: Setting CVar [[r.Streaming.MaxNumTexturesToStreamPerFrame:0]]
[2022.08.23-13.58.00:551][  0]LogConfig: Setting CVar [[r.Streaming.Boost:1]]
[2022.08.23-13.58.00:551][  0]LogConfig: Setting CVar [[r.MaxAnisotropy:8]]
[2022.08.23-13.58.00:551][  0]LogConfig: Setting CVar [[r.VT.MaxAnisotropy:8]]
[2022.08.23-13.58.00:551][  0]LogConfig: Setting CVar [[r.Streaming.LimitPoolSizeToVRAM:0]]
[2022.08.23-13.58.00:551][  0]LogConfig: Setting CVar [[r.Streaming.PoolSize:1000]]
[2022.08.23-13.58.00:551][  0]LogConfig: Setting CVar [[r.Streaming.MaxEffectiveScreenSize:0]]
[2022.08.23-13.58.00:551][  0]LogConfig: Applying CVar settings from Section [EffectsQuality@3] File [D:/TankProject/Tankogeddon/Saved/Config/Windows/Scalability.ini]
[2022.08.23-13.58.00:551][  0]LogConfig: Setting CVar [[r.TranslucencyLightingVolumeDim:64]]
[2022.08.23-13.58.00:552][  0]LogConfig: Setting CVar [[r.RefractionQuality:2]]
[2022.08.23-13.58.00:552][  0]LogConfig: Setting CVar [[r.SSR.Quality:3]]
[2022.08.23-13.58.00:552][  0]LogConfig: Setting CVar [[r.SSR.HalfResSceneColor:0]]
[2022.08.23-13.58.00:552][  0]LogConfig: Setting CVar [[r.SceneColorFormat:4]]
[2022.08.23-13.58.00:552][  0]LogConfig: Setting CVar [[r.DetailMode:2]]
[2022.08.23-13.58.00:552][  0]LogConfig: Setting CVar [[r.TranslucencyVolumeBlur:1]]
[2022.08.23-13.58.00:552][  0]LogConfig: Setting CVar [[r.MaterialQualityLevel:1 ; High quality]]
[2022.08.23-13.58.00:552][  0]LogConfig: Setting CVar [[r.AnisotropicMaterials:1]]
[2022.08.23-13.58.00:552][  0]LogConfig: Setting CVar [[r.SSS.Scale:1]]
[2022.08.23-13.58.00:552][  0]LogConfig: Setting CVar [[r.SSS.SampleSet:2]]
[2022.08.23-13.58.00:552][  0]LogConfig: Setting CVar [[r.SSS.Quality:1]]
[2022.08.23-13.58.00:552][  0]LogConfig: Setting CVar [[r.SSS.HalfRes:0]]
[2022.08.23-13.58.00:552][  0]LogConfig: Setting CVar [[r.SSGI.Quality:3]]
[2022.08.23-13.58.00:552][  0]LogConfig: Setting CVar [[r.EmitterSpawnRateScale:1.0]]
[2022.08.23-13.58.00:553][  0]LogConfig: Setting CVar [[r.ParticleLightQuality:2]]
[2022.08.23-13.58.00:553][  0]LogConfig: Setting CVar [[r.SkyAtmosphere.AerialPerspectiveLUT.FastApplyOnOpaque:1 ; Always have FastSkyLUT 1 in this case to avoid wrong sky]]
[2022.08.23-13.58.00:553][  0]LogConfig: Setting CVar [[r.SkyAtmosphere.AerialPerspectiveLUT.SampleCountMaxPerSlice:4]]
[2022.08.23-13.58.00:553][  0]LogConfig: Setting CVar [[r.SkyAtmosphere.AerialPerspectiveLUT.DepthResolution:16.0]]
[2022.08.23-13.58.00:553][  0]LogConfig: Setting CVar [[r.SkyAtmosphere.FastSkyLUT:1]]
[2022.08.23-13.58.00:553][  0]LogConfig: Setting CVar [[r.SkyAtmosphere.FastSkyLUT.SampleCountMin:4.0]]
[2022.08.23-13.58.00:554][  0]LogConfig: Setting CVar [[r.SkyAtmosphere.FastSkyLUT.SampleCountMax:128.0]]
[2022.08.23-13.58.00:554][  0]LogConfig: Setting CVar [[r.SkyAtmosphere.SampleCountMin:4.0]]
[2022.08.23-13.58.00:554][  0]LogConfig: Setting CVar [[r.SkyAtmosphere.SampleCountMax:128.0]]
[2022.08.23-13.58.00:554][  0]LogConfig: Setting CVar [[r.SkyAtmosphere.TransmittanceLUT.UseSmallFormat:0]]
[2022.08.23-13.58.00:554][  0]LogConfig: Setting CVar [[r.SkyAtmosphere.TransmittanceLUT.SampleCount:10.0]]
[2022.08.23-13.58.00:554][  0]LogConfig: Setting CVar [[r.SkyAtmosphere.MultiScatteringLUT.SampleCount:15.0]]
[2022.08.23-13.58.00:554][  0]LogConfig: Setting CVar [[r.SkyLight.RealTimeReflectionCapture:1]]
[2022.08.23-13.58.00:554][  0]LogConfig: Applying CVar settings from Section [FoliageQuality@3] File [D:/TankProject/Tankogeddon/Saved/Config/Windows/Scalability.ini]
[2022.08.23-13.58.00:554][  0]LogConfig: Setting CVar [[foliage.DensityScale:1.0]]
[2022.08.23-13.58.00:554][  0]LogConfig: Setting CVar [[grass.DensityScale:1.0]]
[2022.08.23-13.58.00:554][  0]LogConfig: Applying CVar settings from Section [ShadingQuality@3] File [D:/TankProject/Tankogeddon/Saved/Config/Windows/Scalability.ini]
[2022.08.23-13.58.00:554][  0]LogConfig: Setting CVar [[r.HairStrands.SkyLighting.IntegrationType:2]]
[2022.08.23-13.58.00:554][  0]LogConfig: Setting CVar [[r.HairStrands.SkyAO.SampleCount:4]]
[2022.08.23-13.58.00:554][  0]LogConfig: Setting CVar [[r.HairStrands.Visibility.MSAA.SamplePerPixel:4]]
[2022.08.23-13.58.00:554][  0]LogInit: Selected Device Profile: [Windows]
[2022.08.23-13.58.00:554][  0]LogInit: Applying CVar settings loaded from the selected device profile: [Windows]
[2022.08.23-13.58.00:555][  0]LogHAL: Display: Platform has ~ 16 GB [17110405120 / 17179869184 / 16], which maps to Larger [LargestMinGB=32, LargerMinGB=12, DefaultMinGB=8, SmallerMinGB=6, SmallestMinGB=0)
[2022.08.23-13.58.00:555][  0]LogInit: Going up to parent DeviceProfile []
[2022.08.23-13.58.00:555][  0]LogConfig: Applying CVar settings from Section [ViewDistanceQuality@3] File [D:/TankProject/Tankogeddon/Saved/Config/Windows/Scalability.ini]
[2022.08.23-13.58.00:555][  0]LogConfig: Setting CVar [[r.SkeletalMeshLODBias:0]]
[2022.08.23-13.58.00:555][  0]LogConfig: Setting CVar [[r.ViewDistanceScale:1.0]]
[2022.08.23-13.58.00:555][  0]LogConfig: Applying CVar settings from Section [AntiAliasingQuality@3] File [D:/TankProject/Tankogeddon/Saved/Config/Windows/Scalability.ini]
[2022.08.23-13.58.00:555][  0]LogConfig: Setting CVar [[r.PostProcessAAQuality:4]]
[2022.08.23-13.58.00:555][  0]LogConfig: Applying CVar settings from Section [ShadowQuality@3] File [D:/TankProject/Tankogeddon/Saved/Config/Windows/Scalability.ini]
[2022.08.23-13.58.00:555][  0]LogConfig: Setting CVar [[r.LightFunctionQuality:1]]
[2022.08.23-13.58.00:556][  0]LogConfig: Setting CVar [[r.ShadowQuality:5]]
[2022.08.23-13.58.00:556][  0]LogConfig: Setting CVar [[r.Shadow.CSM.MaxCascades:10]]
[2022.08.23-13.58.00:556][  0]LogConfig: Setting CVar [[r.Shadow.MaxResolution:2048]]
[2022.08.23-13.58.00:556][  0]LogConfig: Setting CVar [[r.Shadow.MaxCSMResolution:2048]]
[2022.08.23-13.58.00:556][  0]LogConfig: Setting CVar [[r.Shadow.RadiusThreshold:0.01]]
[2022.08.23-13.58.00:556][  0]LogConfig: Setting CVar [[r.Shadow.DistanceScale:1.0]]
[2022.08.23-13.58.00:557][  0]LogConfig: Setting CVar [[r.Shadow.CSM.TransitionScale:1.0]]
[2022.08.23-13.58.00:557][  0]LogConfig: Setting CVar [[r.Shadow.PreShadowResolutionFactor:1.0]]
[2022.08.23-13.58.00:557][  0]LogConfig: Setting CVar [[r.DistanceFieldShadowing:1]]
[2022.08.23-13.58.00:557][  0]LogConfig: Setting CVar [[r.DistanceFieldAO:1]]
[2022.08.23-13.58.00:557][  0]LogConfig: Setting CVar [[r.AOQuality:2]]
[2022.08.23-13.58.00:557][  0]LogConfig: Setting CVar [[r.VolumetricFog:1]]
[2022.08.23-13.58.00:557][  0]LogConfig: Setting CVar [[r.VolumetricFog.GridPixelSize:8]]
[2022.08.23-13.58.00:557][  0]LogConfig: Setting CVar [[r.VolumetricFog.GridSizeZ:128]]
[2022.08.23-13.58.00:557][  0]LogConfig: Setting CVar [[r.VolumetricFog.HistoryMissSupersampleCount:4]]
[2022.08.23-13.58.00:557][  0]LogConfig: Setting CVar [[r.LightMaxDrawDistanceScale:1]]
[2022.08.23-13.58.00:557][  0]LogConfig: Setting CVar [[r.CapsuleShadows:1]]
[2022.08.23-13.58.00:557][  0]LogConfig: Applying CVar settings from Section [PostProcessQuality@3] File [D:/TankProject/Tankogeddon/Saved/Config/Windows/Scalability.ini]
[2022.08.23-13.58.00:557][  0]LogConfig: Setting CVar [[r.MotionBlurQuality:4]]
[2022.08.23-13.58.00:557][  0]LogConfig: Setting CVar [[r.AmbientOcclusionMipLevelFactor:0.4]]
[2022.08.23-13.58.00:557][  0]LogConfig: Setting CVar [[r.AmbientOcclusionMaxQuality:100]]
[2022.08.23-13.58.00:557][  0]LogConfig: Setting CVar [[r.AmbientOcclusionLevels:-1]]
[2022.08.23-13.58.00:557][  0]LogConfig: Setting CVar [[r.AmbientOcclusionRadiusScale:1.0]]
[2022.08.23-13.58.00:557][  0]LogConfig: Setting CVar [[r.DepthOfFieldQuality:2]]
[2022.08.23-13.58.00:557][  0]LogConfig: Setting CVar [[r.RenderTargetPoolMin:400]]
[2022.08.23-13.58.00:557][  0]LogConfig: Setting CVar [[r.LensFlareQuality:2]]
[2022.08.23-13.58.00:558][  0]LogConfig: Setting CVar [[r.SceneColorFringeQuality:1]]
[2022.08.23-13.58.00:558][  0]LogConfig: Setting CVar [[r.EyeAdaptationQuality:2]]
[2022.08.23-13.58.00:558][  0]LogConfig: Setting CVar [[r.BloomQuality:5]]
[2022.08.23-13.58.00:558][  0]LogConfig: Setting CVar [[r.FastBlurThreshold:100]]
[2022.08.23-13.58.00:558][  0]LogConfig: Setting CVar [[r.Upscale.Quality:3]]
[2022.08.23-13.58.00:558][  0]LogConfig: Setting CVar [[r.Tonemapper.GrainQuantization:1]]
[2022.08.23-13.58.00:558][  0]LogConfig: Setting CVar [[r.LightShaftQuality:1]]
[2022.08.23-13.58.00:558][  0]LogConfig: Setting CVar [[r.Filter.SizeScale:1]]
[2022.08.23-13.58.00:558][  0]LogConfig: Setting CVar [[r.Tonemapper.Quality:5]]
[2022.08.23-13.58.00:558][  0]LogConfig: Setting CVar [[r.DOF.Gather.AccumulatorQuality:1        ; higher gathering accumulator quality]]
[2022.08.23-13.58.00:558][  0]LogConfig: Setting CVar [[r.DOF.Gather.PostfilterMethod:1          ; Median3x3 postfilering method]]
[2022.08.23-13.58.00:558][  0]LogConfig: Setting CVar [[r.DOF.Gather.EnableBokehSettings:0       ; no bokeh simulation when gathering]]
[2022.08.23-13.58.00:558][  0]LogConfig: Setting CVar [[r.DOF.Gather.RingCount:4                 ; medium number of samples when gathering]]
[2022.08.23-13.58.00:558][  0]LogConfig: Setting CVar [[r.DOF.Scatter.ForegroundCompositing:1    ; additive foreground scattering]]
[2022.08.23-13.58.00:558][  0]LogConfig: Setting CVar [[r.DOF.Scatter.BackgroundCompositing:2    ; additive background scattering]]
[2022.08.23-13.58.00:558][  0]LogConfig: Setting CVar [[r.DOF.Scatter.EnableBokehSettings:1      ; bokeh simulation when scattering]]
[2022.08.23-13.58.00:558][  0]LogConfig: Setting CVar [[r.DOF.Scatter.MaxSpriteRatio:0.1         ; only a maximum of 10% of scattered bokeh]]
[2022.08.23-13.58.00:558][  0]LogConfig: Setting CVar [[r.DOF.Recombine.Quality:1                ; cheap slight out of focus]]
[2022.08.23-13.58.00:558][  0]LogConfig: Setting CVar [[r.DOF.Recombine.EnableBokehSettings:0    ; no bokeh simulation on slight out of focus]]
[2022.08.23-13.58.00:558][  0]LogConfig: Setting CVar [[r.DOF.TemporalAAQuality:1                ; more stable temporal accumulation]]
[2022.08.23-13.58.00:559][  0]LogConfig: Setting CVar [[r.DOF.Kernel.MaxForegroundRadius:0.025]]
[2022.08.23-13.58.00:559][  0]LogConfig: Setting CVar [[r.DOF.Kernel.MaxBackgroundRadius:0.025]]
[2022.08.23-13.58.00:559][  0]LogConfig: Applying CVar settings from Section [TextureQuality@3] File [D:/TankProject/Tankogeddon/Saved/Config/Windows/Scalability.ini]
[2022.08.23-13.58.00:559][  0]LogConfig: Setting CVar [[r.Streaming.MipBias:0]]
[2022.08.23-13.58.00:559][  0]LogConfig: Setting CVar [[r.Streaming.AmortizeCPUToGPUCopy:0]]
[2022.08.23-13.58.00:559][  0]LogConfig: Setting CVar [[r.Streaming.MaxNumTexturesToStreamPerFrame:0]]
[2022.08.23-13.58.00:559][  0]LogConfig: Setting CVar [[r.Streaming.Boost:1]]
[2022.08.23-13.58.00:559][  0]LogConfig: Setting CVar [[r.MaxAnisotropy:8]]
[2022.08.23-13.58.00:559][  0]LogConfig: Setting CVar [[r.VT.MaxAnisotropy:8]]
[2022.08.23-13.58.00:559][  0]LogConfig: Setting CVar [[r.Streaming.LimitPoolSizeToVRAM:0]]
[2022.08.23-13.58.00:559][  0]LogConfig: Setting CVar [[r.Streaming.PoolSize:1000]]
[2022.08.23-13.58.00:559][  0]LogConfig: Setting CVar [[r.Streaming.MaxEffectiveScreenSize:0]]
[2022.08.23-13.58.00:559][  0]LogConfig: Applying CVar settings from Section [EffectsQuality@3] File [D:/TankProject/Tankogeddon/Saved/Config/Windows/Scalability.ini]
[2022.08.23-13.58.00:559][  0]LogConfig: Setting CVar [[r.TranslucencyLightingVolumeDim:64]]
[2022.08.23-13.58.00:559][  0]LogConfig: Setting CVar [[r.RefractionQuality:2]]
[2022.08.23-13.58.00:560][  0]LogConfig: Setting CVar [[r.SSR.Quality:3]]
[2022.08.23-13.58.00:560][  0]LogConfig: Setting CVar [[r.SSR.HalfResSceneColor:0]]
[2022.08.23-13.58.00:560][  0]LogConfig: Setting CVar [[r.SceneColorFormat:4]]
[2022.08.23-13.58.00:560][  0]LogConfig: Setting CVar [[r.DetailMode:2]]
[2022.08.23-13.58.00:560][  0]LogConfig: Setting CVar [[r.TranslucencyVolumeBlur:1]]
[2022.08.23-13.58.00:560][  0]LogConfig: Setting CVar [[r.MaterialQualityLevel:1 ; High quality]]
[2022.08.23-13.58.00:560][  0]LogConfig: Setting CVar [[r.AnisotropicMaterials:1]]
[2022.08.23-13.58.00:561][  0]LogConfig: Setting CVar [[r.SSS.Scale:1]]
[2022.08.23-13.58.00:561][  0]LogConfig: Setting CVar [[r.SSS.SampleSet:2]]
[2022.08.23-13.58.00:561][  0]LogConfig: Setting CVar [[r.SSS.Quality:1]]
[2022.08.23-13.58.00:561][  0]LogConfig: Setting CVar [[r.SSS.HalfRes:0]]
[2022.08.23-13.58.00:561][  0]LogConfig: Setting CVar [[r.SSGI.Quality:3]]
[2022.08.23-13.58.00:561][  0]LogConfig: Setting CVar [[r.EmitterSpawnRateScale:1.0]]
[2022.08.23-13.58.00:561][  0]LogConfig: Setting CVar [[r.ParticleLightQuality:2]]
[2022.08.23-13.58.00:561][  0]LogConfig: Setting CVar [[r.SkyAtmosphere.AerialPerspectiveLUT.FastApplyOnOpaque:1 ; Always have FastSkyLUT 1 in this case to avoid wrong sky]]
[2022.08.23-13.58.00:561][  0]LogConfig: Setting CVar [[r.SkyAtmosphere.AerialPerspectiveLUT.SampleCountMaxPerSlice:4]]
[2022.08.23-13.58.00:561][  0]LogConfig: Setting CVar [[r.SkyAtmosphere.AerialPerspectiveLUT.DepthResolution:16.0]]
[2022.08.23-13.58.00:561][  0]LogConfig: Setting CVar [[r.SkyAtmosphere.FastSkyLUT:1]]
[2022.08.23-13.58.00:561][  0]LogConfig: Setting CVar [[r.SkyAtmosphere.FastSkyLUT.SampleCountMin:4.0]]
[2022.08.23-13.58.00:561][  0]LogConfig: Setting CVar [[r.SkyAtmosphere.FastSkyLUT.SampleCountMax:128.0]]
[2022.08.23-13.58.00:561][  0]LogConfig: Setting CVar [[r.SkyAtmosphere.SampleCountMin:4.0]]
[2022.08.23-13.58.00:561][  0]LogConfig: Setting CVar [[r.SkyAtmosphere.SampleCountMax:128.0]]
[2022.08.23-13.58.00:561][  0]LogConfig: Setting CVar [[r.SkyAtmosphere.TransmittanceLUT.UseSmallFormat:0]]
[2022.08.23-13.58.00:561][  0]LogConfig: Setting CVar [[r.SkyAtmosphere.TransmittanceLUT.SampleCount:10.0]]
[2022.08.23-13.58.00:562][  0]LogConfig: Setting CVar [[r.SkyAtmosphere.MultiScatteringLUT.SampleCount:15.0]]
[2022.08.23-13.58.00:562][  0]LogConfig: Setting CVar [[r.SkyLight.RealTimeReflectionCapture:1]]
[2022.08.23-13.58.00:562][  0]LogConfig: Applying CVar settings from Section [FoliageQuality@3] File [D:/TankProject/Tankogeddon/Saved/Config/Windows/Scalability.ini]
[2022.08.23-13.58.00:562][  0]LogConfig: Setting CVar [[foliage.DensityScale:1.0]]
[2022.08.23-13.58.00:562][  0]LogConfig: Setting CVar [[grass.DensityScale:1.0]]
[2022.08.23-13.58.00:562][  0]LogConfig: Applying CVar settings from Section [ShadingQuality@3] File [D:/TankProject/Tankogeddon/Saved/Config/Windows/Scalability.ini]
[2022.08.23-13.58.00:562][  0]LogConfig: Setting CVar [[r.HairStrands.SkyLighting.IntegrationType:2]]
[2022.08.23-13.58.00:562][  0]LogConfig: Setting CVar [[r.HairStrands.SkyAO.SampleCount:4]]
[2022.08.23-13.58.00:562][  0]LogConfig: Setting CVar [[r.HairStrands.Visibility.MSAA.SamplePerPixel:4]]
[2022.08.23-13.58.00:562][  0]LogConfig: Applying CVar settings from Section [Startup] File [../../../Engine/Config/ConsoleVariables.ini]
[2022.08.23-13.58.00:563][  0]LogConfig: Setting CVar [[net.UseAdaptiveNetUpdateFrequency:0]]
[2022.08.23-13.58.00:563][  0]LogConfig: Setting CVar [[p.chaos.AllowCreatePhysxBodies:1]]
[2022.08.23-13.58.00:563][  0]LogConfig: Setting CVar [[fx.SkipVectorVMBackendOptimizations:1]]
[2022.08.23-13.58.00:563][  0]LogConfig: Applying CVar settings from Section [ConsoleVariables] File [D:/TankProject/Tankogeddon/Saved/Config/Windows/Engine.ini]
[2022.08.23-13.58.00:563][  0]LogConfig: Applying CVar settings from Section [ConsoleVariables] File [D:/TankProject/Tankogeddon/Saved/Config/Windows/Editor.ini]
[2022.08.23-13.58.00:563][  0]LogInit: Computer: ROMA-DURAK
[2022.08.23-13.58.00:564][  0]LogInit: User: 1
[2022.08.23-13.58.00:564][  0]LogInit: CPU Page size=4096, Cores=6
[2022.08.23-13.58.00:564][  0]LogInit: High frequency timer resolution =10.000000 MHz
[2022.08.23-13.58.00:564][  0]LogMemory: Memory total: Physical=15.9GB (16GB approx)
[2022.08.23-13.58.00:564][  0]LogMemory: Platform Memory Stats for Windows
[2022.08.23-13.58.00:564][  0]LogMemory: Process Physical Memory: 143.64 MB used, 143.64 MB peak
[2022.08.23-13.58.00:564][  0]LogMemory: Process Virtual Memory: 115.13 MB used, 115.13 MB peak
[2022.08.23-13.58.00:564][  0]LogMemory: Physical Memory: 11318.52 MB used,  4999.24 MB free, 16317.75 MB total
[2022.08.23-13.58.00:564][  0]LogMemory: Virtual Memory: 134211680.00 MB used,  6045.59 MB free, 134217728.00 MB total
[2022.08.23-13.58.00:581][  0]LogWindows: WindowsPlatformFeatures enabled
[2022.08.23-13.58.00:811][  0]LogInit: Physics initialised using underlying interface: PhysX
[2022.08.23-13.58.00:813][  0]LogInit: Using OS detected language (ru-RU).
[2022.08.23-13.58.00:813][  0]LogInit: Using OS detected locale (ru-RU).
[2022.08.23-13.58.00:815][  0]LogTextLocalizationManager: No specific localization for 'ru-RU' exists, so the 'ru' localization will be used.
[2022.08.23-13.58.00:816][  0]LogTextLocalizationResource: LocRes '../../../Engine/Content/Localization/Editor/ru/Editor.locres' could not be opened for reading!
[2022.08.23-13.58.00:816][  0]LogTextLocalizationResource: LocRes '../../../Engine/Content/Localization/EditorTutorials/ru/EditorTutorials.locres' could not be opened for reading!
[2022.08.23-13.58.00:817][  0]LogTextLocalizationResource: LocRes '../../../Engine/Content/Localization/Keywords/ru/Keywords.locres' could not be opened for reading!
[2022.08.23-13.58.00:817][  0]LogTextLocalizationResource: LocRes '../../../Engine/Content/Localization/Category/ru/Category.locres' could not be opened for reading!
[2022.08.23-13.58.00:819][  0]LogTextLocalizationResource: LocRes '../../../Engine/Content/Localization/ToolTips/ru/ToolTips.locres' could not be opened for reading!
[2022.08.23-13.58.00:819][  0]LogTextLocalizationResource: LocRes '../../../Engine/Content/Localization/PropertyNames/ru/PropertyNames.locres' could not be opened for reading!
[2022.08.23-13.58.00:819][  0]LogTextLocalizationResource: LocRes '../../../Engine/Content/Localization/Engine/ru/Engine.locres' could not be opened for reading!
[2022.08.23-13.58.00:820][  0]LogInit: Setting process to per monitor DPI aware
[2022.08.23-13.58.00:849][  0]LogWindowsTextInputMethodSystem: Display: IME system deactivated.
[2022.08.23-13.58.00:881][  0]LogSlate: New Slate User Created.  User Index 0, Is Virtual User: 0
[2022.08.23-13.58.00:882][  0]LogSlate: Slate User Registered.  User Index 0, Is Virtual User: 0
[2022.08.23-13.58.01:171][  0]LogD3D11RHI: Loaded GFSDK_Aftermath_Lib.x64.dll
[2022.08.23-13.58.01:187][  0]LogHMD: Failed to initialize OpenVR with code 110
[2022.08.23-13.58.01:188][  0]LogD3D11RHI: D3D11 min allowed feature level: 11_0
[2022.08.23-13.58.01:188][  0]LogD3D11RHI: D3D11 max allowed feature level: 11_0
[2022.08.23-13.58.01:188][  0]LogD3D11RHI: D3D11 adapters:
[2022.08.23-13.58.01:336][  0]LogD3D11RHI:    0. 'NVIDIA GeForce GTX 1060 3GB' (Feature Level 11_0)
[2022.08.23-13.58.01:336][  0]LogD3D11RHI:       2988/0/8158 MB DedicatedVideo/DedicatedSystem/SharedSystem, Outputs:1, VendorId:0x10de
[2022.08.23-13.58.01:343][  0]LogD3D11RHI:    1. 'Microsoft Basic Render Driver' (Feature Level 11_0)
[2022.08.23-13.58.01:343][  0]LogD3D11RHI:       0/0/8158 MB DedicatedVideo/DedicatedSystem/SharedSystem, Outputs:0, VendorId:0x1414
[2022.08.23-13.58.01:343][  0]LogD3D11RHI: Chosen D3D11 Adapter:
[2022.08.23-13.58.01:343][  0]LogD3D11RHI:     Description : NVIDIA GeForce GTX 1060 3GB
[2022.08.23-13.58.01:343][  0]LogD3D11RHI:     VendorId    : 10de
[2022.08.23-13.58.01:343][  0]LogD3D11RHI:     DeviceId    : 1c02
[2022.08.23-13.58.01:343][  0]LogD3D11RHI:     SubSysId    : 37221458
[2022.08.23-13.58.01:343][  0]LogD3D11RHI:     Revision    : 00a1
[2022.08.23-13.58.01:343][  0]LogD3D11RHI:     DedicatedVideoMemory : 3133145088 bytes
[2022.08.23-13.58.01:343][  0]LogD3D11RHI:     DedicatedSystemMemory : 0 bytes
[2022.08.23-13.58.01:343][  0]LogD3D11RHI:     SharedSystemMemory : 8555202560 bytes
[2022.08.23-13.58.01:343][  0]LogD3D11RHI:     AdapterLuid : 0 38814
[2022.08.23-13.58.01:354][  0]LogD3D11RHI: Creating new Direct3DDevice
[2022.08.23-13.58.01:354][  0]LogD3D11RHI:     GPU DeviceId: 0x1c02 (for the marketing name, search the web for "GPU Device Id")
[2022.08.23-13.58.01:354][  0]LogWindows: EnumDisplayDevices:
[2022.08.23-13.58.01:355][  0]LogWindows:    0. 'NVIDIA GeForce GTX 1060 3GB' (P:1 D:1)
[2022.08.23-13.58.01:355][  0]LogWindows:    1. 'NVIDIA GeForce GTX 1060 3GB' (P:0 D:0)
[2022.08.23-13.58.01:355][  0]LogWindows:    2. 'NVIDIA GeForce GTX 1060 3GB' (P:0 D:0)
[2022.08.23-13.58.01:356][  0]LogWindows:    3. 'NVIDIA GeForce GTX 1060 3GB' (P:0 D:0)
[2022.08.23-13.58.01:356][  0]LogWindows: DebugString: FoundDriverCount:4 
[2022.08.23-13.58.01:356][  0]LogD3D11RHI:     Adapter Name: NVIDIA GeForce GTX 1060 3GB
[2022.08.23-13.58.01:356][  0]LogD3D11RHI:   Driver Version: 511.23 (internal:30.0.15.1123, unified:511.23)
[2022.08.23-13.58.01:356][  0]LogD3D11RHI:      Driver Date: 1-10-2022
[2022.08.23-13.58.01:356][  0]LogRHI: Texture pool is 2091 MB (70% of 2988 MB)
[2022.08.23-13.58.01:356][  0]LogD3D11RHI: Creating D3DDevice using adapter:
[2022.08.23-13.58.01:356][  0]LogD3D11RHI:     Description : NVIDIA GeForce GTX 1060 3GB
[2022.08.23-13.58.01:356][  0]LogD3D11RHI:     VendorId    : 10de
[2022.08.23-13.58.01:356][  0]LogD3D11RHI:     DeviceId    : 1c02
[2022.08.23-13.58.01:356][  0]LogD3D11RHI:     SubSysId    : 37221458
[2022.08.23-13.58.01:356][  0]LogD3D11RHI:     Revision    : 00a1
[2022.08.23-13.58.01:356][  0]LogD3D11RHI:     DedicatedVideoMemory : 3133145088 bytes
[2022.08.23-13.58.01:356][  0]LogD3D11RHI:     DedicatedSystemMemory : 0 bytes
[2022.08.23-13.58.01:356][  0]LogD3D11RHI:     SharedSystemMemory : 8555202560 bytes
[2022.08.23-13.58.01:356][  0]LogD3D11RHI:     AdapterLuid : 0 38814
[2022.08.23-13.58.01:427][  0]LogD3D11RHI: RHI has support for 64 bit atomics
[2022.08.23-13.58.01:427][  0]LogD3D11RHI: Async texture creation enabled
[2022.08.23-13.58.01:427][  0]LogD3D11RHI: Array index from any shader is supported
[2022.08.23-13.58.01:429][  0]LogD3D11RHI: HDR output is supported on display 0 (NvId: 0x80061082).
[2022.08.23-13.58.01:460][  0]LogD3D11RHI: GPU Timing Frequency: 1000.000000 (Debug: 2 2)
[2022.08.23-13.58.01:543][  0]LogRHI: GeForceNow SDK initialized: 1
[2022.08.23-13.58.01:924][  0]LogTargetPlatformManager: Display: Loaded TargetPlatform 'AllDesktop'
[2022.08.23-13.58.01:962][  0]LogTargetPlatformManager: Display: Loaded TargetPlatform 'Android'
[2022.08.23-13.58.01:964][  0]LogTargetPlatformManager: Display: Loaded TargetPlatform 'Android_ASTC'
[2022.08.23-13.58.01:966][  0]LogTargetPlatformManager: Display: Loaded TargetPlatform 'Android_DXT'
[2022.08.23-13.58.01:966][  0]LogTargetPlatformManager: Display: Loaded TargetPlatform 'Android_ETC2'
[2022.08.23-13.58.01:966][  0]LogTargetPlatformManager: Display: Loaded TargetPlatform 'AndroidClient'
[2022.08.23-13.58.01:966][  0]LogTargetPlatformManager: Display: Loaded TargetPlatform 'Android_ASTCClient'
[2022.08.23-13.58.01:966][  0]LogTargetPlatformManager: Display: Loaded TargetPlatform 'Android_DXTClient'
[2022.08.23-13.58.01:966][  0]LogTargetPlatformManager: Display: Loaded TargetPlatform 'Android_ETC2Client'
[2022.08.23-13.58.01:966][  0]LogTargetPlatformManager: Display: Loaded TargetPlatform 'Android_Multi'
[2022.08.23-13.58.01:966][  0]LogTargetPlatformManager: Display: Loaded TargetPlatform 'Android_MultiClient'
[2022.08.23-13.58.02:019][  0]LogTargetPlatformManager: Display: Loaded TargetPlatform 'IOSClient'
[2022.08.23-13.58.02:019][  0]LogTargetPlatformManager: Display: Loaded TargetPlatform 'IOS'
[2022.08.23-13.58.02:039][  0]LogTargetPlatformManager: Display: Loaded TargetPlatform 'Linux'
[2022.08.23-13.58.02:056][  0]LogTargetPlatformManager: Display: Loaded TargetPlatform 'LinuxNoEditor'
[2022.08.23-13.58.02:069][  0]LogTargetPlatformManager: Display: Loaded TargetPlatform 'LinuxClient'
[2022.08.23-13.58.02:082][  0]LogTargetPlatformManager: Display: Loaded TargetPlatform 'LinuxServer'
[2022.08.23-13.58.02:100][  0]LogTargetPlatformManager: Display: Loaded TargetPlatform 'LinuxAArch64NoEditor'
[2022.08.23-13.58.02:111][  0]LogTargetPlatformManager: Display: Loaded TargetPlatform 'LinuxAArch64Client'
[2022.08.23-13.58.02:123][  0]LogTargetPlatformManager: Display: Loaded TargetPlatform 'LinuxAArch64Server'
[2022.08.23-13.58.02:166][  0]LogTargetPlatformManager: Display: Loaded TargetPlatform 'Lumin'
[2022.08.23-13.58.02:166][  0]LogTargetPlatformManager: Display: Loaded TargetPlatform 'LuminClient'
[2022.08.23-13.58.02:191][  0]LogTargetPlatformManager: Display: Loaded TargetPlatform 'MacNoEditor'
[2022.08.23-13.58.02:207][  0]LogTargetPlatformManager: Display: Loaded TargetPlatform 'Mac'
[2022.08.23-13.58.02:221][  0]LogTargetPlatformManager: Display: Loaded TargetPlatform 'MacClient'
[2022.08.23-13.58.02:237][  0]LogTargetPlatformManager: Display: Loaded TargetPlatform 'MacServer'
[2022.08.23-13.58.02:253][  0]LogTargetPlatformManager: Display: Loaded TargetPlatform 'TVOSClient'
[2022.08.23-13.58.02:253][  0]LogTargetPlatformManager: Display: Loaded TargetPlatform 'TVOS'
[2022.08.23-13.58.02:280][  0]LogTargetPlatformManager: Display: Loaded TargetPlatform 'WindowsNoEditor'
[2022.08.23-13.58.02:302][  0]LogTargetPlatformManager: Display: Loaded TargetPlatform 'Windows'
[2022.08.23-13.58.02:317][  0]LogTargetPlatformManager: Display: Loaded TargetPlatform 'WindowsClient'
[2022.08.23-13.58.02:336][  0]LogTargetPlatformManager: Display: Loaded TargetPlatform 'WindowsServer'
[2022.08.23-13.58.02:336][  0]LogTargetPlatformManager: Display: Building Assets For Windows
[2022.08.23-13.58.02:385][  0]LogAudioDebug: Display: Lib vorbis DLL was dynamically loaded.
[2022.08.23-13.58.02:545][  0]LogTextureFormatOodle: Display: Oodle Texture 2.9.0 init RDO Off
[2022.08.23-13.58.02:737][  0]LogRendererCore: Ray tracing is disabled. Reason: r.RayTracing=0.
[2022.08.23-13.58.02:739][  0]LogShaderCompilers: Guid format shader working directory is 5 characters bigger than the processId version (../../../../../TankProject/Tankogeddon/Intermediate/Shaders/WorkingDirectory/388/).
[2022.08.23-13.58.02:740][  0]LogShaderCompilers: Cleaned the shader compiler working directory 'C:/Users/1/AppData/Local/Temp/UnrealShaderWorkingDir/287C8DFA4FEAFEF19C5D73A24A26E857/'.
[2022.08.23-13.58.02:741][  0]LogXGEController: Cannot use XGE Controller as Incredibuild is not installed on this machine.
[2022.08.23-13.58.02:741][  0]LogShaderCompilers: Cannot use XGE Shader Compiler as Incredibuild is not installed on this machine.
[2022.08.23-13.58.02:741][  0]LogShaderCompilers: Display: Using Local Shader Compiler.
[2022.08.23-13.58.03:684][  0]LogDerivedDataCache: Display: Max Cache Size: 512 MB
[2022.08.23-13.58.03:791][  0]LogDerivedDataCache: Loaded boot cache 0.11s 94MB C:/Users/1/AppData/Local/UnrealEngine/4.27/DerivedDataCache/Boot.ddc.
[2022.08.23-13.58.03:793][  0]LogDerivedDataCache: Display: Loaded Boot cache: C:/Users/1/AppData/Local/UnrealEngine/4.27/DerivedDataCache/Boot.ddc
[2022.08.23-13.58.03:793][  0]LogDerivedDataCache: FDerivedDataBackendGraph:  Pak pak cache file ../../../../../TankProject/Tankogeddon/DerivedDataCache/DDC.ddp not found, will not use a pak cache.
[2022.08.23-13.58.03:793][  0]LogDerivedDataCache: Unable to find inner node Pak for hierarchical cache Hierarchy.
[2022.08.23-13.58.03:793][  0]LogDerivedDataCache: FDerivedDataBackendGraph:  CompressedPak pak cache file ../../../../../TankProject/Tankogeddon/DerivedDataCache/Compressed.ddp not found, will not use a pak cache.
[2022.08.23-13.58.03:793][  0]LogDerivedDataCache: Unable to find inner node CompressedPak for hierarchical cache Hierarchy.
[2022.08.23-13.58.03:813][  0]LogDerivedDataCache: Display: Pak cache opened for reading ../../../Engine/DerivedDataCache/Compressed.ddp.
[2022.08.23-13.58.03:813][  0]LogDerivedDataCache: FDerivedDataBackendGraph:  EnterprisePak pak cache file ../../../Enterprise/DerivedDataCache/Compressed.ddp not found, will not use a pak cache.
[2022.08.23-13.58.03:813][  0]LogDerivedDataCache: Unable to find inner node EnterprisePak for hierarchical cache Hierarchy.
[2022.08.23-13.58.03:820][  0]LogDerivedDataCache: Speed tests for C:/Users/1/AppData/Local/UnrealEngine/Common/DerivedDataCache took 0.01 seconds
[2022.08.23-13.58.03:821][  0]LogDerivedDataCache: Display: Performance to C:/Users/1/AppData/Local/UnrealEngine/Common/DerivedDataCache: Latency=0.03ms. RandomReadSpeed=1101.92MBs, RandomWriteSpeed=149.40MBs. Assigned SpeedClass 'Local'
[2022.08.23-13.58.03:822][  0]LogDerivedDataCache: Using Local data cache path C:/Users/1/AppData/Local/UnrealEngine/Common/DerivedDataCache: Writable
[2022.08.23-13.58.03:822][  0]LogDerivedDataCache: Shared data cache path not found in *engine.ini, will not use an Shared cache.
[2022.08.23-13.58.03:822][  0]LogDerivedDataCache: Unable to find inner node Shared for hierarchical cache Hierarchy.
[2022.08.23-13.58.03:882][  0]LogSlate: Using FreeType 2.10.0
[2022.08.23-13.58.03:884][  0]LogSlate: SlateFontServices - WITH_FREETYPE: 1, WITH_HARFBUZZ: 1
[2022.08.23-13.58.03:940][  0]LogAssetRegistry: FAssetRegistry took 0.0056 seconds to start up
[2022.08.23-13.58.04:238][  0]LogInit: Selected Device Profile: [Windows]
[2022.08.23-13.58.04:238][  0]LogInit: Active device profile: [000002605EAF2E00][000002605C39A6C0 49] Windows
[2022.08.23-13.58.04:239][  0]LogInit: Profiles: [000002605EAF2E00][000002605C39A6C0 49] Windows, [000002605EA85B00][000002605447C800 49] WindowsNoEditor, [000002605EAF2100][0000026054480940 49] WindowsServer, [000002605EA86700][0000026054484A80 49] WindowsClient, [000002605EAF1B00][000002605E68ABC0 49] IOS, [000002605EA84A00][000002605E692D40 49] iPadAir, [000002605EAF3000][000002605E696EC0 49] iPadAir2, [000002605EA41000][000002605E69F180 49] IPadPro, [000002605EA41100][000002605E69B1C0 49] iPadAir3, [000002605EA87900][000002605E6A3340 49] iPadAir4, [000002605EA41D00][000002605E6A74C0 49] iPadMini2, [000002605EA86F00][000002605E6AB640 49] iPadMini3, [000002605EA42700][000002605E6AF7C0 49] iPadMini4, [000002605EA86400][000002605E6B3940 49] iPadMini5, [000002605EA48900][000002605E6BBC00 49] iPhone6, [000002605EA48A00][000002605E6B60C0 49] iPodTouch6, [000002605EAF2D00][000002605E6C2380 49] iPhone7, [000002605EAF1400][000002605E6BE3C0 49] iPodTouch7, [000002605EA42800][000002605E6C6540 49] iPhone5S, [000002605EA40A00][000002605E6CA6C0 49] iPhone6Plus, [000002605EA4BC00][000002605E6CE840 49] iPhone6S, [000002605EA40800][000002605E68E980 49] iPhone6SPlus, [000002605EA4A400][000002605E6D2AC0 49] iPhone7Plus, [000002605EA40600][000002605E6D6C00 49] iPhoneSE, [000002605EA4A200][000002605E6DAD40 49] iPhone8, [000002605EA43C00][000002605E6E2EC0 49] iPhone8Plus, [000002605EA4A100][000002605E6E7040 49] iPhoneX, [000002605EA40F00][000002605E6EB1C0 49] iPhoneXS, [000002605EAF1600][000002605E6EF340 49] iPhoneXSMax, [000002605EA42500][000002605E6F34C0 49] iPhoneXR, [000002605EAF0800][000002605E6F7640 49] iPhone11, [000002605EA42300][000002605E6FB7C0 49] iPhone11Pro, [000002605EAF1100][000002605E6FF940 49] iPhone11ProMax, [000002605EA40300][000002605E703AC0 49] iPhoneSE2, [000002605EAF0E00][000002605E7060C0 49] iPhone12Mini, [000002605EA43A00][000002605E70A240 49] iPhone12, [000002605EAF1A00][000002605E70E3C0 49] iPhone12Pro, [000002605EA40E00][000002605E712540 49] iPhone12ProMax, [000002605EAF2300][000002605E7166C0 49] iPadPro105, [000002605EA40500][000002605E71A840 49] iPadPro129, [000002605EAF3A00][000002605E71E9C0 49] iPadPro97, [000002605EA40100][000002605E722B40 49] iPadPro2_129, [000002605EAF1D00][000002605E6DEC80 49] iPad5, [000002605EA43B00][000002605E726DC0 49] iPad6, [000002605EAF2200][000002605E72AF00 49] iPad7, [000002605EA43000][000002605E733080 49] iPad8, [000002605EAF0A00][000002605E737200 49] iPadPro11, [000002605EA43700][000002605E73B380 49] iPadPro2_11, [000002605EAF2500][000002605E73F500 49] iPadPro3_129, [000002605EA40700][000002605E743680 49] iPadPro4_129, [000002605EAF3C00][000002605E747800 49] AppleTV, [000002605EA42D00][000002605E74B980 49] AppleTV4K, [000002605EAF1000][000002605E74FB00 49] TVOS, [000002605EA40C00][000002605E752100 49] Mac, [000002605EAF3900][000002605E756280 49] MacClient, [000002605EA42E00][000002605E75A400 49] MacNoEditor, [000002605EAF0900][000002605E75E580 49] MacServer, [000002605EA42900][000002605E762700 49] Linux, [000002605EAF3D00][000002605E766880 49] LinuxAArch64, [000002605EA41200][000002605E76AA00 49] LinuxNoEditor, [000002605EAF2000][000002605E76EB80 49] LinuxAArch64NoEditor, [000002605EA41F00][000002605E772D00 49] LinuxClient, [000002605EAF1800][000002605E72EE40 49] LinuxAArch64Client, [000002605EA41800][000002605E776F80 49] LinuxServer, [000002605EAF2700][000002605E77B0C0 49] LinuxAArch64Server, [000002605EA43500][000002605E783240 49] Android, [000002605EAF3400][000002605E7873C0 49] Android_Low, [000002605EA41B00][000002605E78B540 49] Android_Mid, [000002605EAF0400][000002605E78F6C0 49] Android_High, [000002605EA43300][000002605E793840 49] Android_Default, [000002605EAF2900][000002605E7979C0 49] Android_Adreno4xx, [000002605EA40B00][000002605E79BB40 49] Android_Adreno5xx_Low, [000002605EAF1200][000002605E79E140 49] Android_Adreno5xx, [000002605EA41900][000002605E7A22C0 49] Android_Adreno6xx, [000002605EA4A000][000002605E7A6440 49] Android_Adreno6xx_Vulkan, [000002605EA85700][000002605E7AA5C0 49] Android_Mali_T6xx, [000002605EA4BB00][000002605F7C0740 49] Android_Mali_T7xx, [000002605EA84E00][000002605F7C48C0 49] Android_Mali_T8xx, [000002605EA4A600][000002605F7C8A40 49] Android_Mali_G71, [000002605EA86100][000002605F7CCBC0 49] Android_Mali_G72, [000002605EA49C00][000002605F7D0D40 49] Android_Mali_G72_Vulkan, [000002605EA87000][000002605F7D4EC0 49] Android_Mali_G76, [000002605EA49100][000002605E77F000 49] Android_Mali_G76_Vulkan, [000002605EA85300][000002605F7D9140 49] Android_Mali_G77, [000002605EA48400][000002605F7DD280 49] Android_Mali_G77_Vulkan, [000002605EA87A00][000002605F7E13C0 49] Android_Mali_G78, [000002605EA4A500][000002605F7E9540 49] Android_Mali_G78_Vulkan, [000002605EA84600][000002605F7ED6C0 49] Android_Mali_G710, [000002605EA49700][000002605F7F1840 49] Android_Mali_G710_Vulkan, [000002605EA85600][000002605F7F59C0 49] Android_Vulkan_SM5, [000002605EA4A800][000002605F7F9B40 49] Android_PowerVR_G6xxx, [000002605EA85500][000002605F7FC140 49] Android_PowerVR_GT7xxx, [000002605EA4BF00][000002605F8002C0 49] Android_PowerVR_GE8xxx, [000002605EA86800][000002605F804440 49] Android_PowerVR_GM9xxx, [000002605EA49B00][000002605F8085C0 49] Android_PowerVR_GM9xxx_Vulkan, [000002605EA86D00][000002605F80C740 49] Android_TegraK1, [000002605EA4AF00][000002605F8108C0 49] Android_Unknown_Vulkan, [000002605EA87E00][000002605F814A40 49] Lumin, [000002605EA4AA00][000002605F818BC0 49] Lumin_Desktop, [000002605EA84100][000002605F81CD40 49] HoloLens, 
[2022.08.23-13.58.04:596][  0]LogMeshReduction: Using QuadricMeshReduction for automatic static mesh reduction
[2022.08.23-13.58.04:597][  0]LogMeshReduction: Using SimplygonMeshReduction for automatic skeletal mesh reduction
[2022.08.23-13.58.04:597][  0]LogMeshReduction: Using ProxyLODMeshReduction for automatic mesh merging
[2022.08.23-13.58.04:597][  0]LogMeshReduction: No distributed automatic mesh merging module available
[2022.08.23-13.58.04:597][  0]LogMeshMerging: No distributed automatic mesh merging module available
[2022.08.23-13.58.04:932][  0]LogNetVersion: Tankogeddon 1.0.0, NetCL: 17155196, EngineNetVer: 17, GameNetVer: 0 (Checksum: 3665955934)
[2022.08.23-13.58.08:828][  0]LogTexture: Default maximum texture size for cubemaps generated from long-lat sources has been changed from 512 to unlimited. In order to preserve old behaiour for '/Engine/MapTemplates/Sky/DaylightAmbientCubemap.DaylightAmbientCubemap', its maximum texture size has been explicitly set to 512.
[2022.08.23-13.58.09:146][  0]LogHMD: PokeAHoleMaterial loaded successfully
[2022.08.23-13.58.09:153][  0]LogUObjectArray: 17178 objects as part of root set at end of initial load.
[2022.08.23-13.58.09:154][  0]LogUObjectAllocator: 4302048 out of 0 bytes used by permanent object pool.
[2022.08.23-13.58.09:154][  0]LogUObjectArray: CloseDisregardForGC: 0/0 objects in disregard for GC pool
[2022.08.23-13.58.15:951][  0]LogPython: Using Python 3.7.7
[2022.08.23-13.58.17:764][  0]LogNiagaraDebuggerClient: Niagara Debugger Client Initialized | Session: 7F739691402B050FD550FE944DD84CE1 | Instance: BE793D1A4CC978F6222124984EE16E52 (ROMA-DURAK-388).
[2022.08.23-13.58.21:555][  0]LogTcpMessaging: Initializing TcpMessaging bridge
[2022.08.23-13.58.21:648][  0]LogUdpMessaging: Initializing bridge on interface 0.0.0.0:0 to multicast group 230.0.0.1:6666.
[2022.08.23-13.58.26:225][  0]SourceControl: Source control is disabled
[2022.08.23-13.58.26:226][  0]SourceControl: Source control is disabled
[2022.08.23-13.58.26:311][  0]SourceControl: Source control is disabled
[2022.08.23-13.58.26:557][  0]SourceControl: Source control is disabled
[2022.08.23-13.58.26:913][  0]SourceControl: Source control is disabled
[2022.08.23-13.58.27:045][  0]LogUProjectInfo: Found projects:
[2022.08.23-13.58.31:979][  0]LogOpenImageDenoise: OIDN starting up
[2022.08.23-13.58.33:375][  0]LogAndroidPermission: UAndroidPermissionCallbackProxy::GetInstance
[2022.08.23-13.58.34:008][  0]LogAudioCaptureCore: Display: No Audio Capture implementations found. Audio input will be silent.
[2022.08.23-13.58.34:009][  0]LogAudioCaptureCore: Display: No Audio Capture implementations found. Audio input will be silent.
[2022.08.23-13.58.36:589][  0]LogCollectionManager: Loaded 0 collections in 0.001252 seconds
[2022.08.23-13.58.37:090][  0]LogFileCache: Scanning file cache for directory 'D:/TankProject/Tankogeddon/Saved/Collections/' took 0.00s
[2022.08.23-13.58.37:090][  0]LogFileCache: Scanning file cache for directory 'D:/TankProject/Tankogeddon/Content/Developers/1/Collections/' took 0.00s
[2022.08.23-13.58.37:090][  0]LogFileCache: Scanning file cache for directory 'D:/TankProject/Tankogeddon/Content/Collections/' took 0.00s
[2022.08.23-13.58.37:090][  0]LogOcInput: OculusInput pre-init called
[2022.08.23-13.58.38:070][  0]LogEngine: Initializing Engine...
[2022.08.23-13.58.38:105][  0]LogHMD: Failed to enumerate extensions. Please check that you have a valid OpenXR runtime installed.
[2022.08.23-13.58.38:106][  0]LogHMD: Failed to initialize OpenVR with code 110
[2022.08.23-13.58.38:106][  0]LogMagicLeap: Warning: VR disabled because ZI is not enabled.  To enable, in the editor, Edit -> Project Settings -> Plugins -> Magic Leap Plugin -> Enable Zero Iteration
[2022.08.23-13.58.38:107][  0]LogStats: UGameplayTagsManager::InitializeManager -  0.000 s
[2022.08.23-13.58.38:588][  0]LogInit: Initializing FReadOnlyCVARCache
[2022.08.23-13.58.38:702][  0]LogAIModule: Creating AISystem for world Untitled
[2022.08.23-13.58.38:703][  0]LogAudio: Display: Initializing Audio Device Manager...
[2022.08.23-13.58.38:899][  0]LogAudio: Display: Loading Default Audio Settings Objects...
[2022.08.23-13.58.38:926][  0]LogAudio: Display: No default SoundConcurrencyObject specified (or failed to load).
[2022.08.23-13.58.38:927][  0]LogAudio: Display: Audio Device Manager Initialized
[2022.08.23-13.58.38:927][  0]LogAudio: Display: Creating Audio Device:                 Id: 1, Scope: Shared, Realtime: True
[2022.08.23-13.58.38:928][  0]LogAudioMixer: Display: Audio Mixer Platform Settings:
[2022.08.23-13.58.38:928][  0]LogAudioMixer: Display: 	Sample Rate:						  48000
[2022.08.23-13.58.38:928][  0]LogAudioMixer: Display: 	Callback Buffer Frame Size Requested: 1024
[2022.08.23-13.58.38:928][  0]LogAudioMixer: Display: 	Callback Buffer Frame Size To Use:	  1024
[2022.08.23-13.58.38:928][  0]LogAudioMixer: Display: 	Number of buffers to queue:			  2
[2022.08.23-13.58.38:929][  0]LogAudioMixer: Display: 	Max Channels (voices):				  32
[2022.08.23-13.58.38:929][  0]LogAudioMixer: Display: 	Number of Async Source Workers:		  0
[2022.08.23-13.58.38:929][  0]LogAudio: Display: AudioDevice MaxSources: 32
[2022.08.23-13.58.38:930][  0]LogAudio: Display: Audio Spatialization Plugin: None (built-in).
[2022.08.23-13.58.38:931][  0]LogAudio: Display: Audio Reverb Plugin: None (built-in).
[2022.08.23-13.58.38:931][  0]LogAudio: Display: Audio Occlusion Plugin: None (built-in).
[2022.08.23-13.58.38:932][  0]LogAudioMixer: Display: Initializing audio mixer.
[2022.08.23-13.58.38:989][  0]LogAudioMixer: Display: 0: FrontLeft
[2022.08.23-13.58.38:989][  0]LogAudioMixer: Display: 1: FrontRight
[2022.08.23-13.58.39:020][  0]LogAudioMixer: Display: Using Audio Device Динамики (Razer USB Sound Card)
[2022.08.23-13.58.39:023][  0]LogAudioMixer: Display: Initializing Sound Submixes...
[2022.08.23-13.58.39:045][  0]LogAudioMixer: Display: Creating Master Submix 'MasterSubmixDefault'
[2022.08.23-13.58.39:046][  0]LogAudioMixer: Display: Creating Master Submix 'MasterReverbSubmixDefault'
[2022.08.23-13.58.39:047][  0]LogAudioMixer: Display: Creating Master Submix 'MasterEQSubmixDefault'
[2022.08.23-13.58.39:047][  0]LogAudioMixer: FMixerPlatformXAudio2::StartAudioStream() called
[2022.08.23-13.58.39:047][  0]LogAudioMixer: Display: Output buffers initialized: Frames=1024, Channels=2, Samples=2048
[2022.08.23-13.58.39:049][  0]LogAudioMixer: Display: Starting AudioMixerPlatformInterface::RunInternal()
[2022.08.23-13.58.39:049][  0]LogAudioMixer: Display: FMixerPlatformXAudio2::SubmitBuffer() called for the first time
[2022.08.23-13.58.39:049][  0]LogInit: FAudioDevice initialized.
[2022.08.23-13.58.39:050][  0]LogAudio: Display: Audio Device (ID: 1) registered with world 'Untitled'.
[2022.08.23-13.58.39:050][  0]LogNetVersion: Set ProjectVersion to 1.0.0.0. Version Checksum will be recalculated on next use.
[2022.08.23-13.58.40:744][  0]LogDerivedDataCache: Saved boot cache 1.69s 94MB C:/Users/1/AppData/Local/UnrealEngine/4.27/DerivedDataCache/Boot.ddc.
[2022.08.23-13.58.40:745][  0]LogInit: Texture streaming: Enabled
[2022.08.23-13.58.41:038][  0]LogAnalytics: Display: [UEEditor.Rocket.Release] APIServer = https://datarouter.ol.epicgames.com/. AppVersion = 4.27.2-18319896+++UE4+Release-4.27
[2022.08.23-13.58.41:083][  0]LogEngineSessionManager: EngineSessionManager initialized
[2022.08.23-13.58.41:083][  0]LogEditorSessionSummary: Verbose: Initializing EditorSessionSummaryWriter for editor session tracking
[2022.08.23-13.58.41:090][  0]LogEditorSessionSummary: EditorSessionSummaryWriter initialized
[2022.08.23-13.58.41:318][  0]LogInit: Transaction tracking system initialized
[2022.08.23-13.58.42:127][  0]BlueprintLog: New page: Editor Load
[2022.08.23-13.58.44:044][  0]LocalizationService: Localization service is disabled
[2022.08.23-13.58.44:817][  0]TimingProfiler: Initialize
[2022.08.23-13.58.44:818][  0]TimingProfiler: OnSessionChanged
[2022.08.23-13.58.44:818][  0]LoadingProfiler: Initialize
[2022.08.23-13.58.44:818][  0]LoadingProfiler: OnSessionChanged
[2022.08.23-13.58.44:818][  0]NetworkingProfiler: Initialize
[2022.08.23-13.58.44:818][  0]NetworkingProfiler: OnSessionChanged
[2022.08.23-13.58.44:818][  0]MemoryProfiler: Initialize
[2022.08.23-13.58.44:818][  0]MemoryProfiler: OnSessionChanged
[2022.08.23-13.58.46:609][  0]LogCook: Display: CookSettings for Memory: MemoryMaxUsedVirtual 0MiB, MemoryMaxUsedPhysical 16384MiB, MemoryMinFreeVirtual 0MiB, MemoryMinFreePhysical 1024MiB
[2022.08.23-13.58.46:610][  0]LogCook: Display: Mobile HDR setting 1
[2022.08.23-13.58.46:835][  0]LogFileCache: Scanning file cache for directory 'D:/TankProject/Tankogeddon/Content/' took 0.01s
[2022.08.23-13.58.51:141][  0]LogInit: Display: Engine is initialized. Leaving FEngineLoop::Init()
[2022.08.23-13.58.51:163][  0]SourceControl: Source control is disabled
[2022.08.23-13.58.51:163][  0]LogUnrealEdMisc: Loading editor; pre map load, took 54.891
[2022.08.23-13.58.51:163][  0]Cmd: MAP LOAD FILE="../../../../../TankProject/Tankogeddon/Content/StarterContent/Maps/Minimal_Default.umap" TEMPLATE=0 SHOWPROGRESS=1 FEATURELEVEL=3
[2022.08.23-13.58.51:208][  0]LightingResults: New page: Lighting Build
[2022.08.23-13.58.51:260][  0]LogWorld: UWorld::CleanupWorld for Untitled, bSessionEnded=true, bCleanupResources=true
[2022.08.23-13.58.51:261][  0]LogSlate: InvalidateAllWidgets triggered.  All widgets were invalidated
[2022.08.23-13.58.51:261][  0]MapCheck: New page: Map Check
[2022.08.23-13.58.51:261][  0]LightingResults: New page: Lighting Build
[2022.08.23-13.58.51:266][  0]LogAudio: Display: Audio Device unregistered from world 'None'.
[2022.08.23-13.58.51:271][  0]LogUObjectHash: Compacting FUObjectHashTables data took   0.80ms
[2022.08.23-13.58.52:870][  0]LogAudio: Display: Audio Device (ID: 1) registered with world 'Minimal_Default'.
[2022.08.23-13.58.52:871][  0]LogAIModule: Creating AISystem for world Minimal_Default
[2022.08.23-13.58.52:899][  0]LogEditorServer: Finished looking for orphan Actors (0.000 secs)
[2022.08.23-13.58.52:907][  0]LogUObjectHash: Compacting FUObjectHashTables data took   0.84ms
[2022.08.23-13.58.52:908][  0]Cmd: MAP CHECKDEP NOCLEARLOG
[2022.08.23-13.58.52:908][  0]MapCheck: Map check complete: 0 Error(s), 0 Warning(s), took 0,171ms to complete.
[2022.08.23-13.58.52:909][  0]LogFileHelpers: Loading map 'Minimal_Default' took 1.746
[2022.08.23-13.58.52:911][  0]LogUnrealEdMisc: Total Editor Startup Time, took 56.640
[2022.08.23-13.58.53:278][  0]LogSlate: Updating window title bar state: overlay mode, drag disabled, window buttons hidden, title bar hidden
[2022.08.23-13.58.53:285][  0]LogSlate: Updating window title bar state: overlay mode, drag disabled, window buttons hidden, title bar hidden
[2022.08.23-13.58.53:292][  0]LogSlate: Updating window title bar state: overlay mode, drag disabled, window buttons hidden, title bar hidden
[2022.08.23-13.58.53:299][  0]LogSlate: Updating window title bar state: overlay mode, drag disabled, window buttons hidden, title bar hidden
[2022.08.23-13.58.53:338][  0]LogNativeClassHierarchy: Verbose: Native class hierarchy populated in 0.0095 seconds. Added 3825 classes and 930 folders.
[2022.08.23-13.58.53:367][  0]LogNativeClassHierarchy: Verbose: Native class hierarchy updated for 'WidgetCarousel' in 0.0003 seconds. Added 0 classes and 0 folders.
[2022.08.23-13.58.53:437][  0]LogPakFile: PakFile PrimaryIndexSize=187
[2022.08.23-13.58.53:437][  0]LogPakFile: PakFile PathHashIndexSize=101
[2022.08.23-13.58.53:437][  0]LogPakFile: PakFile FullDirectoryIndexSize=148
[2022.08.23-13.58.53:437][  0]LogShaderLibrary: Display: ShaderCodeLibraryPakFileMountedCallback: PakFile 'D:/Epic Games/UE_4.27/FeaturePacks/FP_FirstPerson.upack' (chunk index -1, root 'root:/') mounted
[2022.08.23-13.58.53:437][  0]LogShaderLibrary: Display: ShaderCodeLibraryPakFileMountedCallback: pending pak file info (ChunkID:-1 Root:root:/ File:D:/Epic Games/UE_4.27/FeaturePacks/FP_FirstPerson.upack)
[2022.08.23-13.58.53:437][  0]LogPakFile: OnPakFileMounted2Time == 0.000164
[2022.08.23-13.58.53:509][  0]LogPakFile: PakFile PrimaryIndexSize=189
[2022.08.23-13.58.53:509][  0]LogPakFile: PakFile PathHashIndexSize=101
[2022.08.23-13.58.53:509][  0]LogPakFile: PakFile FullDirectoryIndexSize=152
[2022.08.23-13.58.53:509][  0]LogShaderLibrary: Display: ShaderCodeLibraryPakFileMountedCallback: PakFile 'D:/Epic Games/UE_4.27/FeaturePacks/FP_FirstPersonBP.upack' (chunk index -1, root 'root:/') mounted
[2022.08.23-13.58.53:510][  0]LogShaderLibrary: Display: ShaderCodeLibraryPakFileMountedCallback: pending pak file info (ChunkID:-1 Root:root:/ File:D:/Epic Games/UE_4.27/FeaturePacks/FP_FirstPersonBP.upack)
[2022.08.23-13.58.53:510][  0]LogPakFile: OnPakFileMounted2Time == 0.000510
[2022.08.23-13.58.53:569][  0]LogPakFile: PakFile PrimaryIndexSize=191
[2022.08.23-13.58.53:569][  0]LogPakFile: PakFile PathHashIndexSize=101
[2022.08.23-13.58.53:570][  0]LogPakFile: PakFile FullDirectoryIndexSize=160
[2022.08.23-13.58.53:570][  0]LogShaderLibrary: Display: ShaderCodeLibraryPakFileMountedCallback: PakFile 'D:/Epic Games/UE_4.27/FeaturePacks/MobileStarterContent.upack' (chunk index -1, root 'root:/') mounted
[2022.08.23-13.58.53:570][  0]LogShaderLibrary: Display: ShaderCodeLibraryPakFileMountedCallback: pending pak file info (ChunkID:-1 Root:root:/ File:D:/Epic Games/UE_4.27/FeaturePacks/MobileStarterContent.upack)
[2022.08.23-13.58.53:570][  0]LogPakFile: OnPakFileMounted2Time == 0.000155
[2022.08.23-13.58.53:585][  0]LogPakFile: PakFile PrimaryIndexSize=185
[2022.08.23-13.58.53:586][  0]LogPakFile: PakFile PathHashIndexSize=101
[2022.08.23-13.58.53:586][  0]LogPakFile: PakFile FullDirectoryIndexSize=148
[2022.08.23-13.58.53:586][  0]LogShaderLibrary: Display: ShaderCodeLibraryPakFileMountedCallback: PakFile 'D:/Epic Games/UE_4.27/FeaturePacks/StarterContent.upack' (chunk index -1, root 'root:/') mounted
[2022.08.23-13.58.53:586][  0]LogShaderLibrary: Display: ShaderCodeLibraryPakFileMountedCallback: pending pak file info (ChunkID:-1 Root:root:/ File:D:/Epic Games/UE_4.27/FeaturePacks/StarterContent.upack)
[2022.08.23-13.58.53:586][  0]LogPakFile: OnPakFileMounted2Time == 0.000250
[2022.08.23-13.58.53:595][  0]LogPakFile: PakFile PrimaryIndexSize=190
[2022.08.23-13.58.53:595][  0]LogPakFile: PakFile PathHashIndexSize=101
[2022.08.23-13.58.53:595][  0]LogPakFile: PakFile FullDirectoryIndexSize=154
[2022.08.23-13.58.53:596][  0]LogShaderLibrary: Display: ShaderCodeLibraryPakFileMountedCallback: PakFile 'D:/Epic Games/UE_4.27/FeaturePacks/TP_2DSideScroller.upack' (chunk index -1, root 'root:/') mounted
[2022.08.23-13.58.53:596][  0]LogShaderLibrary: Display: ShaderCodeLibraryPakFileMountedCallback: pending pak file info (ChunkID:-1 Root:root:/ File:D:/Epic Games/UE_4.27/FeaturePacks/TP_2DSideScroller.upack)
[2022.08.23-13.58.53:596][  0]LogPakFile: OnPakFileMounted2Time == 0.000119
[2022.08.23-13.58.53:605][  0]LogPakFile: PakFile PrimaryIndexSize=192
[2022.08.23-13.58.53:605][  0]LogPakFile: PakFile PathHashIndexSize=101
[2022.08.23-13.58.53:605][  0]LogPakFile: PakFile FullDirectoryIndexSize=158
[2022.08.23-13.58.53:605][  0]LogShaderLibrary: Display: ShaderCodeLibraryPakFileMountedCallback: PakFile 'D:/Epic Games/UE_4.27/FeaturePacks/TP_2DSideScrollerBP.upack' (chunk index -1, root 'root:/') mounted
[2022.08.23-13.58.53:606][  0]LogShaderLibrary: Display: ShaderCodeLibraryPakFileMountedCallback: pending pak file info (ChunkID:-1 Root:root:/ File:D:/Epic Games/UE_4.27/FeaturePacks/TP_2DSideScrollerBP.upack)
[2022.08.23-13.58.53:606][  0]LogPakFile: OnPakFileMounted2Time == 0.000190
[2022.08.23-13.58.53:617][  0]LogPakFile: PakFile PrimaryIndexSize=182
[2022.08.23-13.58.53:617][  0]LogPakFile: PakFile PathHashIndexSize=101
[2022.08.23-13.58.53:617][  0]LogPakFile: PakFile FullDirectoryIndexSize=138
[2022.08.23-13.58.53:617][  0]LogShaderLibrary: Display: ShaderCodeLibraryPakFileMountedCallback: PakFile 'D:/Epic Games/UE_4.27/FeaturePacks/TP_Flying.upack' (chunk index -1, root 'root:/') mounted
[2022.08.23-13.58.53:618][  0]LogShaderLibrary: Display: ShaderCodeLibraryPakFileMountedCallback: pending pak file info (ChunkID:-1 Root:root:/ File:D:/Epic Games/UE_4.27/FeaturePacks/TP_Flying.upack)
[2022.08.23-13.58.53:618][  0]LogPakFile: OnPakFileMounted2Time == 0.000154
[2022.08.23-13.58.53:628][  0]LogPakFile: PakFile PrimaryIndexSize=184
[2022.08.23-13.58.53:628][  0]LogPakFile: PakFile PathHashIndexSize=101
[2022.08.23-13.58.53:628][  0]LogPakFile: PakFile FullDirectoryIndexSize=142
[2022.08.23-13.58.53:628][  0]LogShaderLibrary: Display: ShaderCodeLibraryPakFileMountedCallback: PakFile 'D:/Epic Games/UE_4.27/FeaturePacks/TP_FlyingBP.upack' (chunk index -1, root 'root:/') mounted
[2022.08.23-13.58.53:628][  0]LogShaderLibrary: Display: ShaderCodeLibraryPakFileMountedCallback: pending pak file info (ChunkID:-1 Root:root:/ File:D:/Epic Games/UE_4.27/FeaturePacks/TP_FlyingBP.upack)
[2022.08.23-13.58.53:628][  0]LogPakFile: OnPakFileMounted2Time == 0.000144
[2022.08.23-13.58.53:641][  0]LogPakFile: PakFile PrimaryIndexSize=188
[2022.08.23-13.58.53:642][  0]LogPakFile: PakFile PathHashIndexSize=101
[2022.08.23-13.58.53:642][  0]LogPakFile: PakFile FullDirectoryIndexSize=150
[2022.08.23-13.58.53:642][  0]LogShaderLibrary: Display: ShaderCodeLibraryPakFileMountedCallback: PakFile 'D:/Epic Games/UE_4.27/FeaturePacks/TP_HandheldARBP.upack' (chunk index -1, root 'root:/') mounted
[2022.08.23-13.58.53:642][  0]LogShaderLibrary: Display: ShaderCodeLibraryPakFileMountedCallback: pending pak file info (ChunkID:-1 Root:root:/ File:D:/Epic Games/UE_4.27/FeaturePacks/TP_HandheldARBP.upack)
[2022.08.23-13.58.53:642][  0]LogPakFile: OnPakFileMounted2Time == 0.000130
[2022.08.23-13.58.53:665][  0]LogPakFile: PakFile PrimaryIndexSize=182
[2022.08.23-13.58.53:665][  0]LogPakFile: PakFile PathHashIndexSize=101
[2022.08.23-13.58.53:665][  0]LogPakFile: PakFile FullDirectoryIndexSize=138
[2022.08.23-13.58.53:665][  0]LogShaderLibrary: Display: ShaderCodeLibraryPakFileMountedCallback: PakFile 'D:/Epic Games/UE_4.27/FeaturePacks/TP_Puzzle.upack' (chunk index -1, root 'root:/') mounted
[2022.08.23-13.58.53:665][  0]LogShaderLibrary: Display: ShaderCodeLibraryPakFileMountedCallback: pending pak file info (ChunkID:-1 Root:root:/ File:D:/Epic Games/UE_4.27/FeaturePacks/TP_Puzzle.upack)
[2022.08.23-13.58.53:665][  0]LogPakFile: OnPakFileMounted2Time == 0.000144
[2022.08.23-13.58.53:691][  0]LogPakFile: PakFile PrimaryIndexSize=184
[2022.08.23-13.58.53:691][  0]LogPakFile: PakFile PathHashIndexSize=101
[2022.08.23-13.58.53:691][  0]LogPakFile: PakFile FullDirectoryIndexSize=142
[2022.08.23-13.58.53:692][  0]LogShaderLibrary: Display: ShaderCodeLibraryPakFileMountedCallback: PakFile 'D:/Epic Games/UE_4.27/FeaturePacks/TP_PuzzleBP.upack' (chunk index -1, root 'root:/') mounted
[2022.08.23-13.58.53:692][  0]LogShaderLibrary: Display: ShaderCodeLibraryPakFileMountedCallback: pending pak file info (ChunkID:-1 Root:root:/ File:D:/Epic Games/UE_4.27/FeaturePacks/TP_PuzzleBP.upack)
[2022.08.23-13.58.53:692][  0]LogPakFile: OnPakFileMounted2Time == 0.000163
[2022.08.23-13.58.53:701][  0]LogPakFile: PakFile PrimaryIndexSize=183
[2022.08.23-13.58.53:701][  0]LogPakFile: PakFile PathHashIndexSize=101
[2022.08.23-13.58.53:701][  0]LogPakFile: PakFile FullDirectoryIndexSize=140
[2022.08.23-13.58.53:701][  0]LogShaderLibrary: Display: ShaderCodeLibraryPakFileMountedCallback: PakFile 'D:/Epic Games/UE_4.27/FeaturePacks/TP_Rolling.upack' (chunk index -1, root 'root:/') mounted
[2022.08.23-13.58.53:702][  0]LogShaderLibrary: Display: ShaderCodeLibraryPakFileMountedCallback: pending pak file info (ChunkID:-1 Root:root:/ File:D:/Epic Games/UE_4.27/FeaturePacks/TP_Rolling.upack)
[2022.08.23-13.58.53:702][  0]LogPakFile: OnPakFileMounted2Time == 0.000138
[2022.08.23-13.58.53:705][  0]LogPakFile: PakFile PrimaryIndexSize=185
[2022.08.23-13.58.53:705][  0]LogPakFile: PakFile PathHashIndexSize=101
[2022.08.23-13.58.53:705][  0]LogPakFile: PakFile FullDirectoryIndexSize=144
[2022.08.23-13.58.53:705][  0]LogShaderLibrary: Display: ShaderCodeLibraryPakFileMountedCallback: PakFile 'D:/Epic Games/UE_4.27/FeaturePacks/TP_RollingBP.upack' (chunk index -1, root 'root:/') mounted
[2022.08.23-13.58.53:705][  0]LogShaderLibrary: Display: ShaderCodeLibraryPakFileMountedCallback: pending pak file info (ChunkID:-1 Root:root:/ File:D:/Epic Games/UE_4.27/FeaturePacks/TP_RollingBP.upack)
[2022.08.23-13.58.53:705][  0]LogPakFile: OnPakFileMounted2Time == 0.000122
[2022.08.23-13.58.53:707][  0]LogPakFile: PakFile PrimaryIndexSize=188
[2022.08.23-13.58.53:708][  0]LogPakFile: PakFile PathHashIndexSize=101
[2022.08.23-13.58.53:708][  0]LogPakFile: PakFile FullDirectoryIndexSize=150
[2022.08.23-13.58.53:708][  0]LogShaderLibrary: Display: ShaderCodeLibraryPakFileMountedCallback: PakFile 'D:/Epic Games/UE_4.27/FeaturePacks/TP_SideScroller.upack' (chunk index -1, root 'root:/') mounted
[2022.08.23-13.58.53:708][  0]LogShaderLibrary: Display: ShaderCodeLibraryPakFileMountedCallback: pending pak file info (ChunkID:-1 Root:root:/ File:D:/Epic Games/UE_4.27/FeaturePacks/TP_SideScroller.upack)
[2022.08.23-13.58.53:708][  0]LogPakFile: OnPakFileMounted2Time == 0.000139
[2022.08.23-13.58.53:754][  0]LogPakFile: PakFile PrimaryIndexSize=190
[2022.08.23-13.58.53:754][  0]LogPakFile: PakFile PathHashIndexSize=101
[2022.08.23-13.58.53:754][  0]LogPakFile: PakFile FullDirectoryIndexSize=154
[2022.08.23-13.58.53:754][  0]LogShaderLibrary: Display: ShaderCodeLibraryPakFileMountedCallback: PakFile 'D:/Epic Games/UE_4.27/FeaturePacks/TP_SideScrollerBP.upack' (chunk index -1, root 'root:/') mounted
[2022.08.23-13.58.53:754][  0]LogShaderLibrary: Display: ShaderCodeLibraryPakFileMountedCallback: pending pak file info (ChunkID:-1 Root:root:/ File:D:/Epic Games/UE_4.27/FeaturePacks/TP_SideScrollerBP.upack)
[2022.08.23-13.58.53:754][  0]LogPakFile: OnPakFileMounted2Time == 0.000147
[2022.08.23-13.58.53:756][  0]LogPakFile: PakFile PrimaryIndexSize=187
[2022.08.23-13.58.53:756][  0]LogPakFile: PakFile PathHashIndexSize=101
[2022.08.23-13.58.53:756][  0]LogPakFile: PakFile FullDirectoryIndexSize=148
[2022.08.23-13.58.53:756][  0]LogShaderLibrary: Display: ShaderCodeLibraryPakFileMountedCallback: PakFile 'D:/Epic Games/UE_4.27/FeaturePacks/TP_ThirdPerson.upack' (chunk index -1, root 'root:/') mounted
[2022.08.23-13.58.53:756][  0]LogShaderLibrary: Display: ShaderCodeLibraryPakFileMountedCallback: pending pak file info (ChunkID:-1 Root:root:/ File:D:/Epic Games/UE_4.27/FeaturePacks/TP_ThirdPerson.upack)
[2022.08.23-13.58.53:756][  0]LogPakFile: OnPakFileMounted2Time == 0.000168
[2022.08.23-13.58.53:758][  0]LogPakFile: PakFile PrimaryIndexSize=189
[2022.08.23-13.58.53:758][  0]LogPakFile: PakFile PathHashIndexSize=101
[2022.08.23-13.58.53:758][  0]LogPakFile: PakFile FullDirectoryIndexSize=152
[2022.08.23-13.58.53:758][  0]LogShaderLibrary: Display: ShaderCodeLibraryPakFileMountedCallback: PakFile 'D:/Epic Games/UE_4.27/FeaturePacks/TP_ThirdPersonBP.upack' (chunk index -1, root 'root:/') mounted
[2022.08.23-13.58.53:759][  0]LogShaderLibrary: Display: ShaderCodeLibraryPakFileMountedCallback: pending pak file info (ChunkID:-1 Root:root:/ File:D:/Epic Games/UE_4.27/FeaturePacks/TP_ThirdPersonBP.upack)
[2022.08.23-13.58.53:759][  0]LogPakFile: OnPakFileMounted2Time == 0.000526
[2022.08.23-13.58.53:761][  0]LogPakFile: PakFile PrimaryIndexSize=183
[2022.08.23-13.58.53:761][  0]LogPakFile: PakFile PathHashIndexSize=101
[2022.08.23-13.58.53:761][  0]LogPakFile: PakFile FullDirectoryIndexSize=140
[2022.08.23-13.58.53:761][  0]LogShaderLibrary: Display: ShaderCodeLibraryPakFileMountedCallback: PakFile 'D:/Epic Games/UE_4.27/FeaturePacks/TP_TopDown.upack' (chunk index -1, root 'root:/') mounted
[2022.08.23-13.58.53:762][  0]LogShaderLibrary: Display: ShaderCodeLibraryPakFileMountedCallback: pending pak file info (ChunkID:-1 Root:root:/ File:D:/Epic Games/UE_4.27/FeaturePacks/TP_TopDown.upack)
[2022.08.23-13.58.53:762][  0]LogPakFile: OnPakFileMounted2Time == 0.000930
[2022.08.23-13.58.53:764][  0]LogPakFile: PakFile PrimaryIndexSize=185
[2022.08.23-13.58.53:764][  0]LogPakFile: PakFile PathHashIndexSize=101
[2022.08.23-13.58.53:764][  0]LogPakFile: PakFile FullDirectoryIndexSize=144
[2022.08.23-13.58.53:764][  0]LogShaderLibrary: Display: ShaderCodeLibraryPakFileMountedCallback: PakFile 'D:/Epic Games/UE_4.27/FeaturePacks/TP_TopDownBP.upack' (chunk index -1, root 'root:/') mounted
[2022.08.23-13.58.53:764][  0]LogShaderLibrary: Display: ShaderCodeLibraryPakFileMountedCallback: pending pak file info (ChunkID:-1 Root:root:/ File:D:/Epic Games/UE_4.27/FeaturePacks/TP_TopDownBP.upack)
[2022.08.23-13.58.53:765][  0]LogPakFile: OnPakFileMounted2Time == 0.000148
[2022.08.23-13.58.53:766][  0]LogPakFile: PakFile PrimaryIndexSize=185
[2022.08.23-13.58.53:767][  0]LogPakFile: PakFile PathHashIndexSize=101
[2022.08.23-13.58.53:767][  0]LogPakFile: PakFile FullDirectoryIndexSize=144
[2022.08.23-13.58.53:767][  0]LogShaderLibrary: Display: ShaderCodeLibraryPakFileMountedCallback: PakFile 'D:/Epic Games/UE_4.27/FeaturePacks/TP_TwinStick.upack' (chunk index -1, root 'root:/') mounted
[2022.08.23-13.58.53:767][  0]LogShaderLibrary: Display: ShaderCodeLibraryPakFileMountedCallback: pending pak file info (ChunkID:-1 Root:root:/ File:D:/Epic Games/UE_4.27/FeaturePacks/TP_TwinStick.upack)
[2022.08.23-13.58.53:767][  0]LogPakFile: OnPakFileMounted2Time == 0.000187
[2022.08.23-13.58.53:785][  0]LogPakFile: PakFile PrimaryIndexSize=187
[2022.08.23-13.58.53:786][  0]LogPakFile: PakFile PathHashIndexSize=101
[2022.08.23-13.58.53:786][  0]LogPakFile: PakFile FullDirectoryIndexSize=148
[2022.08.23-13.58.53:786][  0]LogShaderLibrary: Display: ShaderCodeLibraryPakFileMountedCallback: PakFile 'D:/Epic Games/UE_4.27/FeaturePacks/TP_TwinStickBP.upack' (chunk index -1, root 'root:/') mounted
[2022.08.23-13.58.53:786][  0]LogShaderLibrary: Display: ShaderCodeLibraryPakFileMountedCallback: pending pak file info (ChunkID:-1 Root:root:/ File:D:/Epic Games/UE_4.27/FeaturePacks/TP_TwinStickBP.upack)
[2022.08.23-13.58.53:786][  0]LogPakFile: OnPakFileMounted2Time == 0.000296
[2022.08.23-13.58.53:795][  0]LogPakFile: PakFile PrimaryIndexSize=183
[2022.08.23-13.58.53:795][  0]LogPakFile: PakFile PathHashIndexSize=101
[2022.08.23-13.58.53:795][  0]LogPakFile: PakFile FullDirectoryIndexSize=140
[2022.08.23-13.58.53:796][  0]LogShaderLibrary: Display: ShaderCodeLibraryPakFileMountedCallback: PakFile 'D:/Epic Games/UE_4.27/FeaturePacks/TP_Vehicle.upack' (chunk index -1, root 'root:/') mounted
[2022.08.23-13.58.53:796][  0]LogShaderLibrary: Display: ShaderCodeLibraryPakFileMountedCallback: pending pak file info (ChunkID:-1 Root:root:/ File:D:/Epic Games/UE_4.27/FeaturePacks/TP_Vehicle.upack)
[2022.08.23-13.58.53:796][  0]LogPakFile: OnPakFileMounted2Time == 0.000215
[2022.08.23-13.58.53:811][  0]LogPakFile: PakFile PrimaryIndexSize=186
[2022.08.23-13.58.53:811][  0]LogPakFile: PakFile PathHashIndexSize=101
[2022.08.23-13.58.53:811][  0]LogPakFile: PakFile FullDirectoryIndexSize=146
[2022.08.23-13.58.53:811][  0]LogShaderLibrary: Display: ShaderCodeLibraryPakFileMountedCallback: PakFile 'D:/Epic Games/UE_4.27/FeaturePacks/TP_VehicleAdv.upack' (chunk index -1, root 'root:/') mounted
[2022.08.23-13.58.53:811][  0]LogShaderLibrary: Display: ShaderCodeLibraryPakFileMountedCallback: pending pak file info (ChunkID:-1 Root:root:/ File:D:/Epic Games/UE_4.27/FeaturePacks/TP_VehicleAdv.upack)
[2022.08.23-13.58.53:811][  0]LogPakFile: OnPakFileMounted2Time == 0.000131
[2022.08.23-13.58.53:823][  0]LogPakFile: PakFile PrimaryIndexSize=188
[2022.08.23-13.58.53:823][  0]LogPakFile: PakFile PathHashIndexSize=101
[2022.08.23-13.58.53:823][  0]LogPakFile: PakFile FullDirectoryIndexSize=150
[2022.08.23-13.58.53:823][  0]LogShaderLibrary: Display: ShaderCodeLibraryPakFileMountedCallback: PakFile 'D:/Epic Games/UE_4.27/FeaturePacks/TP_VehicleAdvBP.upack' (chunk index -1, root 'root:/') mounted
[2022.08.23-13.58.53:823][  0]LogShaderLibrary: Display: ShaderCodeLibraryPakFileMountedCallback: pending pak file info (ChunkID:-1 Root:root:/ File:D:/Epic Games/UE_4.27/FeaturePacks/TP_VehicleAdvBP.upack)
[2022.08.23-13.58.53:823][  0]LogPakFile: OnPakFileMounted2Time == 0.000207
[2022.08.23-13.58.53:833][  0]LogPakFile: PakFile PrimaryIndexSize=185
[2022.08.23-13.58.53:833][  0]LogPakFile: PakFile PathHashIndexSize=101
[2022.08.23-13.58.53:833][  0]LogPakFile: PakFile FullDirectoryIndexSize=144
[2022.08.23-13.58.53:833][  0]LogShaderLibrary: Display: ShaderCodeLibraryPakFileMountedCallback: PakFile 'D:/Epic Games/UE_4.27/FeaturePacks/TP_VehicleBP.upack' (chunk index -1, root 'root:/') mounted
[2022.08.23-13.58.53:833][  0]LogShaderLibrary: Display: ShaderCodeLibraryPakFileMountedCallback: pending pak file info (ChunkID:-1 Root:root:/ File:D:/Epic Games/UE_4.27/FeaturePacks/TP_VehicleBP.upack)
[2022.08.23-13.58.53:834][  0]LogPakFile: OnPakFileMounted2Time == 0.000257
[2022.08.23-13.58.53:845][  0]LogPakFile: PakFile PrimaryIndexSize=192
[2022.08.23-13.58.53:845][  0]LogPakFile: PakFile PathHashIndexSize=101
[2022.08.23-13.58.53:845][  0]LogPakFile: PakFile FullDirectoryIndexSize=158
[2022.08.23-13.58.53:845][  0]LogShaderLibrary: Display: ShaderCodeLibraryPakFileMountedCallback: PakFile 'D:/Epic Games/UE_4.27/FeaturePacks/TP_VirtualRealityBP.upack' (chunk index -1, root 'root:/') mounted
[2022.08.23-13.58.53:845][  0]LogShaderLibrary: Display: ShaderCodeLibraryPakFileMountedCallback: pending pak file info (ChunkID:-1 Root:root:/ File:D:/Epic Games/UE_4.27/FeaturePacks/TP_VirtualRealityBP.upack)
[2022.08.23-13.58.53:845][  0]LogPakFile: OnPakFileMounted2Time == 0.000139
[2022.08.23-13.58.55:186][  0]LogNativeClassHierarchy: Verbose: Native class hierarchy updated for 'AddContentDialog' in 0.0004 seconds. Added 0 classes and 0 folders.
[2022.08.23-13.58.55:188][  0]LogNativeClassHierarchy: Verbose: Native class hierarchy updated for 'SceneOutliner' in 0.0003 seconds. Added 2 classes and 0 folders.
[2022.08.23-13.58.55:377][  0]LogSlate: Took 0.041150 seconds to synchronously load lazily loaded font '../../../Engine/Content/Slate/Fonts/Roboto-Regular.ttf' (155K)
[2022.08.23-13.58.55:390][  0]LogSlate: Took 0.012078 seconds to synchronously load lazily loaded font '../../../Engine/Content/Editor/Slate/Fonts/FontAwesome.ttf' (139K)
[2022.08.23-13.58.55:395][  0]LogSlate: Took 0.003850 seconds to synchronously load lazily loaded font '../../../Engine/Content/Slate/Fonts/Roboto-Bold.ttf' (160K)
[2022.08.23-13.58.55:571][  0]LogRenderer: Reallocating scene render targets to support 1208x568 Format 10 NumSamples 1 (Frame:1).
[2022.08.23-13.58.55:811][  0]LogNativeClassHierarchy: Verbose: Native class hierarchy updated for 'HierarchicalLODOutliner' in 0.0004 seconds. Added 0 classes and 0 folders.
[2022.08.23-13.58.55:811][  0]LogLoad: (Engine Initialization) Total time: 59.54 seconds
[2022.08.23-13.58.55:811][  0]LogLoad: (Engine Initialization) Total Blueprint compile time: 0.00 seconds
[2022.08.23-13.58.55:874][  0]LogAssetRegistry: Asset discovery search completed in 51.9375 seconds
[2022.08.23-13.58.55:919][  0]LogCollectionManager: Fixed up redirectors for 0 collections in 0.000005 seconds (updated 0 objects)
[2022.08.23-13.58.55:921][  0]LogContentStreaming: Texture pool size now 1000 MB
[2022.08.23-13.58.56:528][  2]LogSlate: Took 0.018386 seconds to synchronously load lazily loaded font '../../../Engine/Content/Slate/Fonts/Roboto-Light.ttf' (167K)
