Log file open, 08/23/22 18:30:37
LogWindows: Failed to load 'aqProf.dll' (GetLastError=126)
LogWindows: File 'aqProf.dll' does not exist
LogWindows: Failed to load 'VtuneApi.dll' (GetLastError=126)
LogWindows: File 'VtuneApi.dll' does not exist
LogWindows: Failed to load 'VtuneApi32e.dll' (GetLastError=126)
LogWindows: File 'VtuneApi32e.dll' does not exist
LogConsoleResponse: Display: Failed to find resolution value strings in scalability ini. Falling back to default.
LogConsoleResponse: Display: Failed to find resolution value strings in scalability ini. Falling back to default.
LogInit: Display: Running engine for game: Tankogeddon
LogPlatformFile: Not using cached read wrapper
LogTaskGraph: Started task graph with 5 named threads and 20 total threads with 3 sets of task threads.
LogStats: Stats thread started at 0.269217
LogICUInternationalization: ICU TimeZone Detection - Raw Offset: +4:00, Platform Override: ''
LogInit: Display: Loading text-based GConfig....
LogPluginManager: Mounting plugin MeshPainting
LogPluginManager: Mounting plugin XGEController
LogPluginManager: Mounting plugin Paper2D
LogPluginManager: Mounting plugin AISupport
LogPluginManager: Mounting plugin EnvironmentQueryEditor
LogPluginManager: Mounting plugin LiveLink
LogPluginManager: Mounting plugin LightPropagationVolume
LogPluginManager: Mounting plugin CameraShakePreviewer
LogPluginManager: Mounting plugin GameplayCameras
LogPluginManager: Mounting plugin OodleNetwork
LogPluginManager: Mounting plugin OodleData
LogPluginManager: Mounting plugin AssetManagerEditor
LogPluginManager: Mounting plugin CryptoKeys
LogPluginManager: Mounting plugin CurveEditorTools
LogPluginManager: Mounting plugin FacialAnimation
LogPluginManager: Mounting plugin GameplayTagsEditor
LogPluginManager: Mounting plugin GeometryMode
LogPluginManager: Mounting plugin DataValidation
LogPluginManager: Mounting plugin MacGraphicsSwitching
LogPluginManager: Mounting plugin MaterialAnalyzer
LogPluginManager: Mounting plugin MobileLauncherProfileWizard
LogPluginManager: Mounting plugin PluginBrowser
LogPluginManager: Mounting plugin SpeedTreeImporter
LogPluginManager: Mounting plugin AnimationSharing
LogPluginManager: Mounting plugin CLionSourceCodeAccess
LogPluginManager: Mounting plugin CodeLiteSourceCodeAccess
LogPluginManager: Mounting plugin GitSourceControl
LogPluginManager: Mounting plugin NullSourceCodeAccess
LogPluginManager: Mounting plugin KDevelopSourceCodeAccess
LogPluginManager: Mounting plugin PerforceSourceControl
LogPluginManager: Mounting plugin PixWinPlugin
LogPluginManager: Mounting plugin PlasticSourceControl
LogPluginManager: Mounting plugin PluginUtils
LogPluginManager: Mounting plugin PropertyAccessNode
LogPluginManager: Mounting plugin RiderSourceCodeAccess
LogPluginManager: Mounting plugin TextureFormatOodle
LogPluginManager: Mounting plugin SubversionSourceControl
LogPluginManager: Mounting plugin UObjectPlugin
LogPluginManager: Mounting plugin VisualStudioSourceCodeAccess
LogPluginManager: Mounting plugin VisualStudioCodeSourceCodeAccess
LogPluginManager: Mounting plugin XCodeSourceCodeAccess
LogPluginManager: Mounting plugin DatasmithContent
LogPluginManager: Mounting plugin VariantManagerContent
LogPluginManager: Mounting plugin AlembicImporter
LogPluginManager: Mounting plugin AutomationUtils
LogPluginManager: Mounting plugin BackChannel
LogPluginManager: Mounting plugin ChaosCloth
LogPluginManager: Mounting plugin ChaosClothEditor
LogPluginManager: Mounting plugin ChaosEditor
LogPluginManager: Mounting plugin ChaosNiagara
LogPluginManager: Mounting plugin ChaosSolverPlugin
LogPluginManager: Mounting plugin CharacterAI
LogPluginManager: Mounting plugin GeometryCache
LogPluginManager: Mounting plugin GeometryCollectionPlugin
LogPluginManager: Mounting plugin GeometryProcessing
LogPluginManager: Mounting plugin MotoSynth
LogPluginManager: Mounting plugin OpenImageDenoise
LogPluginManager: Mounting plugin PlanarCut
LogPluginManager: Mounting plugin PlatformCrypto
LogPluginManager: Mounting plugin ProxyLODPlugin
LogPluginManager: Mounting plugin PythonScriptPlugin
LogPluginManager: Mounting plugin SkeletalReduction
LogPluginManager: Mounting plugin Niagara
LogPluginManager: Mounting plugin LuminPlatformFeatures
LogPluginManager: Mounting plugin MagicLeap
LogPluginManager: Mounting plugin MagicLeapLightEstimation
LogPluginManager: Mounting plugin MagicLeapMedia
LogPluginManager: Mounting plugin MagicLeapPassableWorld
LogPluginManager: Mounting plugin MLSDK
LogPluginManager: Mounting plugin AndroidMedia
LogPluginManager: Mounting plugin AvfMedia
LogPluginManager: Mounting plugin ImgMedia
LogPluginManager: Mounting plugin MediaCompositing
LogPluginManager: Mounting plugin MediaPlayerEditor
LogPluginManager: Mounting plugin WmfMedia
LogPluginManager: Mounting plugin WebMMedia
LogPluginManager: Mounting plugin TcpMessaging
LogPluginManager: Mounting plugin UdpMessaging
LogPluginManager: Mounting plugin ActorSequence
LogPluginManager: Mounting plugin LevelSequenceEditor
LogPluginManager: Mounting plugin MatineeToLevelSequence
LogPluginManager: Mounting plugin TemplateSequence
LogPluginManager: Mounting plugin OnlineSubsystem
LogPluginManager: Mounting plugin OnlineSubsystemNull
LogPluginManager: Mounting plugin OnlineSubsystemUtils
LogPluginManager: Mounting plugin LauncherChunkInstaller
LogPluginManager: Mounting plugin ActorLayerUtilities
LogPluginManager: Mounting plugin AndroidDeviceProfileSelector
LogPluginManager: Mounting plugin AndroidMoviePlayer
LogPluginManager: Mounting plugin AndroidPermission
LogPluginManager: Mounting plugin AppleImageUtils
LogPluginManager: Mounting plugin AppleMoviePlayer
LogPluginManager: Mounting plugin ArchVisCharacter
LogPluginManager: Mounting plugin AssetTags
LogPluginManager: Mounting plugin AudioCapture
LogPluginManager: Mounting plugin AudioSynesthesia
LogPluginManager: Mounting plugin CableComponent
LogPluginManager: Mounting plugin ChunkDownloader
LogPluginManager: Mounting plugin CustomMeshComponent
LogPluginManager: Mounting plugin ExampleDeviceProfileSelector
LogPluginManager: Mounting plugin EditableMesh
LogPluginManager: Mounting plugin GoogleCloudMessaging
LogPluginManager: Mounting plugin GooglePAD
LogPluginManager: Mounting plugin IOSDeviceProfileSelector
LogPluginManager: Mounting plugin LinuxDeviceProfileSelector
LogPluginManager: Mounting plugin LocationServicesBPLibrary
LogPluginManager: Mounting plugin MobilePatchingUtils
LogPluginManager: Mounting plugin OpenXR
LogPluginManager: Mounting plugin OpenXREyeTracker
LogPluginManager: Mounting plugin OpenXRHandTracking
LogPluginManager: Mounting plugin PhysXVehicles
LogPluginManager: Mounting plugin PostSplashScreen
LogPluginManager: Mounting plugin ProceduralMeshComponent
LogPluginManager: Mounting plugin PropertyAccessEditor
LogPluginManager: Mounting plugin RuntimePhysXCooking
LogPluginManager: Mounting plugin SignificanceManager
LogPluginManager: Mounting plugin SoundFields
LogPluginManager: Mounting plugin Synthesis
LogPluginManager: Mounting plugin WebMMoviePlayer
LogPluginManager: Mounting plugin WindowsMoviePlayer
LogPluginManager: Mounting plugin ScreenshotTools
LogPluginManager: Mounting plugin Takes
LogPluginManager: Mounting plugin ContentBrowserAssetDataSource
LogPluginManager: Mounting plugin ContentBrowserClassDataSource
LogPluginManager: Mounting plugin ContentBrowserFileDataSource
LogPluginManager: Mounting plugin OnlineSubsystemIOS
LogPluginManager: Mounting plugin OnlineSubsystemGooglePlay
LogPluginManager: Mounting plugin OculusVR
LogPluginManager: Mounting plugin SteamVR
PixWinPlugin: PIX capture plugin failed to initialize! Check that the process is launched from PIX.
LogInit: Using libcurl 7.55.1-DEV
LogInit:  - built for x86_64-pc-win32
LogInit:  - supports SSL with OpenSSL/1.1.1
LogInit:  - supports HTTP deflate (compression) using libz 1.2.8
LogInit:  - other features:
LogInit:      CURL_VERSION_SSL
LogInit:      CURL_VERSION_LIBZ
LogInit:      CURL_VERSION_IPV6
LogInit:      CURL_VERSION_ASYNCHDNS
LogInit:      CURL_VERSION_LARGEFILE
LogInit:      CURL_VERSION_IDN
LogInit:  CurlRequestOptions (configurable via config and command line):
LogInit:  - bVerifyPeer = true  - Libcurl will verify peer certificate
LogInit:  - bUseHttpProxy = false  - Libcurl will NOT use HTTP proxy
LogInit:  - bDontReuseConnections = false  - Libcurl will reuse connections
LogInit:  - MaxHostConnections = 16  - Libcurl will limit the number of connections to a host
LogInit:  - LocalHostAddr = Default
LogInit:  - BufferSize = 65536
LogOnline: OSS: Creating online subsystem instance for: NULL
LogInit: WinSock: version 1.1 (2.2), MaxSocks=32767, MaxUdp=65467
LogOnline: OSS: TryLoadSubsystemAndSetDefault: Loaded subsystem for module [NULL]
LogOculusPluginWrapper: OculusPlugin initialized successfully
LogHMD: Failed initializing OVRPlugin 1.59.0
LogInit: Build: ++UE4+Release-4.27-CL-18319896
LogInit: Engine Version: 4.27.2-18319896+++UE4+Release-4.27
LogInit: Compatible Engine Version: 4.27.0-17155196+++UE4+Release-4.27
LogInit: Net CL: 17155196
LogInit: OS: Windows 10 (Release 2009) (), CPU: Intel(R) Core(TM) i5-9400F CPU @ 2.90GHz, GPU: NVIDIA GeForce GTX 1060 3GB
LogInit: Compiled (64-bit): Nov 30 2021 07:12:08
LogInit: Compiled with Visual C++: 19.24.28315.00
LogInit: Build Configuration: Development
LogInit: Branch Name: ++UE4+Release-4.27
LogInit: Command Line: 
LogInit: Base Directory: D:/Epic Games/UE_4.27/Engine/Binaries/Win64/
LogInit: Allocator: TBB
LogInit: Installed Engine Build: 1
LogDevObjectVersion: Number of dev versions registered: 29
LogDevObjectVersion:   Dev-Blueprints (B0D832E4-1F89-4F0D-ACCF-7EB736FD4AA2): 10
LogDevObjectVersion:   Dev-Build (E1C64328-A22C-4D53-A36C-8E866417BD8C): 0
LogDevObjectVersion:   Dev-Core (375EC13C-06E4-48FB-B500-84F0262A717E): 4
LogDevObjectVersion:   Dev-Editor (E4B068ED-F494-42E9-A231-DA0B2E46BB41): 40
LogDevObjectVersion:   Dev-Framework (CFFC743F-43B0-4480-9391-14DF171D2073): 37
LogDevObjectVersion:   Dev-Mobile (B02B49B5-BB20-44E9-A304-32B752E40360): 3
LogDevObjectVersion:   Dev-Networking (A4E4105C-59A1-49B5-A7C5-40C4547EDFEE): 0
LogDevObjectVersion:   Dev-Online (39C831C9-5AE6-47DC-9A44-9C173E1C8E7C): 0
LogDevObjectVersion:   Dev-Physics (78F01B33-EBEA-4F98-B9B4-84EACCB95AA2): 14
LogDevObjectVersion:   Dev-Platform (6631380F-2D4D-43E0-8009-CF276956A95A): 0
LogDevObjectVersion:   Dev-Rendering (12F88B9F-8875-4AFC-A67C-D90C383ABD29): 45
LogDevObjectVersion:   Dev-Sequencer (7B5AE74C-D270-4C10-A958-57980B212A5A): 13
LogDevObjectVersion:   Dev-VR (D7296918-1DD6-4BDD-9DE2-64A83CC13884): 3
LogDevObjectVersion:   Dev-LoadTimes (C2A15278-BFE7-4AFE-6C17-90FF531DF755): 1
LogDevObjectVersion:   Private-Geometry (6EACA3D4-40EC-4CC1-B786-8BED09428FC5): 3
LogDevObjectVersion:   Dev-AnimPhys (29E575DD-E0A3-4627-9D10-D276232CDCEA): 17
LogDevObjectVersion:   Dev-Anim (AF43A65D-7FD3-4947-9873-3E8ED9C1BB05): 15
LogDevObjectVersion:   Dev-ReflectionCapture (6B266CEC-1EC7-4B8F-A30B-E4D90942FC07): 1
LogDevObjectVersion:   Dev-Automation (0DF73D61-A23F-47EA-B727-89E90C41499A): 1
LogDevObjectVersion:   FortniteMain (601D1886-AC64-4F84-AA16-D3DE0DEAC7D6): 47
LogDevObjectVersion:   FortniteRelease (E7086368-6B23-4C58-8439-1B7016265E91): 1
LogDevObjectVersion:   Dev-Enterprise (9DFFBCD6-494F-0158-E221-12823C92A888): 10
LogDevObjectVersion:   Dev-Niagara (F2AED0AC-9AFE-416F-8664-AA7FFA26D6FC): 1
LogDevObjectVersion:   Dev-Destruction (174F1F0B-B4C6-45A5-B13F-2EE8D0FB917D): 10
LogDevObjectVersion:   Dev-Physics-Ext (35F94A83-E258-406C-A318-09F59610247C): 41
LogDevObjectVersion:   Dev-PhysicsMaterial-Chaos (B68FC16E-8B1B-42E2-B453-215C058844FE): 1
LogDevObjectVersion:   Dev-CineCamera (B2E18506-4273-CFC2-A54E-F4BB758BBA07): 1
LogDevObjectVersion:   Dev-VirtualProduction (64F58936-FD1B-42BA-BA96-7289D5D0FA4E): 1
LogDevObjectVersion:   Dev-MediaFramework (6F0ED827-A609-4895-9C91-998D90180EA4): 2
LogInit: Presizing for max 25165824 objects, including 0 objects not considered by GC, pre-allocating 0 bytes for permanent pool.
LogConfig: Applying CVar settings from Section [/Script/Engine.StreamingSettings] File [D:/TankProject/Tankogeddon/Saved/Config/Windows/Engine.ini]
LogConfig: Setting CVar [[s.MinBulkDataSizeForAsyncLoading:131072]]
LogConfig: Setting CVar [[s.AsyncLoadingThreadEnabled:0]]
LogConfig: Setting CVar [[s.EventDrivenLoaderEnabled:1]]
LogConfig: Setting CVar [[s.WarnIfTimeLimitExceeded:0]]
LogConfig: Setting CVar [[s.TimeLimitExceededMultiplier:1.5]]
LogConfig: Setting CVar [[s.TimeLimitExceededMinTime:0.005]]
LogConfig: Setting CVar [[s.UseBackgroundLevelStreaming:1]]
LogConfig: Setting CVar [[s.PriorityAsyncLoadingExtraTime:15.0]]
LogConfig: Setting CVar [[s.LevelStreamingActorsUpdateTimeLimit:5.0]]
LogConfig: Setting CVar [[s.PriorityLevelStreamingActorsUpdateExtraTime:5.0]]
LogConfig: Setting CVar [[s.LevelStreamingComponentsRegistrationGranularity:10]]
LogConfig: Setting CVar [[s.UnregisterComponentsTimeLimit:1.0]]
LogConfig: Setting CVar [[s.LevelStreamingComponentsUnregistrationGranularity:5]]
LogConfig: Setting CVar [[s.FlushStreamingOnExit:1]]
LogInit: Object subsystem initialized
LogConfig: Setting CVar [[con.DebugEarlyDefault:1]]
LogConfig: Setting CVar [[r.setres:1280x720]]
[2022.08.23-14.30.37:775][  0]LogConfig: Setting CVar [[r.VSync:0]]
[2022.08.23-14.30.37:775][  0]LogConfig: Setting CVar [[r.RHICmdBypass:0]]
[2022.08.23-14.30.37:775][  0]LogConfig: Applying CVar settings from Section [/Script/Engine.RendererSettings] File [D:/TankProject/Tankogeddon/Saved/Config/Windows/Engine.ini]
[2022.08.23-14.30.37:775][  0]LogConfig: Setting CVar [[r.GPUCrashDebugging:0]]
[2022.08.23-14.30.37:775][  0]LogConfig: Applying CVar settings from Section [/Script/Engine.RendererOverrideSettings] File [D:/TankProject/Tankogeddon/Saved/Config/Windows/Engine.ini]
[2022.08.23-14.30.37:775][  0]LogConfig: Applying CVar settings from Section [/Script/Engine.StreamingSettings] File [D:/TankProject/Tankogeddon/Saved/Config/Windows/Engine.ini]
[2022.08.23-14.30.37:775][  0]LogConfig: Setting CVar [[s.MinBulkDataSizeForAsyncLoading:131072]]
[2022.08.23-14.30.37:775][  0]LogConfig: Setting CVar [[s.AsyncLoadingThreadEnabled:0]]
[2022.08.23-14.30.37:775][  0]LogConfig: Setting CVar [[s.EventDrivenLoaderEnabled:1]]
[2022.08.23-14.30.37:775][  0]LogConfig: Setting CVar [[s.WarnIfTimeLimitExceeded:0]]
[2022.08.23-14.30.37:775][  0]LogConfig: Setting CVar [[s.TimeLimitExceededMultiplier:1.5]]
[2022.08.23-14.30.37:775][  0]LogConfig: Setting CVar [[s.TimeLimitExceededMinTime:0.005]]
[2022.08.23-14.30.37:775][  0]LogConfig: Setting CVar [[s.UseBackgroundLevelStreaming:1]]
[2022.08.23-14.30.37:775][  0]LogConfig: Setting CVar [[s.PriorityAsyncLoadingExtraTime:15.0]]
[2022.08.23-14.30.37:775][  0]LogConfig: Setting CVar [[s.LevelStreamingActorsUpdateTimeLimit:5.0]]
[2022.08.23-14.30.37:775][  0]LogConfig: Setting CVar [[s.PriorityLevelStreamingActorsUpdateExtraTime:5.0]]
[2022.08.23-14.30.37:775][  0]LogConfig: Setting CVar [[s.LevelStreamingComponentsRegistrationGranularity:10]]
[2022.08.23-14.30.37:775][  0]LogConfig: Setting CVar [[s.UnregisterComponentsTimeLimit:1.0]]
[2022.08.23-14.30.37:775][  0]LogConfig: Setting CVar [[s.LevelStreamingComponentsUnregistrationGranularity:5]]
[2022.08.23-14.30.37:775][  0]LogConfig: Setting CVar [[s.FlushStreamingOnExit:1]]
[2022.08.23-14.30.37:775][  0]LogConfig: Applying CVar settings from Section [/Script/Engine.GarbageCollectionSettings] File [D:/TankProject/Tankogeddon/Saved/Config/Windows/Engine.ini]
[2022.08.23-14.30.37:775][  0]LogConfig: Setting CVar [[gc.MaxObjectsNotConsideredByGC:1]]
[2022.08.23-14.30.37:775][  0]LogConfig: Setting CVar [[gc.SizeOfPermanentObjectPool:0]]
[2022.08.23-14.30.37:775][  0]LogConfig: Setting CVar [[gc.FlushStreamingOnGC:0]]
[2022.08.23-14.30.37:775][  0]LogConfig: Setting CVar [[gc.NumRetriesBeforeForcingGC:10]]
[2022.08.23-14.30.37:775][  0]LogConfig: Setting CVar [[gc.AllowParallelGC:1]]
[2022.08.23-14.30.37:775][  0]LogConfig: Setting CVar [[gc.TimeBetweenPurgingPendingKillObjects:61.1]]
[2022.08.23-14.30.37:775][  0]LogConfig: Setting CVar [[gc.MaxObjectsInEditor:25165824]]
[2022.08.23-14.30.37:776][  0]LogConfig: Setting CVar [[gc.IncrementalBeginDestroyEnabled:1]]
[2022.08.23-14.30.37:776][  0]LogConfig: Setting CVar [[gc.CreateGCClusters:1]]
[2022.08.23-14.30.37:776][  0]LogConfig: Setting CVar [[gc.MinGCClusterSize:5]]
[2022.08.23-14.30.37:776][  0]LogConfig: Setting CVar [[gc.ActorClusteringEnabled:0]]
[2022.08.23-14.30.37:776][  0]LogConfig: Setting CVar [[gc.BlueprintClusteringEnabled:0]]
[2022.08.23-14.30.37:776][  0]LogConfig: Setting CVar [[gc.UseDisregardForGCOnDedicatedServers:0]]
[2022.08.23-14.30.37:776][  0]LogConfig: Setting CVar [[gc.MultithreadedDestructionEnabled:1]]
[2022.08.23-14.30.37:776][  0]LogConfig: Applying CVar settings from Section [/Script/Engine.NetworkSettings] File [D:/TankProject/Tankogeddon/Saved/Config/Windows/Engine.ini]
[2022.08.23-14.30.37:776][  0]LogConfig: Applying CVar settings from Section [/Script/UnrealEd.CookerSettings] File [D:/TankProject/Tankogeddon/Saved/Config/Windows/Engine.ini]
[2022.08.23-14.30.37:804][  0]LogConfig: Applying CVar settings from Section [ViewDistanceQuality@3] File [D:/TankProject/Tankogeddon/Saved/Config/Windows/Scalability.ini]
[2022.08.23-14.30.37:804][  0]LogConfig: Setting CVar [[r.SkeletalMeshLODBias:0]]
[2022.08.23-14.30.37:804][  0]LogConfig: Setting CVar [[r.ViewDistanceScale:1.0]]
[2022.08.23-14.30.37:804][  0]LogConfig: Applying CVar settings from Section [AntiAliasingQuality@3] File [D:/TankProject/Tankogeddon/Saved/Config/Windows/Scalability.ini]
[2022.08.23-14.30.37:804][  0]LogConfig: Setting CVar [[r.PostProcessAAQuality:4]]
[2022.08.23-14.30.37:804][  0]LogConfig: Applying CVar settings from Section [ShadowQuality@3] File [D:/TankProject/Tankogeddon/Saved/Config/Windows/Scalability.ini]
[2022.08.23-14.30.37:804][  0]LogConfig: Setting CVar [[r.LightFunctionQuality:1]]
[2022.08.23-14.30.37:804][  0]LogConfig: Setting CVar [[r.ShadowQuality:5]]
[2022.08.23-14.30.37:804][  0]LogConfig: Setting CVar [[r.Shadow.CSM.MaxCascades:10]]
[2022.08.23-14.30.37:804][  0]LogConfig: Setting CVar [[r.Shadow.MaxResolution:2048]]
[2022.08.23-14.30.37:804][  0]LogConfig: Setting CVar [[r.Shadow.MaxCSMResolution:2048]]
[2022.08.23-14.30.37:804][  0]LogConfig: Setting CVar [[r.Shadow.RadiusThreshold:0.01]]
[2022.08.23-14.30.37:804][  0]LogConfig: Setting CVar [[r.Shadow.DistanceScale:1.0]]
[2022.08.23-14.30.37:804][  0]LogConfig: Setting CVar [[r.Shadow.CSM.TransitionScale:1.0]]
[2022.08.23-14.30.37:804][  0]LogConfig: Setting CVar [[r.Shadow.PreShadowResolutionFactor:1.0]]
[2022.08.23-14.30.37:804][  0]LogConfig: Setting CVar [[r.DistanceFieldShadowing:1]]
[2022.08.23-14.30.37:804][  0]LogConfig: Setting CVar [[r.DistanceFieldAO:1]]
[2022.08.23-14.30.37:804][  0]LogConfig: Setting CVar [[r.AOQuality:2]]
[2022.08.23-14.30.37:804][  0]LogConfig: Setting CVar [[r.VolumetricFog:1]]
[2022.08.23-14.30.37:804][  0]LogConfig: Setting CVar [[r.VolumetricFog.GridPixelSize:8]]
[2022.08.23-14.30.37:804][  0]LogConfig: Setting CVar [[r.VolumetricFog.GridSizeZ:128]]
[2022.08.23-14.30.37:804][  0]LogConfig: Setting CVar [[r.VolumetricFog.HistoryMissSupersampleCount:4]]
[2022.08.23-14.30.37:804][  0]LogConfig: Setting CVar [[r.LightMaxDrawDistanceScale:1]]
[2022.08.23-14.30.37:804][  0]LogConfig: Setting CVar [[r.CapsuleShadows:1]]
[2022.08.23-14.30.37:804][  0]LogConfig: Applying CVar settings from Section [PostProcessQuality@3] File [D:/TankProject/Tankogeddon/Saved/Config/Windows/Scalability.ini]
[2022.08.23-14.30.37:804][  0]LogConfig: Setting CVar [[r.MotionBlurQuality:4]]
[2022.08.23-14.30.37:804][  0]LogConfig: Setting CVar [[r.AmbientOcclusionMipLevelFactor:0.4]]
[2022.08.23-14.30.37:804][  0]LogConfig: Setting CVar [[r.AmbientOcclusionMaxQuality:100]]
[2022.08.23-14.30.37:804][  0]LogConfig: Setting CVar [[r.AmbientOcclusionLevels:-1]]
[2022.08.23-14.30.37:804][  0]LogConfig: Setting CVar [[r.AmbientOcclusionRadiusScale:1.0]]
[2022.08.23-14.30.37:804][  0]LogConfig: Setting CVar [[r.DepthOfFieldQuality:2]]
[2022.08.23-14.30.37:804][  0]LogConfig: Setting CVar [[r.RenderTargetPoolMin:400]]
[2022.08.23-14.30.37:804][  0]LogConfig: Setting CVar [[r.LensFlareQuality:2]]
[2022.08.23-14.30.37:804][  0]LogConfig: Setting CVar [[r.SceneColorFringeQuality:1]]
[2022.08.23-14.30.37:804][  0]LogConfig: Setting CVar [[r.EyeAdaptationQuality:2]]
[2022.08.23-14.30.37:804][  0]LogConfig: Setting CVar [[r.BloomQuality:5]]
[2022.08.23-14.30.37:804][  0]LogConfig: Setting CVar [[r.FastBlurThreshold:100]]
[2022.08.23-14.30.37:804][  0]LogConfig: Setting CVar [[r.Upscale.Quality:3]]
[2022.08.23-14.30.37:804][  0]LogConfig: Setting CVar [[r.Tonemapper.GrainQuantization:1]]
[2022.08.23-14.30.37:804][  0]LogConfig: Setting CVar [[r.LightShaftQuality:1]]
[2022.08.23-14.30.37:804][  0]LogConfig: Setting CVar [[r.Filter.SizeScale:1]]
[2022.08.23-14.30.37:804][  0]LogConfig: Setting CVar [[r.Tonemapper.Quality:5]]
[2022.08.23-14.30.37:804][  0]LogConfig: Setting CVar [[r.DOF.Gather.AccumulatorQuality:1        ; higher gathering accumulator quality]]
[2022.08.23-14.30.37:804][  0]LogConfig: Setting CVar [[r.DOF.Gather.PostfilterMethod:1          ; Median3x3 postfilering method]]
[2022.08.23-14.30.37:804][  0]LogConfig: Setting CVar [[r.DOF.Gather.EnableBokehSettings:0       ; no bokeh simulation when gathering]]
[2022.08.23-14.30.37:804][  0]LogConfig: Setting CVar [[r.DOF.Gather.RingCount:4                 ; medium number of samples when gathering]]
[2022.08.23-14.30.37:804][  0]LogConfig: Setting CVar [[r.DOF.Scatter.ForegroundCompositing:1    ; additive foreground scattering]]
[2022.08.23-14.30.37:804][  0]LogConfig: Setting CVar [[r.DOF.Scatter.BackgroundCompositing:2    ; additive background scattering]]
[2022.08.23-14.30.37:804][  0]LogConfig: Setting CVar [[r.DOF.Scatter.EnableBokehSettings:1      ; bokeh simulation when scattering]]
[2022.08.23-14.30.37:804][  0]LogConfig: Setting CVar [[r.DOF.Scatter.MaxSpriteRatio:0.1         ; only a maximum of 10% of scattered bokeh]]
[2022.08.23-14.30.37:804][  0]LogConfig: Setting CVar [[r.DOF.Recombine.Quality:1                ; cheap slight out of focus]]
[2022.08.23-14.30.37:804][  0]LogConfig: Setting CVar [[r.DOF.Recombine.EnableBokehSettings:0    ; no bokeh simulation on slight out of focus]]
[2022.08.23-14.30.37:805][  0]LogConfig: Setting CVar [[r.DOF.TemporalAAQuality:1                ; more stable temporal accumulation]]
[2022.08.23-14.30.37:805][  0]LogConfig: Setting CVar [[r.DOF.Kernel.MaxForegroundRadius:0.025]]
[2022.08.23-14.30.37:805][  0]LogConfig: Setting CVar [[r.DOF.Kernel.MaxBackgroundRadius:0.025]]
[2022.08.23-14.30.37:805][  0]LogConfig: Applying CVar settings from Section [TextureQuality@3] File [D:/TankProject/Tankogeddon/Saved/Config/Windows/Scalability.ini]
[2022.08.23-14.30.37:805][  0]LogConfig: Setting CVar [[r.Streaming.MipBias:0]]
[2022.08.23-14.30.37:805][  0]LogConfig: Setting CVar [[r.Streaming.AmortizeCPUToGPUCopy:0]]
[2022.08.23-14.30.37:805][  0]LogConfig: Setting CVar [[r.Streaming.MaxNumTexturesToStreamPerFrame:0]]
[2022.08.23-14.30.37:805][  0]LogConfig: Setting CVar [[r.Streaming.Boost:1]]
[2022.08.23-14.30.37:805][  0]LogConfig: Setting CVar [[r.MaxAnisotropy:8]]
[2022.08.23-14.30.37:805][  0]LogConfig: Setting CVar [[r.VT.MaxAnisotropy:8]]
[2022.08.23-14.30.37:805][  0]LogConfig: Setting CVar [[r.Streaming.LimitPoolSizeToVRAM:0]]
[2022.08.23-14.30.37:805][  0]LogConfig: Setting CVar [[r.Streaming.PoolSize:1000]]
[2022.08.23-14.30.37:805][  0]LogConfig: Setting CVar [[r.Streaming.MaxEffectiveScreenSize:0]]
[2022.08.23-14.30.37:805][  0]LogConfig: Applying CVar settings from Section [EffectsQuality@3] File [D:/TankProject/Tankogeddon/Saved/Config/Windows/Scalability.ini]
[2022.08.23-14.30.37:805][  0]LogConfig: Setting CVar [[r.TranslucencyLightingVolumeDim:64]]
[2022.08.23-14.30.37:805][  0]LogConfig: Setting CVar [[r.RefractionQuality:2]]
[2022.08.23-14.30.37:805][  0]LogConfig: Setting CVar [[r.SSR.Quality:3]]
[2022.08.23-14.30.37:805][  0]LogConfig: Setting CVar [[r.SSR.HalfResSceneColor:0]]
[2022.08.23-14.30.37:805][  0]LogConfig: Setting CVar [[r.SceneColorFormat:4]]
[2022.08.23-14.30.37:805][  0]LogConfig: Setting CVar [[r.DetailMode:2]]
[2022.08.23-14.30.37:805][  0]LogConfig: Setting CVar [[r.TranslucencyVolumeBlur:1]]
[2022.08.23-14.30.37:805][  0]LogConfig: Setting CVar [[r.MaterialQualityLevel:1 ; High quality]]
[2022.08.23-14.30.37:805][  0]LogConfig: Setting CVar [[r.AnisotropicMaterials:1]]
[2022.08.23-14.30.37:805][  0]LogConfig: Setting CVar [[r.SSS.Scale:1]]
[2022.08.23-14.30.37:805][  0]LogConfig: Setting CVar [[r.SSS.SampleSet:2]]
[2022.08.23-14.30.37:805][  0]LogConfig: Setting CVar [[r.SSS.Quality:1]]
[2022.08.23-14.30.37:805][  0]LogConfig: Setting CVar [[r.SSS.HalfRes:0]]
[2022.08.23-14.30.37:805][  0]LogConfig: Setting CVar [[r.SSGI.Quality:3]]
[2022.08.23-14.30.37:805][  0]LogConfig: Setting CVar [[r.EmitterSpawnRateScale:1.0]]
[2022.08.23-14.30.37:805][  0]LogConfig: Setting CVar [[r.ParticleLightQuality:2]]
[2022.08.23-14.30.37:805][  0]LogConfig: Setting CVar [[r.SkyAtmosphere.AerialPerspectiveLUT.FastApplyOnOpaque:1 ; Always have FastSkyLUT 1 in this case to avoid wrong sky]]
[2022.08.23-14.30.37:805][  0]LogConfig: Setting CVar [[r.SkyAtmosphere.AerialPerspectiveLUT.SampleCountMaxPerSlice:4]]
[2022.08.23-14.30.37:805][  0]LogConfig: Setting CVar [[r.SkyAtmosphere.AerialPerspectiveLUT.DepthResolution:16.0]]
[2022.08.23-14.30.37:805][  0]LogConfig: Setting CVar [[r.SkyAtmosphere.FastSkyLUT:1]]
[2022.08.23-14.30.37:805][  0]LogConfig: Setting CVar [[r.SkyAtmosphere.FastSkyLUT.SampleCountMin:4.0]]
[2022.08.23-14.30.37:805][  0]LogConfig: Setting CVar [[r.SkyAtmosphere.FastSkyLUT.SampleCountMax:128.0]]
[2022.08.23-14.30.37:805][  0]LogConfig: Setting CVar [[r.SkyAtmosphere.SampleCountMin:4.0]]
[2022.08.23-14.30.37:805][  0]LogConfig: Setting CVar [[r.SkyAtmosphere.SampleCountMax:128.0]]
[2022.08.23-14.30.37:805][  0]LogConfig: Setting CVar [[r.SkyAtmosphere.TransmittanceLUT.UseSmallFormat:0]]
[2022.08.23-14.30.37:805][  0]LogConfig: Setting CVar [[r.SkyAtmosphere.TransmittanceLUT.SampleCount:10.0]]
[2022.08.23-14.30.37:805][  0]LogConfig: Setting CVar [[r.SkyAtmosphere.MultiScatteringLUT.SampleCount:15.0]]
[2022.08.23-14.30.37:805][  0]LogConfig: Setting CVar [[r.SkyLight.RealTimeReflectionCapture:1]]
[2022.08.23-14.30.37:805][  0]LogConfig: Applying CVar settings from Section [FoliageQuality@3] File [D:/TankProject/Tankogeddon/Saved/Config/Windows/Scalability.ini]
[2022.08.23-14.30.37:805][  0]LogConfig: Setting CVar [[foliage.DensityScale:1.0]]
[2022.08.23-14.30.37:805][  0]LogConfig: Setting CVar [[grass.DensityScale:1.0]]
[2022.08.23-14.30.37:805][  0]LogConfig: Applying CVar settings from Section [ShadingQuality@3] File [D:/TankProject/Tankogeddon/Saved/Config/Windows/Scalability.ini]
[2022.08.23-14.30.37:805][  0]LogConfig: Setting CVar [[r.HairStrands.SkyLighting.IntegrationType:2]]
[2022.08.23-14.30.37:805][  0]LogConfig: Setting CVar [[r.HairStrands.SkyAO.SampleCount:4]]
[2022.08.23-14.30.37:805][  0]LogConfig: Setting CVar [[r.HairStrands.Visibility.MSAA.SamplePerPixel:4]]
[2022.08.23-14.30.37:805][  0]LogInit: Selected Device Profile: [Windows]
[2022.08.23-14.30.37:805][  0]LogInit: Applying CVar settings loaded from the selected device profile: [Windows]
[2022.08.23-14.30.37:805][  0]LogHAL: Display: Platform has ~ 16 GB [17110405120 / 17179869184 / 16], which maps to Larger [LargestMinGB=32, LargerMinGB=12, DefaultMinGB=8, SmallerMinGB=6, SmallestMinGB=0)
[2022.08.23-14.30.37:805][  0]LogInit: Going up to parent DeviceProfile []
[2022.08.23-14.30.37:805][  0]LogConfig: Applying CVar settings from Section [ViewDistanceQuality@3] File [D:/TankProject/Tankogeddon/Saved/Config/Windows/Scalability.ini]
[2022.08.23-14.30.37:805][  0]LogConfig: Setting CVar [[r.SkeletalMeshLODBias:0]]
[2022.08.23-14.30.37:805][  0]LogConfig: Setting CVar [[r.ViewDistanceScale:1.0]]
[2022.08.23-14.30.37:805][  0]LogConfig: Applying CVar settings from Section [AntiAliasingQuality@3] File [D:/TankProject/Tankogeddon/Saved/Config/Windows/Scalability.ini]
[2022.08.23-14.30.37:805][  0]LogConfig: Setting CVar [[r.PostProcessAAQuality:4]]
[2022.08.23-14.30.37:805][  0]LogConfig: Applying CVar settings from Section [ShadowQuality@3] File [D:/TankProject/Tankogeddon/Saved/Config/Windows/Scalability.ini]
[2022.08.23-14.30.37:805][  0]LogConfig: Setting CVar [[r.LightFunctionQuality:1]]
[2022.08.23-14.30.37:805][  0]LogConfig: Setting CVar [[r.ShadowQuality:5]]
[2022.08.23-14.30.37:805][  0]LogConfig: Setting CVar [[r.Shadow.CSM.MaxCascades:10]]
[2022.08.23-14.30.37:805][  0]LogConfig: Setting CVar [[r.Shadow.MaxResolution:2048]]
[2022.08.23-14.30.37:805][  0]LogConfig: Setting CVar [[r.Shadow.MaxCSMResolution:2048]]
[2022.08.23-14.30.37:805][  0]LogConfig: Setting CVar [[r.Shadow.RadiusThreshold:0.01]]
[2022.08.23-14.30.37:805][  0]LogConfig: Setting CVar [[r.Shadow.DistanceScale:1.0]]
[2022.08.23-14.30.37:805][  0]LogConfig: Setting CVar [[r.Shadow.CSM.TransitionScale:1.0]]
[2022.08.23-14.30.37:805][  0]LogConfig: Setting CVar [[r.Shadow.PreShadowResolutionFactor:1.0]]
[2022.08.23-14.30.37:805][  0]LogConfig: Setting CVar [[r.DistanceFieldShadowing:1]]
[2022.08.23-14.30.37:805][  0]LogConfig: Setting CVar [[r.DistanceFieldAO:1]]
[2022.08.23-14.30.37:805][  0]LogConfig: Setting CVar [[r.AOQuality:2]]
[2022.08.23-14.30.37:805][  0]LogConfig: Setting CVar [[r.VolumetricFog:1]]
[2022.08.23-14.30.37:805][  0]LogConfig: Setting CVar [[r.VolumetricFog.GridPixelSize:8]]
[2022.08.23-14.30.37:805][  0]LogConfig: Setting CVar [[r.VolumetricFog.GridSizeZ:128]]
[2022.08.23-14.30.37:805][  0]LogConfig: Setting CVar [[r.VolumetricFog.HistoryMissSupersampleCount:4]]
[2022.08.23-14.30.37:805][  0]LogConfig: Setting CVar [[r.LightMaxDrawDistanceScale:1]]
[2022.08.23-14.30.37:805][  0]LogConfig: Setting CVar [[r.CapsuleShadows:1]]
[2022.08.23-14.30.37:805][  0]LogConfig: Applying CVar settings from Section [PostProcessQuality@3] File [D:/TankProject/Tankogeddon/Saved/Config/Windows/Scalability.ini]
[2022.08.23-14.30.37:805][  0]LogConfig: Setting CVar [[r.MotionBlurQuality:4]]
[2022.08.23-14.30.37:805][  0]LogConfig: Setting CVar [[r.AmbientOcclusionMipLevelFactor:0.4]]
[2022.08.23-14.30.37:806][  0]LogConfig: Setting CVar [[r.AmbientOcclusionMaxQuality:100]]
[2022.08.23-14.30.37:806][  0]LogConfig: Setting CVar [[r.AmbientOcclusionLevels:-1]]
[2022.08.23-14.30.37:806][  0]LogConfig: Setting CVar [[r.AmbientOcclusionRadiusScale:1.0]]
[2022.08.23-14.30.37:806][  0]LogConfig: Setting CVar [[r.DepthOfFieldQuality:2]]
[2022.08.23-14.30.37:806][  0]LogConfig: Setting CVar [[r.RenderTargetPoolMin:400]]
[2022.08.23-14.30.37:806][  0]LogConfig: Setting CVar [[r.LensFlareQuality:2]]
[2022.08.23-14.30.37:806][  0]LogConfig: Setting CVar [[r.SceneColorFringeQuality:1]]
[2022.08.23-14.30.37:806][  0]LogConfig: Setting CVar [[r.EyeAdaptationQuality:2]]
[2022.08.23-14.30.37:806][  0]LogConfig: Setting CVar [[r.BloomQuality:5]]
[2022.08.23-14.30.37:806][  0]LogConfig: Setting CVar [[r.FastBlurThreshold:100]]
[2022.08.23-14.30.37:806][  0]LogConfig: Setting CVar [[r.Upscale.Quality:3]]
[2022.08.23-14.30.37:806][  0]LogConfig: Setting CVar [[r.Tonemapper.GrainQuantization:1]]
[2022.08.23-14.30.37:806][  0]LogConfig: Setting CVar [[r.LightShaftQuality:1]]
[2022.08.23-14.30.37:806][  0]LogConfig: Setting CVar [[r.Filter.SizeScale:1]]
[2022.08.23-14.30.37:806][  0]LogConfig: Setting CVar [[r.Tonemapper.Quality:5]]
[2022.08.23-14.30.37:806][  0]LogConfig: Setting CVar [[r.DOF.Gather.AccumulatorQuality:1        ; higher gathering accumulator quality]]
[2022.08.23-14.30.37:806][  0]LogConfig: Setting CVar [[r.DOF.Gather.PostfilterMethod:1          ; Median3x3 postfilering method]]
[2022.08.23-14.30.37:806][  0]LogConfig: Setting CVar [[r.DOF.Gather.EnableBokehSettings:0       ; no bokeh simulation when gathering]]
[2022.08.23-14.30.37:806][  0]LogConfig: Setting CVar [[r.DOF.Gather.RingCount:4                 ; medium number of samples when gathering]]
[2022.08.23-14.30.37:806][  0]LogConfig: Setting CVar [[r.DOF.Scatter.ForegroundCompositing:1    ; additive foreground scattering]]
[2022.08.23-14.30.37:806][  0]LogConfig: Setting CVar [[r.DOF.Scatter.BackgroundCompositing:2    ; additive background scattering]]
[2022.08.23-14.30.37:806][  0]LogConfig: Setting CVar [[r.DOF.Scatter.EnableBokehSettings:1      ; bokeh simulation when scattering]]
[2022.08.23-14.30.37:806][  0]LogConfig: Setting CVar [[r.DOF.Scatter.MaxSpriteRatio:0.1         ; only a maximum of 10% of scattered bokeh]]
[2022.08.23-14.30.37:806][  0]LogConfig: Setting CVar [[r.DOF.Recombine.Quality:1                ; cheap slight out of focus]]
[2022.08.23-14.30.37:806][  0]LogConfig: Setting CVar [[r.DOF.Recombine.EnableBokehSettings:0    ; no bokeh simulation on slight out of focus]]
[2022.08.23-14.30.37:806][  0]LogConfig: Setting CVar [[r.DOF.TemporalAAQuality:1                ; more stable temporal accumulation]]
[2022.08.23-14.30.37:806][  0]LogConfig: Setting CVar [[r.DOF.Kernel.MaxForegroundRadius:0.025]]
[2022.08.23-14.30.37:806][  0]LogConfig: Setting CVar [[r.DOF.Kernel.MaxBackgroundRadius:0.025]]
[2022.08.23-14.30.37:806][  0]LogConfig: Applying CVar settings from Section [TextureQuality@3] File [D:/TankProject/Tankogeddon/Saved/Config/Windows/Scalability.ini]
[2022.08.23-14.30.37:806][  0]LogConfig: Setting CVar [[r.Streaming.MipBias:0]]
[2022.08.23-14.30.37:806][  0]LogConfig: Setting CVar [[r.Streaming.AmortizeCPUToGPUCopy:0]]
[2022.08.23-14.30.37:806][  0]LogConfig: Setting CVar [[r.Streaming.MaxNumTexturesToStreamPerFrame:0]]
[2022.08.23-14.30.37:806][  0]LogConfig: Setting CVar [[r.Streaming.Boost:1]]
[2022.08.23-14.30.37:806][  0]LogConfig: Setting CVar [[r.MaxAnisotropy:8]]
[2022.08.23-14.30.37:806][  0]LogConfig: Setting CVar [[r.VT.MaxAnisotropy:8]]
[2022.08.23-14.30.37:806][  0]LogConfig: Setting CVar [[r.Streaming.LimitPoolSizeToVRAM:0]]
[2022.08.23-14.30.37:806][  0]LogConfig: Setting CVar [[r.Streaming.PoolSize:1000]]
[2022.08.23-14.30.37:806][  0]LogConfig: Setting CVar [[r.Streaming.MaxEffectiveScreenSize:0]]
[2022.08.23-14.30.37:806][  0]LogConfig: Applying CVar settings from Section [EffectsQuality@3] File [D:/TankProject/Tankogeddon/Saved/Config/Windows/Scalability.ini]
[2022.08.23-14.30.37:806][  0]LogConfig: Setting CVar [[r.TranslucencyLightingVolumeDim:64]]
[2022.08.23-14.30.37:806][  0]LogConfig: Setting CVar [[r.RefractionQuality:2]]
[2022.08.23-14.30.37:806][  0]LogConfig: Setting CVar [[r.SSR.Quality:3]]
[2022.08.23-14.30.37:806][  0]LogConfig: Setting CVar [[r.SSR.HalfResSceneColor:0]]
[2022.08.23-14.30.37:806][  0]LogConfig: Setting CVar [[r.SceneColorFormat:4]]
[2022.08.23-14.30.37:806][  0]LogConfig: Setting CVar [[r.DetailMode:2]]
[2022.08.23-14.30.37:806][  0]LogConfig: Setting CVar [[r.TranslucencyVolumeBlur:1]]
[2022.08.23-14.30.37:806][  0]LogConfig: Setting CVar [[r.MaterialQualityLevel:1 ; High quality]]
[2022.08.23-14.30.37:806][  0]LogConfig: Setting CVar [[r.AnisotropicMaterials:1]]
[2022.08.23-14.30.37:806][  0]LogConfig: Setting CVar [[r.SSS.Scale:1]]
[2022.08.23-14.30.37:806][  0]LogConfig: Setting CVar [[r.SSS.SampleSet:2]]
[2022.08.23-14.30.37:806][  0]LogConfig: Setting CVar [[r.SSS.Quality:1]]
[2022.08.23-14.30.37:806][  0]LogConfig: Setting CVar [[r.SSS.HalfRes:0]]
[2022.08.23-14.30.37:806][  0]LogConfig: Setting CVar [[r.SSGI.Quality:3]]
[2022.08.23-14.30.37:806][  0]LogConfig: Setting CVar [[r.EmitterSpawnRateScale:1.0]]
[2022.08.23-14.30.37:806][  0]LogConfig: Setting CVar [[r.ParticleLightQuality:2]]
[2022.08.23-14.30.37:806][  0]LogConfig: Setting CVar [[r.SkyAtmosphere.AerialPerspectiveLUT.FastApplyOnOpaque:1 ; Always have FastSkyLUT 1 in this case to avoid wrong sky]]
[2022.08.23-14.30.37:806][  0]LogConfig: Setting CVar [[r.SkyAtmosphere.AerialPerspectiveLUT.SampleCountMaxPerSlice:4]]
[2022.08.23-14.30.37:806][  0]LogConfig: Setting CVar [[r.SkyAtmosphere.AerialPerspectiveLUT.DepthResolution:16.0]]
[2022.08.23-14.30.37:806][  0]LogConfig: Setting CVar [[r.SkyAtmosphere.FastSkyLUT:1]]
[2022.08.23-14.30.37:806][  0]LogConfig: Setting CVar [[r.SkyAtmosphere.FastSkyLUT.SampleCountMin:4.0]]
[2022.08.23-14.30.37:806][  0]LogConfig: Setting CVar [[r.SkyAtmosphere.FastSkyLUT.SampleCountMax:128.0]]
[2022.08.23-14.30.37:806][  0]LogConfig: Setting CVar [[r.SkyAtmosphere.SampleCountMin:4.0]]
[2022.08.23-14.30.37:806][  0]LogConfig: Setting CVar [[r.SkyAtmosphere.SampleCountMax:128.0]]
[2022.08.23-14.30.37:806][  0]LogConfig: Setting CVar [[r.SkyAtmosphere.TransmittanceLUT.UseSmallFormat:0]]
[2022.08.23-14.30.37:806][  0]LogConfig: Setting CVar [[r.SkyAtmosphere.TransmittanceLUT.SampleCount:10.0]]
[2022.08.23-14.30.37:806][  0]LogConfig: Setting CVar [[r.SkyAtmosphere.MultiScatteringLUT.SampleCount:15.0]]
[2022.08.23-14.30.37:806][  0]LogConfig: Setting CVar [[r.SkyLight.RealTimeReflectionCapture:1]]
[2022.08.23-14.30.37:806][  0]LogConfig: Applying CVar settings from Section [FoliageQuality@3] File [D:/TankProject/Tankogeddon/Saved/Config/Windows/Scalability.ini]
[2022.08.23-14.30.37:806][  0]LogConfig: Setting CVar [[foliage.DensityScale:1.0]]
[2022.08.23-14.30.37:806][  0]LogConfig: Setting CVar [[grass.DensityScale:1.0]]
[2022.08.23-14.30.37:806][  0]LogConfig: Applying CVar settings from Section [ShadingQuality@3] File [D:/TankProject/Tankogeddon/Saved/Config/Windows/Scalability.ini]
[2022.08.23-14.30.37:806][  0]LogConfig: Setting CVar [[r.HairStrands.SkyLighting.IntegrationType:2]]
[2022.08.23-14.30.37:806][  0]LogConfig: Setting CVar [[r.HairStrands.SkyAO.SampleCount:4]]
[2022.08.23-14.30.37:806][  0]LogConfig: Setting CVar [[r.HairStrands.Visibility.MSAA.SamplePerPixel:4]]
[2022.08.23-14.30.37:806][  0]LogConfig: Applying CVar settings from Section [Startup] File [../../../Engine/Config/ConsoleVariables.ini]
[2022.08.23-14.30.37:807][  0]LogConfig: Setting CVar [[net.UseAdaptiveNetUpdateFrequency:0]]
[2022.08.23-14.30.37:807][  0]LogConfig: Setting CVar [[p.chaos.AllowCreatePhysxBodies:1]]
[2022.08.23-14.30.37:807][  0]LogConfig: Setting CVar [[fx.SkipVectorVMBackendOptimizations:1]]
[2022.08.23-14.30.37:807][  0]LogConfig: Applying CVar settings from Section [ConsoleVariables] File [D:/TankProject/Tankogeddon/Saved/Config/Windows/Engine.ini]
[2022.08.23-14.30.37:807][  0]LogConfig: Applying CVar settings from Section [ConsoleVariables] File [D:/TankProject/Tankogeddon/Saved/Config/Windows/Editor.ini]
[2022.08.23-14.30.37:807][  0]LogInit: Computer: ROMA-DURAK
[2022.08.23-14.30.37:807][  0]LogInit: User: 1
[2022.08.23-14.30.37:807][  0]LogInit: CPU Page size=4096, Cores=6
[2022.08.23-14.30.37:807][  0]LogInit: High frequency timer resolution =10.000000 MHz
[2022.08.23-14.30.37:807][  0]LogMemory: Memory total: Physical=15.9GB (16GB approx)
[2022.08.23-14.30.37:807][  0]LogMemory: Platform Memory Stats for Windows
[2022.08.23-14.30.37:807][  0]LogMemory: Process Physical Memory: 143.86 MB used, 143.86 MB peak
[2022.08.23-14.30.37:807][  0]LogMemory: Process Virtual Memory: 114.31 MB used, 114.31 MB peak
[2022.08.23-14.30.37:807][  0]LogMemory: Physical Memory: 13465.83 MB used,  2851.92 MB free, 16317.75 MB total
[2022.08.23-14.30.37:807][  0]LogMemory: Virtual Memory: 134214464.00 MB used,  3262.20 MB free, 134217728.00 MB total
[2022.08.23-14.30.37:812][  0]LogWindows: WindowsPlatformFeatures enabled
[2022.08.23-14.30.37:859][  0]LogInit: Physics initialised using underlying interface: PhysX
[2022.08.23-14.30.37:860][  0]LogInit: Using OS detected language (ru-RU).
[2022.08.23-14.30.37:860][  0]LogInit: Using OS detected locale (ru-RU).
[2022.08.23-14.30.37:863][  0]LogTextLocalizationManager: No specific localization for 'ru-RU' exists, so the 'ru' localization will be used.
[2022.08.23-14.30.37:863][  0]LogTextLocalizationResource: LocRes '../../../Engine/Content/Localization/Editor/ru/Editor.locres' could not be opened for reading!
[2022.08.23-14.30.37:863][  0]LogTextLocalizationResource: LocRes '../../../Engine/Content/Localization/EditorTutorials/ru/EditorTutorials.locres' could not be opened for reading!
[2022.08.23-14.30.37:863][  0]LogTextLocalizationResource: LocRes '../../../Engine/Content/Localization/Keywords/ru/Keywords.locres' could not be opened for reading!
[2022.08.23-14.30.37:863][  0]LogTextLocalizationResource: LocRes '../../../Engine/Content/Localization/Category/ru/Category.locres' could not be opened for reading!
[2022.08.23-14.30.37:863][  0]LogTextLocalizationResource: LocRes '../../../Engine/Content/Localization/ToolTips/ru/ToolTips.locres' could not be opened for reading!
[2022.08.23-14.30.37:863][  0]LogTextLocalizationResource: LocRes '../../../Engine/Content/Localization/PropertyNames/ru/PropertyNames.locres' could not be opened for reading!
[2022.08.23-14.30.37:863][  0]LogTextLocalizationResource: LocRes '../../../Engine/Content/Localization/Engine/ru/Engine.locres' could not be opened for reading!
[2022.08.23-14.30.37:864][  0]LogInit: Setting process to per monitor DPI aware
[2022.08.23-14.30.37:878][  0]LogWindowsTextInputMethodSystem: Display: IME system deactivated.
[2022.08.23-14.30.37:893][  0]LogSlate: New Slate User Created.  User Index 0, Is Virtual User: 0
[2022.08.23-14.30.37:893][  0]LogSlate: Slate User Registered.  User Index 0, Is Virtual User: 0
[2022.08.23-14.30.38:087][  0]LogD3D11RHI: Loaded GFSDK_Aftermath_Lib.x64.dll
[2022.08.23-14.30.38:090][  0]LogHMD: Failed to initialize OpenVR with code 110
[2022.08.23-14.30.38:090][  0]LogD3D11RHI: D3D11 min allowed feature level: 11_0
[2022.08.23-14.30.38:090][  0]LogD3D11RHI: D3D11 max allowed feature level: 11_0
[2022.08.23-14.30.38:090][  0]LogD3D11RHI: D3D11 adapters:
[2022.08.23-14.30.38:189][  0]LogD3D11RHI:    0. 'NVIDIA GeForce GTX 1060 3GB' (Feature Level 11_0)
[2022.08.23-14.30.38:189][  0]LogD3D11RHI:       2988/0/8158 MB DedicatedVideo/DedicatedSystem/SharedSystem, Outputs:1, VendorId:0x10de
[2022.08.23-14.30.38:191][  0]LogD3D11RHI:    1. 'Microsoft Basic Render Driver' (Feature Level 11_0)
[2022.08.23-14.30.38:191][  0]LogD3D11RHI:       0/0/8158 MB DedicatedVideo/DedicatedSystem/SharedSystem, Outputs:0, VendorId:0x1414
[2022.08.23-14.30.38:191][  0]LogD3D11RHI: Chosen D3D11 Adapter:
[2022.08.23-14.30.38:191][  0]LogD3D11RHI:     Description : NVIDIA GeForce GTX 1060 3GB
[2022.08.23-14.30.38:191][  0]LogD3D11RHI:     VendorId    : 10de
[2022.08.23-14.30.38:191][  0]LogD3D11RHI:     DeviceId    : 1c02
[2022.08.23-14.30.38:191][  0]LogD3D11RHI:     SubSysId    : 37221458
[2022.08.23-14.30.38:191][  0]LogD3D11RHI:     Revision    : 00a1
[2022.08.23-14.30.38:191][  0]LogD3D11RHI:     DedicatedVideoMemory : 3133145088 bytes
[2022.08.23-14.30.38:191][  0]LogD3D11RHI:     DedicatedSystemMemory : 0 bytes
[2022.08.23-14.30.38:191][  0]LogD3D11RHI:     SharedSystemMemory : 8555202560 bytes
[2022.08.23-14.30.38:191][  0]LogD3D11RHI:     AdapterLuid : 0 38814
[2022.08.23-14.30.38:201][  0]LogD3D11RHI: Creating new Direct3DDevice
[2022.08.23-14.30.38:201][  0]LogD3D11RHI:     GPU DeviceId: 0x1c02 (for the marketing name, search the web for "GPU Device Id")
[2022.08.23-14.30.38:201][  0]LogWindows: EnumDisplayDevices:
[2022.08.23-14.30.38:201][  0]LogWindows:    0. 'NVIDIA GeForce GTX 1060 3GB' (P:1 D:1)
[2022.08.23-14.30.38:202][  0]LogWindows:    1. 'NVIDIA GeForce GTX 1060 3GB' (P:0 D:0)
[2022.08.23-14.30.38:202][  0]LogWindows:    2. 'NVIDIA GeForce GTX 1060 3GB' (P:0 D:0)
[2022.08.23-14.30.38:202][  0]LogWindows:    3. 'NVIDIA GeForce GTX 1060 3GB' (P:0 D:0)
[2022.08.23-14.30.38:202][  0]LogWindows: DebugString: FoundDriverCount:4 
[2022.08.23-14.30.38:202][  0]LogD3D11RHI:     Adapter Name: NVIDIA GeForce GTX 1060 3GB
[2022.08.23-14.30.38:202][  0]LogD3D11RHI:   Driver Version: 511.23 (internal:30.0.15.1123, unified:511.23)
[2022.08.23-14.30.38:202][  0]LogD3D11RHI:      Driver Date: 1-10-2022
[2022.08.23-14.30.38:202][  0]LogRHI: Texture pool is 2091 MB (70% of 2988 MB)
[2022.08.23-14.30.38:202][  0]LogD3D11RHI: Creating D3DDevice using adapter:
[2022.08.23-14.30.38:202][  0]LogD3D11RHI:     Description : NVIDIA GeForce GTX 1060 3GB
[2022.08.23-14.30.38:202][  0]LogD3D11RHI:     VendorId    : 10de
[2022.08.23-14.30.38:202][  0]LogD3D11RHI:     DeviceId    : 1c02
[2022.08.23-14.30.38:202][  0]LogD3D11RHI:     SubSysId    : 37221458
[2022.08.23-14.30.38:203][  0]LogD3D11RHI:     Revision    : 00a1
[2022.08.23-14.30.38:203][  0]LogD3D11RHI:     DedicatedVideoMemory : 3133145088 bytes
[2022.08.23-14.30.38:203][  0]LogD3D11RHI:     DedicatedSystemMemory : 0 bytes
[2022.08.23-14.30.38:203][  0]LogD3D11RHI:     SharedSystemMemory : 8555202560 bytes
[2022.08.23-14.30.38:203][  0]LogD3D11RHI:     AdapterLuid : 0 38814
[2022.08.23-14.30.38:246][  0]LogD3D11RHI: RHI has support for 64 bit atomics
[2022.08.23-14.30.38:247][  0]LogD3D11RHI: Async texture creation enabled
[2022.08.23-14.30.38:247][  0]LogD3D11RHI: Array index from any shader is supported
[2022.08.23-14.30.38:248][  0]LogD3D11RHI: HDR output is supported on display 0 (NvId: 0x80061082).
[2022.08.23-14.30.38:268][  0]LogD3D11RHI: GPU Timing Frequency: 1000.000000 (Debug: 2 1)
[2022.08.23-14.30.38:312][  0]LogRHI: GeForceNow SDK initialized: 1
[2022.08.23-14.30.39:124][  0]LogTargetPlatformManager: Display: Loaded TargetPlatform 'AllDesktop'
[2022.08.23-14.30.39:144][  0]LogTargetPlatformManager: Display: Loaded TargetPlatform 'Android'
[2022.08.23-14.30.39:144][  0]LogTargetPlatformManager: Display: Loaded TargetPlatform 'Android_ASTC'
[2022.08.23-14.30.39:144][  0]LogTargetPlatformManager: Display: Loaded TargetPlatform 'Android_DXT'
[2022.08.23-14.30.39:145][  0]LogTargetPlatformManager: Display: Loaded TargetPlatform 'Android_ETC2'
[2022.08.23-14.30.39:145][  0]LogTargetPlatformManager: Display: Loaded TargetPlatform 'AndroidClient'
[2022.08.23-14.30.39:145][  0]LogTargetPlatformManager: Display: Loaded TargetPlatform 'Android_ASTCClient'
[2022.08.23-14.30.39:145][  0]LogTargetPlatformManager: Display: Loaded TargetPlatform 'Android_DXTClient'
[2022.08.23-14.30.39:145][  0]LogTargetPlatformManager: Display: Loaded TargetPlatform 'Android_ETC2Client'
[2022.08.23-14.30.39:145][  0]LogTargetPlatformManager: Display: Loaded TargetPlatform 'Android_Multi'
[2022.08.23-14.30.39:145][  0]LogTargetPlatformManager: Display: Loaded TargetPlatform 'Android_MultiClient'
[2022.08.23-14.30.39:163][  0]LogTargetPlatformManager: Display: Loaded TargetPlatform 'IOSClient'
[2022.08.23-14.30.39:163][  0]LogTargetPlatformManager: Display: Loaded TargetPlatform 'IOS'
[2022.08.23-14.30.39:172][  0]LogTargetPlatformManager: Display: Loaded TargetPlatform 'Linux'
[2022.08.23-14.30.39:177][  0]LogTargetPlatformManager: Display: Loaded TargetPlatform 'LinuxNoEditor'
[2022.08.23-14.30.39:182][  0]LogTargetPlatformManager: Display: Loaded TargetPlatform 'LinuxClient'
[2022.08.23-14.30.39:186][  0]LogTargetPlatformManager: Display: Loaded TargetPlatform 'LinuxServer'
[2022.08.23-14.30.39:196][  0]LogTargetPlatformManager: Display: Loaded TargetPlatform 'LinuxAArch64NoEditor'
[2022.08.23-14.30.39:201][  0]LogTargetPlatformManager: Display: Loaded TargetPlatform 'LinuxAArch64Client'
[2022.08.23-14.30.39:206][  0]LogTargetPlatformManager: Display: Loaded TargetPlatform 'LinuxAArch64Server'
[2022.08.23-14.30.39:232][  0]LogTargetPlatformManager: Display: Loaded TargetPlatform 'Lumin'
[2022.08.23-14.30.39:232][  0]LogTargetPlatformManager: Display: Loaded TargetPlatform 'LuminClient'
[2022.08.23-14.30.39:242][  0]LogTargetPlatformManager: Display: Loaded TargetPlatform 'MacNoEditor'
[2022.08.23-14.30.39:248][  0]LogTargetPlatformManager: Display: Loaded TargetPlatform 'Mac'
[2022.08.23-14.30.39:255][  0]LogTargetPlatformManager: Display: Loaded TargetPlatform 'MacClient'
[2022.08.23-14.30.39:261][  0]LogTargetPlatformManager: Display: Loaded TargetPlatform 'MacServer'
[2022.08.23-14.30.39:273][  0]LogTargetPlatformManager: Display: Loaded TargetPlatform 'TVOSClient'
[2022.08.23-14.30.39:273][  0]LogTargetPlatformManager: Display: Loaded TargetPlatform 'TVOS'
[2022.08.23-14.30.39:284][  0]LogTargetPlatformManager: Display: Loaded TargetPlatform 'WindowsNoEditor'
[2022.08.23-14.30.39:290][  0]LogTargetPlatformManager: Display: Loaded TargetPlatform 'Windows'
[2022.08.23-14.30.39:296][  0]LogTargetPlatformManager: Display: Loaded TargetPlatform 'WindowsClient'
[2022.08.23-14.30.39:302][  0]LogTargetPlatformManager: Display: Loaded TargetPlatform 'WindowsServer'
[2022.08.23-14.30.39:302][  0]LogTargetPlatformManager: Display: Building Assets For Windows
[2022.08.23-14.30.39:312][  0]LogAudioDebug: Display: Lib vorbis DLL was dynamically loaded.
[2022.08.23-14.30.39:344][  0]LogTextureFormatOodle: Display: Oodle Texture 2.9.0 init RDO Off
[2022.08.23-14.30.39:384][  0]LogRendererCore: Ray tracing is disabled. Reason: r.RayTracing=0.
[2022.08.23-14.30.39:384][  0]LogShaderCompilers: Guid format shader working directory is 3 characters bigger than the processId version (../../../../../TankProject/Tankogeddon/Intermediate/Shaders/WorkingDirectory/35176/).
[2022.08.23-14.30.39:384][  0]LogShaderCompilers: Cleaned the shader compiler working directory 'C:/Users/1/AppData/Local/Temp/UnrealShaderWorkingDir/6CC3F82B42E8E8F0A0AE8282D643448C/'.
[2022.08.23-14.30.39:385][  0]LogXGEController: Cannot use XGE Controller as Incredibuild is not installed on this machine.
[2022.08.23-14.30.39:385][  0]LogShaderCompilers: Cannot use XGE Shader Compiler as Incredibuild is not installed on this machine.
[2022.08.23-14.30.39:385][  0]LogShaderCompilers: Display: Using Local Shader Compiler.
[2022.08.23-14.30.40:140][  0]LogDerivedDataCache: Display: Max Cache Size: 512 MB
[2022.08.23-14.30.40:211][  0]LogDerivedDataCache: Loaded boot cache 0.07s 94MB C:/Users/1/AppData/Local/UnrealEngine/4.27/DerivedDataCache/Boot.ddc.
[2022.08.23-14.30.40:211][  0]LogDerivedDataCache: Display: Loaded Boot cache: C:/Users/1/AppData/Local/UnrealEngine/4.27/DerivedDataCache/Boot.ddc
[2022.08.23-14.30.40:211][  0]LogDerivedDataCache: FDerivedDataBackendGraph:  Pak pak cache file ../../../../../TankProject/Tankogeddon/DerivedDataCache/DDC.ddp not found, will not use a pak cache.
[2022.08.23-14.30.40:211][  0]LogDerivedDataCache: Unable to find inner node Pak for hierarchical cache Hierarchy.
[2022.08.23-14.30.40:211][  0]LogDerivedDataCache: FDerivedDataBackendGraph:  CompressedPak pak cache file ../../../../../TankProject/Tankogeddon/DerivedDataCache/Compressed.ddp not found, will not use a pak cache.
[2022.08.23-14.30.40:211][  0]LogDerivedDataCache: Unable to find inner node CompressedPak for hierarchical cache Hierarchy.
[2022.08.23-14.30.40:228][  0]LogDerivedDataCache: Display: Pak cache opened for reading ../../../Engine/DerivedDataCache/Compressed.ddp.
[2022.08.23-14.30.40:228][  0]LogDerivedDataCache: FDerivedDataBackendGraph:  EnterprisePak pak cache file ../../../Enterprise/DerivedDataCache/Compressed.ddp not found, will not use a pak cache.
[2022.08.23-14.30.40:228][  0]LogDerivedDataCache: Unable to find inner node EnterprisePak for hierarchical cache Hierarchy.
[2022.08.23-14.30.40:232][  0]LogDerivedDataCache: Speed tests for C:/Users/1/AppData/Local/UnrealEngine/Common/DerivedDataCache took 0.00 seconds
[2022.08.23-14.30.40:232][  0]LogDerivedDataCache: Display: Performance to C:/Users/1/AppData/Local/UnrealEngine/Common/DerivedDataCache: Latency=0.02ms. RandomReadSpeed=1315.16MBs, RandomWriteSpeed=271.43MBs. Assigned SpeedClass 'Local'
[2022.08.23-14.30.40:233][  0]LogDerivedDataCache: Using Local data cache path C:/Users/1/AppData/Local/UnrealEngine/Common/DerivedDataCache: Writable
[2022.08.23-14.30.40:233][  0]LogDerivedDataCache: Shared data cache path not found in *engine.ini, will not use an Shared cache.
[2022.08.23-14.30.40:233][  0]LogDerivedDataCache: Unable to find inner node Shared for hierarchical cache Hierarchy.
[2022.08.23-14.30.40:276][  0]LogSlate: Using FreeType 2.10.0
[2022.08.23-14.30.40:277][  0]LogSlate: SlateFontServices - WITH_FREETYPE: 1, WITH_HARFBUZZ: 1
[2022.08.23-14.30.40:304][  0]LogAssetRegistry: FAssetRegistry took 0.0026 seconds to start up
[2022.08.23-14.30.40:524][  0]LogInit: Selected Device Profile: [Windows]
[2022.08.23-14.30.40:524][  0]LogInit: Active device profile: [000002385FC6AE00][00000238557A5780 49] Windows
[2022.08.23-14.30.40:524][  0]LogInit: Profiles: [000002385FC6AE00][00000238557A5780 49] Windows, [000002385FBEDB00][000002385D2FD900 49] WindowsNoEditor, [000002385FC6A100][000002385F7E7A80 49] WindowsServer, [000002385FBEE700][000002385F7EBC00 49] WindowsClient, [000002385FC69B00][000002385F7EE200 49] IOS, [000002385FBECA00][000002385F7F2380 49] iPadAir, [000002385FC6B000][0000023860D82500 49] iPadAir2, [000002385FB75000][0000023860D90740 49] IPadPro, [000002385FB75100][0000023852AA0780 49] iPadAir3, [000002385FBEF900][0000023860D948C0 49] iPadAir4, [000002385FB75D00][0000023860D9CA40 49] iPadMini2, [000002385FBEEF00][0000023860DA0BC0 49] iPadMini3, [000002385FB76700][0000023860F28D40 49] iPadMini4, [000002385FBEE400][0000023860F2CEC0 49] iPadMini5, [000002385FB7C900][0000023860F3B180 49] iPhone6, [000002385FB7CA00][0000023860F311C0 49] iPodTouch6, [000002385FC6AD00][000002385D047480 49] iPhone7, [000002385FC69400][000002385D0434C0 49] iPodTouch7, [000002385FB76800][000002385D05F640 49] iPhone5S, [000002385FB74A00][000002385D06B7C0 49] iPhone6Plus, [000002385FB7FC00][000002385D06F940 49] iPhone6S, [000002385FB74800][000002385D073AC0 49] iPhone6SPlus, [000002385FB7E400][000002385D0760C0 49] iPhone7Plus, [000002385FB74600][000002385D07A240 49] iPhoneSE, [000002385FB7E200][000002385D07E3C0 49] iPhone8, [000002385FB77C00][000002385D086540 49] iPhone8Plus, [000002385FB7E100][000002385D08A6C0 49] iPhoneX, [000002385FB74F00][0000023860D98800 49] iPhoneXS, [000002385FC69600][000002385D08E940 49] iPhoneXSMax, [000002385FB76500][00000238610A8A80 49] iPhoneXR, [000002385FC68800][0000023861328BC0 49] iPhone11, [000002385FB76300][0000023861330D40 49] iPhone11Pro, [000002385FC69100][0000023861334EC0 49] iPhone11ProMax, [000002385FB74300][0000023861339040 49] iPhoneSE2, [000002385FC68E00][000002386133D1C0 49] iPhone12Mini, [000002385FB77A00][00000238525DB340 49] iPhone12, [000002385FC69A00][000002385D0834C0 49] iPhone12Pro, [000002385FB74E00][0000023861341640 49] iPhone12ProMax, [000002385FC6A300][00000238613457C0 49] iPadPro105, [000002385FB74500][0000023861349940 49] iPadPro129, [000002385FC6BA00][000002386134DAC0 49] iPadPro97, [000002385FB74100][000002385D0920C0 49] iPadPro2_129, [000002385FC69D00][000002385D0A2240 49] iPad5, [000002385FB77B00][000002385D0A63C0 49] iPad6, [000002385FC6A200][000002385D0AA540 49] iPad7, [000002385FB77000][000002385D0AE6C0 49] iPad8, [000002385FC68A00][0000023852A80840 49] iPadPro11, [000002385FB77700][000002386132C980 49] iPadPro2_11, [000002385FC6A500][0000023852A84AC0 49] iPadPro3_129, [000002385FB74700][000002385F710C00 49] iPadPro4_129, [000002385FC6BC00][000002385F71CD40 49] AppleTV, [000002385FB76D00][000002385F78AEC0 49] AppleTV4K, [000002385FC69000][0000023852A89040 49] TVOS, [000002385FB74C00][0000023852A8D1C0 49] Mac, [000002385FC6B900][0000023852A91340 49] MacClient, [000002385FB76E00][0000023852A954C0 49] MacNoEditor, [000002385FC68900][0000023852A99640 49] MacServer, [000002385FB76900][0000023852A9D7C0 49] Linux, [000002385FC6BD00][000002385F7AB940 49] LinuxAArch64, [000002385FB75200][000002385F7AFAC0 49] LinuxNoEditor, [000002385FC6A000][000002385F7B20C0 49] LinuxAArch64NoEditor, [000002385FB75F00][000002385F7B6240 49] LinuxClient, [000002385FC69800][000002385F7BA3C0 49] LinuxAArch64Client, [000002385FB75800][000002385F7BE540 49] LinuxServer, [000002385FC6A700][000002385F7C26C0 49] LinuxAArch64Server, [000002385FB77500][000002385F7C6840 49] Android, [000002385FC6B400][000002385F7CA9C0 49] Android_Low, [000002385FB75B00][000002385F7CEB40 49] Android_Mid, [000002385FC68400][0000023851F7EC80 49] Android_High, [000002385FB77300][000002385F7D2DC0 49] Android_Default, [000002385FC6A900][000002385F7D6F00 49] Android_Adreno4xx, [000002385FB74B00][000002385F7DF080 49] Android_Adreno5xx_Low, [000002385FC69200][000002385F7E3200 49] Android_Adreno5xx, [000002385FB75900][00000238525E5380 49] Android_Adreno6xx, [000002385FB7E000][00000238525E9500 49] Android_Adreno6xx_Vulkan, [000002385FBED700][00000238525ED680 49] Android_Mali_T6xx, [000002385FB7FB00][00000238525F1800 49] Android_Mali_T7xx, [000002385FBECE00][00000238525F5980 49] Android_Mali_T8xx, [000002385FB7E600][00000238525F9B00 49] Android_Mali_G71, [000002385FBEE100][00000238525FC100 49] Android_Mali_G72, [000002385FB7DC00][0000023852600280 49] Android_Mali_G72_Vulkan, [000002385FBEF000][0000023852604400 49] Android_Mali_G76, [000002385FB7D100][0000023852608580 49] Android_Mali_G76_Vulkan, [000002385FBED300][000002385260C700 49] Android_Mali_G77, [000002385FB7C400][0000023852610880 49] Android_Mali_G77_Vulkan, [000002385FBEFA00][0000023852614A00 49] Android_Mali_G78, [000002385FB7E500][0000023852618B80 49] Android_Mali_G78_Vulkan, [000002385FBEC600][000002385261CD00 49] Android_Mali_G710, [000002385FB7D700][000002385F7DAE40 49] Android_Mali_G710_Vulkan, [000002385FBED600][0000023852620F80 49] Android_Vulkan_SM5, [000002385FB7E800][00000238526250C0 49] Android_PowerVR_G6xxx, [000002385FBED500][000002385262D240 49] Android_PowerVR_GT7xxx, [000002385FB7FF00][00000238526313C0 49] Android_PowerVR_GE8xxx, [000002385FBEE800][0000023852635540 49] Android_PowerVR_GM9xxx, [000002385FB7DB00][00000238526396C0 49] Android_PowerVR_GM9xxx_Vulkan, [000002385FBEED00][000002385263D840 49] Android_TegraK1, [000002385FB7EF00][00000238526419C0 49] Android_Unknown_Vulkan, [000002385FBEFE00][0000023852645B40 49] Lumin, [000002385FB7EA00][0000023860F50140 49] Lumin_Desktop, [000002385FBEC100][0000023860F542C0 49] HoloLens, 
[2022.08.23-14.30.40:651][  0]LogMeshReduction: Using QuadricMeshReduction for automatic static mesh reduction
[2022.08.23-14.30.40:651][  0]LogMeshReduction: Using SimplygonMeshReduction for automatic skeletal mesh reduction
[2022.08.23-14.30.40:651][  0]LogMeshReduction: Using ProxyLODMeshReduction for automatic mesh merging
[2022.08.23-14.30.40:651][  0]LogMeshReduction: No distributed automatic mesh merging module available
[2022.08.23-14.30.40:651][  0]LogMeshMerging: No distributed automatic mesh merging module available
[2022.08.23-14.30.40:666][  0]LogNetVersion: Tankogeddon 1.0.0, NetCL: 17155196, EngineNetVer: 17, GameNetVer: 0 (Checksum: 3665955934)
[2022.08.23-14.30.41:094][  0]LogTexture: Default maximum texture size for cubemaps generated from long-lat sources has been changed from 512 to unlimited. In order to preserve old behaiour for '/Engine/MapTemplates/Sky/DaylightAmbientCubemap.DaylightAmbientCubemap', its maximum texture size has been explicitly set to 512.
[2022.08.23-14.30.41:159][  0]LogHMD: PokeAHoleMaterial loaded successfully
[2022.08.23-14.30.41:164][  0]LogUObjectArray: 17178 objects as part of root set at end of initial load.
[2022.08.23-14.30.41:164][  0]LogUObjectAllocator: 4302048 out of 0 bytes used by permanent object pool.
[2022.08.23-14.30.41:164][  0]LogUObjectArray: CloseDisregardForGC: 0/0 objects in disregard for GC pool
[2022.08.23-14.30.41:435][  0]LogPython: Using Python 3.7.7
[2022.08.23-14.30.41:944][  0]LogNiagaraDebuggerClient: Niagara Debugger Client Initialized | Session: 0EB65E2745A010C2EA49A1BAEF607D6F | Instance: 6988D14E4E15F9353B2E909F6621BAA4 (ROMA-DURAK-35176).
[2022.08.23-14.30.42:094][  0]LogTcpMessaging: Initializing TcpMessaging bridge
[2022.08.23-14.30.42:099][  0]LogUdpMessaging: Initializing bridge on interface 0.0.0.0:0 to multicast group 230.0.0.1:6666.
[2022.08.23-14.30.42:323][  0]SourceControl: Source control is disabled
[2022.08.23-14.30.42:323][  0]SourceControl: Source control is disabled
[2022.08.23-14.30.42:327][  0]SourceControl: Source control is disabled
[2022.08.23-14.30.42:330][  0]SourceControl: Source control is disabled
[2022.08.23-14.30.42:339][  0]SourceControl: Source control is disabled
[2022.08.23-14.30.42:346][  0]LogUProjectInfo: Found projects:
[2022.08.23-14.30.42:501][  0]LogOpenImageDenoise: OIDN starting up
[2022.08.23-14.30.42:554][  0]LogAndroidPermission: UAndroidPermissionCallbackProxy::GetInstance
[2022.08.23-14.30.42:580][  0]LogAudioCaptureCore: Display: No Audio Capture implementations found. Audio input will be silent.
[2022.08.23-14.30.42:580][  0]LogAudioCaptureCore: Display: No Audio Capture implementations found. Audio input will be silent.
[2022.08.23-14.30.42:712][  0]LogCollectionManager: Loaded 0 collections in 0.001012 seconds
[2022.08.23-14.30.42:737][  0]LogFileCache: Scanning file cache for directory 'D:/TankProject/Tankogeddon/Saved/Collections/' took 0.00s
[2022.08.23-14.30.42:737][  0]LogFileCache: Scanning file cache for directory 'D:/TankProject/Tankogeddon/Content/Developers/1/Collections/' took 0.00s
[2022.08.23-14.30.42:737][  0]LogFileCache: Scanning file cache for directory 'D:/TankProject/Tankogeddon/Content/Collections/' took 0.00s
[2022.08.23-14.30.42:737][  0]LogOcInput: OculusInput pre-init called
[2022.08.23-14.30.42:985][  0]LogEngine: Initializing Engine...
[2022.08.23-14.30.42:987][  0]LogHMD: Failed to enumerate extensions. Please check that you have a valid OpenXR runtime installed.
[2022.08.23-14.30.42:987][  0]LogHMD: Failed to initialize OpenVR with code 110
[2022.08.23-14.30.42:987][  0]LogMagicLeap: Warning: VR disabled because ZI is not enabled.  To enable, in the editor, Edit -> Project Settings -> Plugins -> Magic Leap Plugin -> Enable Zero Iteration
[2022.08.23-14.30.42:989][  0]LogStats: UGameplayTagsManager::InitializeManager -  0.000 s
[2022.08.23-14.30.43:139][  0]LogInit: Initializing FReadOnlyCVARCache
[2022.08.23-14.30.43:149][  0]LogAIModule: Creating AISystem for world Untitled
[2022.08.23-14.30.43:164][  0]LogAudio: Display: Initializing Audio Device Manager...
[2022.08.23-14.30.43:168][  0]LogAudio: Display: Loading Default Audio Settings Objects...
[2022.08.23-14.30.43:168][  0]LogAudio: Display: No default SoundConcurrencyObject specified (or failed to load).
[2022.08.23-14.30.43:169][  0]LogAudio: Display: Audio Device Manager Initialized
[2022.08.23-14.30.43:169][  0]LogAudio: Display: Creating Audio Device:                 Id: 1, Scope: Shared, Realtime: True
[2022.08.23-14.30.43:169][  0]LogAudioMixer: Display: Audio Mixer Platform Settings:
[2022.08.23-14.30.43:169][  0]LogAudioMixer: Display: 	Sample Rate:						  48000
[2022.08.23-14.30.43:169][  0]LogAudioMixer: Display: 	Callback Buffer Frame Size Requested: 1024
[2022.08.23-14.30.43:169][  0]LogAudioMixer: Display: 	Callback Buffer Frame Size To Use:	  1024
[2022.08.23-14.30.43:169][  0]LogAudioMixer: Display: 	Number of buffers to queue:			  2
[2022.08.23-14.30.43:169][  0]LogAudioMixer: Display: 	Max Channels (voices):				  32
[2022.08.23-14.30.43:169][  0]LogAudioMixer: Display: 	Number of Async Source Workers:		  0
[2022.08.23-14.30.43:169][  0]LogAudio: Display: AudioDevice MaxSources: 32
[2022.08.23-14.30.43:169][  0]LogAudio: Display: Audio Spatialization Plugin: None (built-in).
[2022.08.23-14.30.43:169][  0]LogAudio: Display: Audio Reverb Plugin: None (built-in).
[2022.08.23-14.30.43:169][  0]LogAudio: Display: Audio Occlusion Plugin: None (built-in).
[2022.08.23-14.30.43:169][  0]LogAudioMixer: Display: Initializing audio mixer.
[2022.08.23-14.30.43:183][  0]LogAudioMixer: Display: 0: FrontLeft
[2022.08.23-14.30.43:183][  0]LogAudioMixer: Display: 1: FrontRight
[2022.08.23-14.30.43:208][  0]LogAudioMixer: Display: Using Audio Device Динамики (Razer USB Sound Card)
[2022.08.23-14.30.43:210][  0]LogAudioMixer: Display: Initializing Sound Submixes...
[2022.08.23-14.30.43:213][  0]LogAudioMixer: Display: Creating Master Submix 'MasterSubmixDefault'
[2022.08.23-14.30.43:213][  0]LogAudioMixer: Display: Creating Master Submix 'MasterReverbSubmixDefault'
[2022.08.23-14.30.43:214][  0]LogAudioMixer: Display: Creating Master Submix 'MasterEQSubmixDefault'
[2022.08.23-14.30.43:214][  0]LogAudioMixer: FMixerPlatformXAudio2::StartAudioStream() called
[2022.08.23-14.30.43:214][  0]LogAudioMixer: Display: Output buffers initialized: Frames=1024, Channels=2, Samples=2048
[2022.08.23-14.30.43:215][  0]LogAudioMixer: Display: Starting AudioMixerPlatformInterface::RunInternal()
[2022.08.23-14.30.43:215][  0]LogAudioMixer: Display: FMixerPlatformXAudio2::SubmitBuffer() called for the first time
[2022.08.23-14.30.43:215][  0]LogInit: FAudioDevice initialized.
[2022.08.23-14.30.43:216][  0]LogAudio: Display: Audio Device (ID: 1) registered with world 'Untitled'.
[2022.08.23-14.30.43:216][  0]LogNetVersion: Set ProjectVersion to 1.0.0.0. Version Checksum will be recalculated on next use.
[2022.08.23-14.30.43:299][  0]LogDerivedDataCache: Saved boot cache 0.08s 94MB C:/Users/1/AppData/Local/UnrealEngine/4.27/DerivedDataCache/Boot.ddc.
[2022.08.23-14.30.43:299][  0]LogInit: Texture streaming: Enabled
[2022.08.23-14.30.43:313][  0]LogAnalytics: Display: [UEEditor.Rocket.Release] APIServer = https://datarouter.ol.epicgames.com/. AppVersion = 4.27.2-18319896+++UE4+Release-4.27
[2022.08.23-14.30.43:317][  0]LogEngineSessionManager: EngineSessionManager initialized
[2022.08.23-14.30.43:317][  0]LogEngineSessionManager: EngineSessionManager sent abnormal shutdown report. Type=Debugger, SessionId={00813297-4A93-2E11-4E3C-06807F4236BA}
[2022.08.23-14.30.43:318][  0]LogEditorSessionSummary: Verbose: Initializing EditorSessionSummaryWriter for editor session tracking
[2022.08.23-14.30.43:321][  0]LogEditorSessionSummary: EditorSessionSummaryWriter initialized
[2022.08.23-14.30.43:348][  0]LogInit: Transaction tracking system initialized
[2022.08.23-14.30.43:372][  0]BlueprintLog: New page: Editor Load
[2022.08.23-14.30.43:433][  0]LocalizationService: Localization service is disabled
[2022.08.23-14.30.43:457][  0]TimingProfiler: Initialize
[2022.08.23-14.30.43:457][  0]TimingProfiler: OnSessionChanged
[2022.08.23-14.30.43:457][  0]LoadingProfiler: Initialize
[2022.08.23-14.30.43:457][  0]LoadingProfiler: OnSessionChanged
[2022.08.23-14.30.43:457][  0]NetworkingProfiler: Initialize
[2022.08.23-14.30.43:457][  0]NetworkingProfiler: OnSessionChanged
[2022.08.23-14.30.43:457][  0]MemoryProfiler: Initialize
[2022.08.23-14.30.43:457][  0]MemoryProfiler: OnSessionChanged
[2022.08.23-14.30.43:595][  0]LogCook: Display: CookSettings for Memory: MemoryMaxUsedVirtual 0MiB, MemoryMaxUsedPhysical 16384MiB, MemoryMinFreeVirtual 0MiB, MemoryMinFreePhysical 1024MiB
[2022.08.23-14.30.43:595][  0]LogCook: Display: Mobile HDR setting 1
[2022.08.23-14.30.43:810][  0]LogFileCache: Scanning file cache for directory 'D:/TankProject/Tankogeddon/Content/' took 0.01s
[2022.08.23-14.30.44:025][  0]LogInit: Display: Engine is initialized. Leaving FEngineLoop::Init()
[2022.08.23-14.30.44:028][  0]SourceControl: Source control is disabled
[2022.08.23-14.30.44:028][  0]LogUnrealEdMisc: Loading editor; pre map load, took 7.553
[2022.08.23-14.30.44:028][  0]Cmd: MAP LOAD FILE="../../../../../TankProject/Tankogeddon/Content/StarterContent/Maps/Minimal_Default.umap" TEMPLATE=0 SHOWPROGRESS=1 FEATURELEVEL=3
[2022.08.23-14.30.44:028][  0]LightingResults: New page: Lighting Build
[2022.08.23-14.30.44:029][  0]LogWorld: UWorld::CleanupWorld for Untitled, bSessionEnded=true, bCleanupResources=true
[2022.08.23-14.30.44:030][  0]LogSlate: InvalidateAllWidgets triggered.  All widgets were invalidated
[2022.08.23-14.30.44:030][  0]MapCheck: New page: Map Check
[2022.08.23-14.30.44:030][  0]LightingResults: New page: Lighting Build
[2022.08.23-14.30.44:034][  0]LogAudio: Display: Audio Device unregistered from world 'None'.
[2022.08.23-14.30.44:036][  0]LogUObjectHash: Compacting FUObjectHashTables data took   0.75ms
[2022.08.23-14.30.44:162][  0]LogAudio: Display: Audio Device (ID: 1) registered with world 'Minimal_Default'.
[2022.08.23-14.30.44:163][  0]LogAIModule: Creating AISystem for world Minimal_Default
[2022.08.23-14.30.44:169][  0]LogEditorServer: Finished looking for orphan Actors (0.000 secs)
[2022.08.23-14.30.44:175][  0]LogUObjectHash: Compacting FUObjectHashTables data took   0.80ms
[2022.08.23-14.30.44:175][  0]Cmd: MAP CHECKDEP NOCLEARLOG
[2022.08.23-14.30.44:175][  0]MapCheck: Map check complete: 0 Error(s), 0 Warning(s), took 0,078ms to complete.
[2022.08.23-14.30.44:175][  0]LogFileHelpers: Loading map 'Minimal_Default' took 0.148
[2022.08.23-14.30.44:177][  0]LogUnrealEdMisc: Total Editor Startup Time, took 7.703
[2022.08.23-14.30.44:334][  0]LogSlate: Updating window title bar state: overlay mode, drag disabled, window buttons hidden, title bar hidden
[2022.08.23-14.30.44:340][  0]LogSlate: Updating window title bar state: overlay mode, drag disabled, window buttons hidden, title bar hidden
[2022.08.23-14.30.44:348][  0]LogSlate: Updating window title bar state: overlay mode, drag disabled, window buttons hidden, title bar hidden
[2022.08.23-14.30.44:354][  0]LogSlate: Updating window title bar state: overlay mode, drag disabled, window buttons hidden, title bar hidden
[2022.08.23-14.30.44:368][  0]LogNativeClassHierarchy: Verbose: Native class hierarchy populated in 0.0086 seconds. Added 3825 classes and 930 folders.
[2022.08.23-14.30.44:370][  0]LogNativeClassHierarchy: Verbose: Native class hierarchy updated for 'WidgetCarousel' in 0.0003 seconds. Added 0 classes and 0 folders.
[2022.08.23-14.30.44:372][  0]LogPakFile: PakFile PrimaryIndexSize=187
[2022.08.23-14.30.44:372][  0]LogPakFile: PakFile PathHashIndexSize=101
[2022.08.23-14.30.44:372][  0]LogPakFile: PakFile FullDirectoryIndexSize=148
[2022.08.23-14.30.44:372][  0]LogShaderLibrary: Display: ShaderCodeLibraryPakFileMountedCallback: PakFile 'D:/Epic Games/UE_4.27/FeaturePacks/FP_FirstPerson.upack' (chunk index -1, root 'root:/') mounted
[2022.08.23-14.30.44:372][  0]LogShaderLibrary: Display: ShaderCodeLibraryPakFileMountedCallback: pending pak file info (ChunkID:-1 Root:root:/ File:D:/Epic Games/UE_4.27/FeaturePacks/FP_FirstPerson.upack)
[2022.08.23-14.30.44:372][  0]LogPakFile: OnPakFileMounted2Time == 0.000053
[2022.08.23-14.30.44:373][  0]LogPakFile: PakFile PrimaryIndexSize=189
[2022.08.23-14.30.44:373][  0]LogPakFile: PakFile PathHashIndexSize=101
[2022.08.23-14.30.44:373][  0]LogPakFile: PakFile FullDirectoryIndexSize=152
[2022.08.23-14.30.44:373][  0]LogShaderLibrary: Display: ShaderCodeLibraryPakFileMountedCallback: PakFile 'D:/Epic Games/UE_4.27/FeaturePacks/FP_FirstPersonBP.upack' (chunk index -1, root 'root:/') mounted
[2022.08.23-14.30.44:373][  0]LogShaderLibrary: Display: ShaderCodeLibraryPakFileMountedCallback: pending pak file info (ChunkID:-1 Root:root:/ File:D:/Epic Games/UE_4.27/FeaturePacks/FP_FirstPersonBP.upack)
[2022.08.23-14.30.44:373][  0]LogPakFile: OnPakFileMounted2Time == 0.000037
[2022.08.23-14.30.44:374][  0]LogPakFile: PakFile PrimaryIndexSize=191
[2022.08.23-14.30.44:374][  0]LogPakFile: PakFile PathHashIndexSize=101
[2022.08.23-14.30.44:374][  0]LogPakFile: PakFile FullDirectoryIndexSize=160
[2022.08.23-14.30.44:374][  0]LogShaderLibrary: Display: ShaderCodeLibraryPakFileMountedCallback: PakFile 'D:/Epic Games/UE_4.27/FeaturePacks/MobileStarterContent.upack' (chunk index -1, root 'root:/') mounted
[2022.08.23-14.30.44:374][  0]LogShaderLibrary: Display: ShaderCodeLibraryPakFileMountedCallback: pending pak file info (ChunkID:-1 Root:root:/ File:D:/Epic Games/UE_4.27/FeaturePacks/MobileStarterContent.upack)
[2022.08.23-14.30.44:374][  0]LogPakFile: OnPakFileMounted2Time == 0.000034
[2022.08.23-14.30.44:375][  0]LogPakFile: PakFile PrimaryIndexSize=185
[2022.08.23-14.30.44:375][  0]LogPakFile: PakFile PathHashIndexSize=101
[2022.08.23-14.30.44:375][  0]LogPakFile: PakFile FullDirectoryIndexSize=148
[2022.08.23-14.30.44:375][  0]LogShaderLibrary: Display: ShaderCodeLibraryPakFileMountedCallback: PakFile 'D:/Epic Games/UE_4.27/FeaturePacks/StarterContent.upack' (chunk index -1, root 'root:/') mounted
[2022.08.23-14.30.44:375][  0]LogShaderLibrary: Display: ShaderCodeLibraryPakFileMountedCallback: pending pak file info (ChunkID:-1 Root:root:/ File:D:/Epic Games/UE_4.27/FeaturePacks/StarterContent.upack)
[2022.08.23-14.30.44:375][  0]LogPakFile: OnPakFileMounted2Time == 0.000035
[2022.08.23-14.30.44:376][  0]LogPakFile: PakFile PrimaryIndexSize=190
[2022.08.23-14.30.44:376][  0]LogPakFile: PakFile PathHashIndexSize=101
[2022.08.23-14.30.44:376][  0]LogPakFile: PakFile FullDirectoryIndexSize=154
[2022.08.23-14.30.44:376][  0]LogShaderLibrary: Display: ShaderCodeLibraryPakFileMountedCallback: PakFile 'D:/Epic Games/UE_4.27/FeaturePacks/TP_2DSideScroller.upack' (chunk index -1, root 'root:/') mounted
[2022.08.23-14.30.44:376][  0]LogShaderLibrary: Display: ShaderCodeLibraryPakFileMountedCallback: pending pak file info (ChunkID:-1 Root:root:/ File:D:/Epic Games/UE_4.27/FeaturePacks/TP_2DSideScroller.upack)
[2022.08.23-14.30.44:376][  0]LogPakFile: OnPakFileMounted2Time == 0.000037
[2022.08.23-14.30.44:376][  0]LogPakFile: PakFile PrimaryIndexSize=192
[2022.08.23-14.30.44:376][  0]LogPakFile: PakFile PathHashIndexSize=101
[2022.08.23-14.30.44:376][  0]LogPakFile: PakFile FullDirectoryIndexSize=158
[2022.08.23-14.30.44:376][  0]LogShaderLibrary: Display: ShaderCodeLibraryPakFileMountedCallback: PakFile 'D:/Epic Games/UE_4.27/FeaturePacks/TP_2DSideScrollerBP.upack' (chunk index -1, root 'root:/') mounted
[2022.08.23-14.30.44:376][  0]LogShaderLibrary: Display: ShaderCodeLibraryPakFileMountedCallback: pending pak file info (ChunkID:-1 Root:root:/ File:D:/Epic Games/UE_4.27/FeaturePacks/TP_2DSideScrollerBP.upack)
[2022.08.23-14.30.44:376][  0]LogPakFile: OnPakFileMounted2Time == 0.000039
[2022.08.23-14.30.44:377][  0]LogPakFile: PakFile PrimaryIndexSize=182
[2022.08.23-14.30.44:377][  0]LogPakFile: PakFile PathHashIndexSize=101
[2022.08.23-14.30.44:377][  0]LogPakFile: PakFile FullDirectoryIndexSize=138
[2022.08.23-14.30.44:377][  0]LogShaderLibrary: Display: ShaderCodeLibraryPakFileMountedCallback: PakFile 'D:/Epic Games/UE_4.27/FeaturePacks/TP_Flying.upack' (chunk index -1, root 'root:/') mounted
[2022.08.23-14.30.44:377][  0]LogShaderLibrary: Display: ShaderCodeLibraryPakFileMountedCallback: pending pak file info (ChunkID:-1 Root:root:/ File:D:/Epic Games/UE_4.27/FeaturePacks/TP_Flying.upack)
[2022.08.23-14.30.44:377][  0]LogPakFile: OnPakFileMounted2Time == 0.000037
[2022.08.23-14.30.44:378][  0]LogPakFile: PakFile PrimaryIndexSize=184
[2022.08.23-14.30.44:378][  0]LogPakFile: PakFile PathHashIndexSize=101
[2022.08.23-14.30.44:378][  0]LogPakFile: PakFile FullDirectoryIndexSize=142
[2022.08.23-14.30.44:378][  0]LogShaderLibrary: Display: ShaderCodeLibraryPakFileMountedCallback: PakFile 'D:/Epic Games/UE_4.27/FeaturePacks/TP_FlyingBP.upack' (chunk index -1, root 'root:/') mounted
[2022.08.23-14.30.44:378][  0]LogShaderLibrary: Display: ShaderCodeLibraryPakFileMountedCallback: pending pak file info (ChunkID:-1 Root:root:/ File:D:/Epic Games/UE_4.27/FeaturePacks/TP_FlyingBP.upack)
[2022.08.23-14.30.44:378][  0]LogPakFile: OnPakFileMounted2Time == 0.000037
[2022.08.23-14.30.44:379][  0]LogPakFile: PakFile PrimaryIndexSize=188
[2022.08.23-14.30.44:379][  0]LogPakFile: PakFile PathHashIndexSize=101
[2022.08.23-14.30.44:379][  0]LogPakFile: PakFile FullDirectoryIndexSize=150
[2022.08.23-14.30.44:379][  0]LogShaderLibrary: Display: ShaderCodeLibraryPakFileMountedCallback: PakFile 'D:/Epic Games/UE_4.27/FeaturePacks/TP_HandheldARBP.upack' (chunk index -1, root 'root:/') mounted
[2022.08.23-14.30.44:379][  0]LogShaderLibrary: Display: ShaderCodeLibraryPakFileMountedCallback: pending pak file info (ChunkID:-1 Root:root:/ File:D:/Epic Games/UE_4.27/FeaturePacks/TP_HandheldARBP.upack)
[2022.08.23-14.30.44:379][  0]LogPakFile: OnPakFileMounted2Time == 0.000034
[2022.08.23-14.30.44:380][  0]LogPakFile: PakFile PrimaryIndexSize=182
[2022.08.23-14.30.44:380][  0]LogPakFile: PakFile PathHashIndexSize=101
[2022.08.23-14.30.44:380][  0]LogPakFile: PakFile FullDirectoryIndexSize=138
[2022.08.23-14.30.44:380][  0]LogShaderLibrary: Display: ShaderCodeLibraryPakFileMountedCallback: PakFile 'D:/Epic Games/UE_4.27/FeaturePacks/TP_Puzzle.upack' (chunk index -1, root 'root:/') mounted
[2022.08.23-14.30.44:380][  0]LogShaderLibrary: Display: ShaderCodeLibraryPakFileMountedCallback: pending pak file info (ChunkID:-1 Root:root:/ File:D:/Epic Games/UE_4.27/FeaturePacks/TP_Puzzle.upack)
[2022.08.23-14.30.44:380][  0]LogPakFile: OnPakFileMounted2Time == 0.000034
[2022.08.23-14.30.44:381][  0]LogPakFile: PakFile PrimaryIndexSize=184
[2022.08.23-14.30.44:381][  0]LogPakFile: PakFile PathHashIndexSize=101
[2022.08.23-14.30.44:381][  0]LogPakFile: PakFile FullDirectoryIndexSize=142
[2022.08.23-14.30.44:381][  0]LogShaderLibrary: Display: ShaderCodeLibraryPakFileMountedCallback: PakFile 'D:/Epic Games/UE_4.27/FeaturePacks/TP_PuzzleBP.upack' (chunk index -1, root 'root:/') mounted
[2022.08.23-14.30.44:381][  0]LogShaderLibrary: Display: ShaderCodeLibraryPakFileMountedCallback: pending pak file info (ChunkID:-1 Root:root:/ File:D:/Epic Games/UE_4.27/FeaturePacks/TP_PuzzleBP.upack)
[2022.08.23-14.30.44:381][  0]LogPakFile: OnPakFileMounted2Time == 0.000034
[2022.08.23-14.30.44:382][  0]LogPakFile: PakFile PrimaryIndexSize=183
[2022.08.23-14.30.44:382][  0]LogPakFile: PakFile PathHashIndexSize=101
[2022.08.23-14.30.44:382][  0]LogPakFile: PakFile FullDirectoryIndexSize=140
[2022.08.23-14.30.44:382][  0]LogShaderLibrary: Display: ShaderCodeLibraryPakFileMountedCallback: PakFile 'D:/Epic Games/UE_4.27/FeaturePacks/TP_Rolling.upack' (chunk index -1, root 'root:/') mounted
[2022.08.23-14.30.44:382][  0]LogShaderLibrary: Display: ShaderCodeLibraryPakFileMountedCallback: pending pak file info (ChunkID:-1 Root:root:/ File:D:/Epic Games/UE_4.27/FeaturePacks/TP_Rolling.upack)
[2022.08.23-14.30.44:382][  0]LogPakFile: OnPakFileMounted2Time == 0.000034
[2022.08.23-14.30.44:383][  0]LogPakFile: PakFile PrimaryIndexSize=185
[2022.08.23-14.30.44:383][  0]LogPakFile: PakFile PathHashIndexSize=101
[2022.08.23-14.30.44:383][  0]LogPakFile: PakFile FullDirectoryIndexSize=144
[2022.08.23-14.30.44:383][  0]LogShaderLibrary: Display: ShaderCodeLibraryPakFileMountedCallback: PakFile 'D:/Epic Games/UE_4.27/FeaturePacks/TP_RollingBP.upack' (chunk index -1, root 'root:/') mounted
[2022.08.23-14.30.44:383][  0]LogShaderLibrary: Display: ShaderCodeLibraryPakFileMountedCallback: pending pak file info (ChunkID:-1 Root:root:/ File:D:/Epic Games/UE_4.27/FeaturePacks/TP_RollingBP.upack)
[2022.08.23-14.30.44:383][  0]LogPakFile: OnPakFileMounted2Time == 0.000036
[2022.08.23-14.30.44:384][  0]LogPakFile: PakFile PrimaryIndexSize=188
[2022.08.23-14.30.44:384][  0]LogPakFile: PakFile PathHashIndexSize=101
[2022.08.23-14.30.44:384][  0]LogPakFile: PakFile FullDirectoryIndexSize=150
[2022.08.23-14.30.44:384][  0]LogShaderLibrary: Display: ShaderCodeLibraryPakFileMountedCallback: PakFile 'D:/Epic Games/UE_4.27/FeaturePacks/TP_SideScroller.upack' (chunk index -1, root 'root:/') mounted
[2022.08.23-14.30.44:384][  0]LogShaderLibrary: Display: ShaderCodeLibraryPakFileMountedCallback: pending pak file info (ChunkID:-1 Root:root:/ File:D:/Epic Games/UE_4.27/FeaturePacks/TP_SideScroller.upack)
[2022.08.23-14.30.44:384][  0]LogPakFile: OnPakFileMounted2Time == 0.000035
[2022.08.23-14.30.44:384][  0]LogPakFile: PakFile PrimaryIndexSize=190
[2022.08.23-14.30.44:384][  0]LogPakFile: PakFile PathHashIndexSize=101
[2022.08.23-14.30.44:385][  0]LogPakFile: PakFile FullDirectoryIndexSize=154
[2022.08.23-14.30.44:385][  0]LogShaderLibrary: Display: ShaderCodeLibraryPakFileMountedCallback: PakFile 'D:/Epic Games/UE_4.27/FeaturePacks/TP_SideScrollerBP.upack' (chunk index -1, root 'root:/') mounted
[2022.08.23-14.30.44:385][  0]LogShaderLibrary: Display: ShaderCodeLibraryPakFileMountedCallback: pending pak file info (ChunkID:-1 Root:root:/ File:D:/Epic Games/UE_4.27/FeaturePacks/TP_SideScrollerBP.upack)
[2022.08.23-14.30.44:385][  0]LogPakFile: OnPakFileMounted2Time == 0.000036
[2022.08.23-14.30.44:385][  0]LogPakFile: PakFile PrimaryIndexSize=187
[2022.08.23-14.30.44:385][  0]LogPakFile: PakFile PathHashIndexSize=101
[2022.08.23-14.30.44:385][  0]LogPakFile: PakFile FullDirectoryIndexSize=148
[2022.08.23-14.30.44:385][  0]LogShaderLibrary: Display: ShaderCodeLibraryPakFileMountedCallback: PakFile 'D:/Epic Games/UE_4.27/FeaturePacks/TP_ThirdPerson.upack' (chunk index -1, root 'root:/') mounted
[2022.08.23-14.30.44:385][  0]LogShaderLibrary: Display: ShaderCodeLibraryPakFileMountedCallback: pending pak file info (ChunkID:-1 Root:root:/ File:D:/Epic Games/UE_4.27/FeaturePacks/TP_ThirdPerson.upack)
[2022.08.23-14.30.44:385][  0]LogPakFile: OnPakFileMounted2Time == 0.000036
[2022.08.23-14.30.44:386][  0]LogPakFile: PakFile PrimaryIndexSize=189
[2022.08.23-14.30.44:386][  0]LogPakFile: PakFile PathHashIndexSize=101
[2022.08.23-14.30.44:386][  0]LogPakFile: PakFile FullDirectoryIndexSize=152
[2022.08.23-14.30.44:386][  0]LogShaderLibrary: Display: ShaderCodeLibraryPakFileMountedCallback: PakFile 'D:/Epic Games/UE_4.27/FeaturePacks/TP_ThirdPersonBP.upack' (chunk index -1, root 'root:/') mounted
[2022.08.23-14.30.44:386][  0]LogShaderLibrary: Display: ShaderCodeLibraryPakFileMountedCallback: pending pak file info (ChunkID:-1 Root:root:/ File:D:/Epic Games/UE_4.27/FeaturePacks/TP_ThirdPersonBP.upack)
[2022.08.23-14.30.44:386][  0]LogPakFile: OnPakFileMounted2Time == 0.000035
[2022.08.23-14.30.44:387][  0]LogPakFile: PakFile PrimaryIndexSize=183
[2022.08.23-14.30.44:387][  0]LogPakFile: PakFile PathHashIndexSize=101
[2022.08.23-14.30.44:387][  0]LogPakFile: PakFile FullDirectoryIndexSize=140
[2022.08.23-14.30.44:387][  0]LogShaderLibrary: Display: ShaderCodeLibraryPakFileMountedCallback: PakFile 'D:/Epic Games/UE_4.27/FeaturePacks/TP_TopDown.upack' (chunk index -1, root 'root:/') mounted
[2022.08.23-14.30.44:387][  0]LogShaderLibrary: Display: ShaderCodeLibraryPakFileMountedCallback: pending pak file info (ChunkID:-1 Root:root:/ File:D:/Epic Games/UE_4.27/FeaturePacks/TP_TopDown.upack)
[2022.08.23-14.30.44:387][  0]LogPakFile: OnPakFileMounted2Time == 0.000041
[2022.08.23-14.30.44:388][  0]LogPakFile: PakFile PrimaryIndexSize=185
[2022.08.23-14.30.44:388][  0]LogPakFile: PakFile PathHashIndexSize=101
[2022.08.23-14.30.44:388][  0]LogPakFile: PakFile FullDirectoryIndexSize=144
[2022.08.23-14.30.44:388][  0]LogShaderLibrary: Display: ShaderCodeLibraryPakFileMountedCallback: PakFile 'D:/Epic Games/UE_4.27/FeaturePacks/TP_TopDownBP.upack' (chunk index -1, root 'root:/') mounted
[2022.08.23-14.30.44:388][  0]LogShaderLibrary: Display: ShaderCodeLibraryPakFileMountedCallback: pending pak file info (ChunkID:-1 Root:root:/ File:D:/Epic Games/UE_4.27/FeaturePacks/TP_TopDownBP.upack)
[2022.08.23-14.30.44:388][  0]LogPakFile: OnPakFileMounted2Time == 0.000035
[2022.08.23-14.30.44:389][  0]LogPakFile: PakFile PrimaryIndexSize=185
[2022.08.23-14.30.44:389][  0]LogPakFile: PakFile PathHashIndexSize=101
[2022.08.23-14.30.44:389][  0]LogPakFile: PakFile FullDirectoryIndexSize=144
[2022.08.23-14.30.44:389][  0]LogShaderLibrary: Display: ShaderCodeLibraryPakFileMountedCallback: PakFile 'D:/Epic Games/UE_4.27/FeaturePacks/TP_TwinStick.upack' (chunk index -1, root 'root:/') mounted
[2022.08.23-14.30.44:389][  0]LogShaderLibrary: Display: ShaderCodeLibraryPakFileMountedCallback: pending pak file info (ChunkID:-1 Root:root:/ File:D:/Epic Games/UE_4.27/FeaturePacks/TP_TwinStick.upack)
[2022.08.23-14.30.44:389][  0]LogPakFile: OnPakFileMounted2Time == 0.000034
[2022.08.23-14.30.44:390][  0]LogPakFile: PakFile PrimaryIndexSize=187
[2022.08.23-14.30.44:390][  0]LogPakFile: PakFile PathHashIndexSize=101
[2022.08.23-14.30.44:390][  0]LogPakFile: PakFile FullDirectoryIndexSize=148
[2022.08.23-14.30.44:390][  0]LogShaderLibrary: Display: ShaderCodeLibraryPakFileMountedCallback: PakFile 'D:/Epic Games/UE_4.27/FeaturePacks/TP_TwinStickBP.upack' (chunk index -1, root 'root:/') mounted
[2022.08.23-14.30.44:390][  0]LogShaderLibrary: Display: ShaderCodeLibraryPakFileMountedCallback: pending pak file info (ChunkID:-1 Root:root:/ File:D:/Epic Games/UE_4.27/FeaturePacks/TP_TwinStickBP.upack)
[2022.08.23-14.30.44:390][  0]LogPakFile: OnPakFileMounted2Time == 0.000034
[2022.08.23-14.30.44:390][  0]LogPakFile: PakFile PrimaryIndexSize=183
[2022.08.23-14.30.44:390][  0]LogPakFile: PakFile PathHashIndexSize=101
[2022.08.23-14.30.44:391][  0]LogPakFile: PakFile FullDirectoryIndexSize=140
[2022.08.23-14.30.44:391][  0]LogShaderLibrary: Display: ShaderCodeLibraryPakFileMountedCallback: PakFile 'D:/Epic Games/UE_4.27/FeaturePacks/TP_Vehicle.upack' (chunk index -1, root 'root:/') mounted
[2022.08.23-14.30.44:391][  0]LogShaderLibrary: Display: ShaderCodeLibraryPakFileMountedCallback: pending pak file info (ChunkID:-1 Root:root:/ File:D:/Epic Games/UE_4.27/FeaturePacks/TP_Vehicle.upack)
[2022.08.23-14.30.44:391][  0]LogPakFile: OnPakFileMounted2Time == 0.000035
[2022.08.23-14.30.44:391][  0]LogPakFile: PakFile PrimaryIndexSize=186
[2022.08.23-14.30.44:391][  0]LogPakFile: PakFile PathHashIndexSize=101
[2022.08.23-14.30.44:391][  0]LogPakFile: PakFile FullDirectoryIndexSize=146
[2022.08.23-14.30.44:391][  0]LogShaderLibrary: Display: ShaderCodeLibraryPakFileMountedCallback: PakFile 'D:/Epic Games/UE_4.27/FeaturePacks/TP_VehicleAdv.upack' (chunk index -1, root 'root:/') mounted
[2022.08.23-14.30.44:391][  0]LogShaderLibrary: Display: ShaderCodeLibraryPakFileMountedCallback: pending pak file info (ChunkID:-1 Root:root:/ File:D:/Epic Games/UE_4.27/FeaturePacks/TP_VehicleAdv.upack)
[2022.08.23-14.30.44:391][  0]LogPakFile: OnPakFileMounted2Time == 0.000039
[2022.08.23-14.30.44:392][  0]LogPakFile: PakFile PrimaryIndexSize=188
[2022.08.23-14.30.44:392][  0]LogPakFile: PakFile PathHashIndexSize=101
[2022.08.23-14.30.44:392][  0]LogPakFile: PakFile FullDirectoryIndexSize=150
[2022.08.23-14.30.44:392][  0]LogShaderLibrary: Display: ShaderCodeLibraryPakFileMountedCallback: PakFile 'D:/Epic Games/UE_4.27/FeaturePacks/TP_VehicleAdvBP.upack' (chunk index -1, root 'root:/') mounted
[2022.08.23-14.30.44:392][  0]LogShaderLibrary: Display: ShaderCodeLibraryPakFileMountedCallback: pending pak file info (ChunkID:-1 Root:root:/ File:D:/Epic Games/UE_4.27/FeaturePacks/TP_VehicleAdvBP.upack)
[2022.08.23-14.30.44:392][  0]LogPakFile: OnPakFileMounted2Time == 0.000035
[2022.08.23-14.30.44:393][  0]LogPakFile: PakFile PrimaryIndexSize=185
[2022.08.23-14.30.44:393][  0]LogPakFile: PakFile PathHashIndexSize=101
[2022.08.23-14.30.44:393][  0]LogPakFile: PakFile FullDirectoryIndexSize=144
[2022.08.23-14.30.44:393][  0]LogShaderLibrary: Display: ShaderCodeLibraryPakFileMountedCallback: PakFile 'D:/Epic Games/UE_4.27/FeaturePacks/TP_VehicleBP.upack' (chunk index -1, root 'root:/') mounted
[2022.08.23-14.30.44:393][  0]LogShaderLibrary: Display: ShaderCodeLibraryPakFileMountedCallback: pending pak file info (ChunkID:-1 Root:root:/ File:D:/Epic Games/UE_4.27/FeaturePacks/TP_VehicleBP.upack)
[2022.08.23-14.30.44:393][  0]LogPakFile: OnPakFileMounted2Time == 0.000037
[2022.08.23-14.30.44:394][  0]LogPakFile: PakFile PrimaryIndexSize=192
[2022.08.23-14.30.44:394][  0]LogPakFile: PakFile PathHashIndexSize=101
[2022.08.23-14.30.44:394][  0]LogPakFile: PakFile FullDirectoryIndexSize=158
[2022.08.23-14.30.44:394][  0]LogShaderLibrary: Display: ShaderCodeLibraryPakFileMountedCallback: PakFile 'D:/Epic Games/UE_4.27/FeaturePacks/TP_VirtualRealityBP.upack' (chunk index -1, root 'root:/') mounted
[2022.08.23-14.30.44:394][  0]LogShaderLibrary: Display: ShaderCodeLibraryPakFileMountedCallback: pending pak file info (ChunkID:-1 Root:root:/ File:D:/Epic Games/UE_4.27/FeaturePacks/TP_VirtualRealityBP.upack)
[2022.08.23-14.30.44:394][  0]LogPakFile: OnPakFileMounted2Time == 0.000034
[2022.08.23-14.30.44:469][  0]LogNativeClassHierarchy: Verbose: Native class hierarchy updated for 'AddContentDialog' in 0.0003 seconds. Added 0 classes and 0 folders.
[2022.08.23-14.30.44:470][  0]LogNativeClassHierarchy: Verbose: Native class hierarchy updated for 'SceneOutliner' in 0.0002 seconds. Added 2 classes and 0 folders.
[2022.08.23-14.30.44:544][  0]LogSlate: Took 0.000308 seconds to synchronously load lazily loaded font '../../../Engine/Content/Slate/Fonts/Roboto-Regular.ttf' (155K)
[2022.08.23-14.30.44:545][  0]LogSlate: Took 0.000178 seconds to synchronously load lazily loaded font '../../../Engine/Content/Editor/Slate/Fonts/FontAwesome.ttf' (139K)
[2022.08.23-14.30.44:546][  0]LogSlate: Took 0.000150 seconds to synchronously load lazily loaded font '../../../Engine/Content/Slate/Fonts/Roboto-Bold.ttf' (160K)
[2022.08.23-14.30.44:628][  0]LogRenderer: Reallocating scene render targets to support 1208x568 Format 10 NumSamples 1 (Frame:1).
[2022.08.23-14.30.44:774][  0]LogNativeClassHierarchy: Verbose: Native class hierarchy updated for 'HierarchicalLODOutliner' in 0.0003 seconds. Added 0 classes and 0 folders.
[2022.08.23-14.30.44:774][  0]LogLoad: (Engine Initialization) Total time: 8.30 seconds
[2022.08.23-14.30.44:774][  0]LogLoad: (Engine Initialization) Total Blueprint compile time: 0.00 seconds
[2022.08.23-14.30.44:821][  0]LogAssetRegistry: Asset discovery search completed in 4.5176 seconds
[2022.08.23-14.30.44:827][  0]LogCollectionManager: Fixed up redirectors for 0 collections in 0.000004 seconds (updated 0 objects)
[2022.08.23-14.30.44:828][  0]LogContentStreaming: Texture pool size now 1000 MB
[2022.08.23-14.30.44:912][  2]LogSlate: Took 0.000267 seconds to synchronously load lazily loaded font '../../../Engine/Content/Slate/Fonts/Roboto-Light.ttf' (167K)
