Log file open, 08/23/22 16:38:30
LogWindows: Failed to load 'aqProf.dll' (GetLastError=126)
LogWindows: File 'aqProf.dll' does not exist
LogWindows: Failed to load 'VtuneApi.dll' (GetLastError=126)
LogWindows: File 'VtuneApi.dll' does not exist
LogWindows: Failed to load 'VtuneApi32e.dll' (GetLastError=126)
LogWindows: File 'VtuneApi32e.dll' does not exist
LogConsoleResponse: Display: Failed to find resolution value strings in scalability ini. Falling back to default.
LogConsoleResponse: Display: Failed to find resolution value strings in scalability ini. Falling back to default.
LogInit: Display: Running engine for game: Tankogeddon
LogPlatformFile: Not using cached read wrapper
LogTaskGraph: Started task graph with 5 named threads and 20 total threads with 3 sets of task threads.
LogStats: Stats thread started at 2.850936
LogICUInternationalization: ICU TimeZone Detection - Raw Offset: +4:00, Platform Override: ''
LogInit: Display: Loading text-based GConfig....
LogPluginManager: Mounting plugin MeshPainting
LogPluginManager: Mounting plugin XGEController
LogPluginManager: Mounting plugin Paper2D
LogPluginManager: Mounting plugin AISupport
LogPluginManager: Mounting plugin EnvironmentQueryEditor
LogPluginManager: Mounting plugin LiveLink
LogPluginManager: Mounting plugin LightPropagationVolume
LogPluginManager: Mounting plugin CameraShakePreviewer
LogPluginManager: Mounting plugin GameplayCameras
LogPluginManager: Mounting plugin AnimationSharing
LogPluginManager: Mounting plugin OodleData
LogPluginManager: Mounting plugin OodleNetwork
LogPluginManager: Mounting plugin CodeLiteSourceCodeAccess
LogPluginManager: Mounting plugin CLionSourceCodeAccess
LogPluginManager: Mounting plugin GitSourceControl
LogPluginManager: Mounting plugin KDevelopSourceCodeAccess
LogPluginManager: Mounting plugin PerforceSourceControl
LogPluginManager: Mounting plugin PixWinPlugin
LogPluginManager: Mounting plugin PlasticSourceControl
LogPluginManager: Mounting plugin PluginUtils
LogPluginManager: Mounting plugin PropertyAccessNode
LogPluginManager: Mounting plugin RiderSourceCodeAccess
LogPluginManager: Mounting plugin NullSourceCodeAccess
LogPluginManager: Mounting plugin SubversionSourceControl
LogPluginManager: Mounting plugin TextureFormatOodle
LogPluginManager: Mounting plugin UObjectPlugin
LogPluginManager: Mounting plugin VisualStudioCodeSourceCodeAccess
LogPluginManager: Mounting plugin VisualStudioSourceCodeAccess
LogPluginManager: Mounting plugin XCodeSourceCodeAccess
LogPluginManager: Mounting plugin AssetManagerEditor
LogPluginManager: Mounting plugin CryptoKeys
LogPluginManager: Mounting plugin DataValidation
LogPluginManager: Mounting plugin CurveEditorTools
LogPluginManager: Mounting plugin GameplayTagsEditor
LogPluginManager: Mounting plugin FacialAnimation
LogPluginManager: Mounting plugin GeometryMode
LogPluginManager: Mounting plugin MacGraphicsSwitching
LogPluginManager: Mounting plugin MaterialAnalyzer
LogPluginManager: Mounting plugin MobileLauncherProfileWizard
LogPluginManager: Mounting plugin PluginBrowser
LogPluginManager: Mounting plugin SpeedTreeImporter
LogPluginManager: Mounting plugin DatasmithContent
LogPluginManager: Mounting plugin VariantManagerContent
LogPluginManager: Mounting plugin AlembicImporter
LogPluginManager: Mounting plugin AutomationUtils
LogPluginManager: Mounting plugin BackChannel
LogPluginManager: Mounting plugin ChaosClothEditor
LogPluginManager: Mounting plugin ChaosEditor
LogPluginManager: Mounting plugin ChaosNiagara
LogPluginManager: Mounting plugin ChaosCloth
LogPluginManager: Mounting plugin Niagara
LogPluginManager: Mounting plugin ChaosSolverPlugin
LogPluginManager: Mounting plugin CharacterAI
LogPluginManager: Mounting plugin GeometryCache
LogPluginManager: Mounting plugin GeometryCollectionPlugin
LogPluginManager: Mounting plugin GeometryProcessing
LogPluginManager: Mounting plugin MotoSynth
LogPluginManager: Mounting plugin OpenImageDenoise
LogPluginManager: Mounting plugin PlanarCut
LogPluginManager: Mounting plugin PlatformCrypto
LogPluginManager: Mounting plugin ProxyLODPlugin
LogPluginManager: Mounting plugin PythonScriptPlugin
LogPluginManager: Mounting plugin SkeletalReduction
LogPluginManager: Mounting plugin LuminPlatformFeatures
LogPluginManager: Mounting plugin AndroidMedia
LogPluginManager: Mounting plugin MagicLeap
LogPluginManager: Mounting plugin MagicLeapLightEstimation
LogPluginManager: Mounting plugin AvfMedia
LogPluginManager: Mounting plugin MagicLeapMedia
LogPluginManager: Mounting plugin MagicLeapPassableWorld
LogPluginManager: Mounting plugin ImgMedia
LogPluginManager: Mounting plugin MLSDK
LogPluginManager: Mounting plugin MediaCompositing
LogPluginManager: Mounting plugin MediaPlayerEditor
LogPluginManager: Mounting plugin WebMMedia
LogPluginManager: Mounting plugin WmfMedia
LogPluginManager: Mounting plugin TcpMessaging
LogPluginManager: Mounting plugin UdpMessaging
LogPluginManager: Mounting plugin ActorSequence
LogPluginManager: Mounting plugin LevelSequenceEditor
LogPluginManager: Mounting plugin MatineeToLevelSequence
LogPluginManager: Mounting plugin TemplateSequence
LogPluginManager: Mounting plugin OnlineSubsystem
LogPluginManager: Mounting plugin OnlineSubsystemNull
LogPluginManager: Mounting plugin LauncherChunkInstaller
LogPluginManager: Mounting plugin OnlineSubsystemUtils
LogPluginManager: Mounting plugin ActorLayerUtilities
LogPluginManager: Mounting plugin AndroidMoviePlayer
LogPluginManager: Mounting plugin AndroidDeviceProfileSelector
LogPluginManager: Mounting plugin AndroidPermission
LogPluginManager: Mounting plugin AppleImageUtils
LogPluginManager: Mounting plugin AppleMoviePlayer
LogPluginManager: Mounting plugin ArchVisCharacter
LogPluginManager: Mounting plugin AssetTags
LogPluginManager: Mounting plugin AudioCapture
LogPluginManager: Mounting plugin AudioSynesthesia
LogPluginManager: Mounting plugin CableComponent
LogPluginManager: Mounting plugin ChunkDownloader
LogPluginManager: Mounting plugin CustomMeshComponent
LogPluginManager: Mounting plugin EditableMesh
LogPluginManager: Mounting plugin ExampleDeviceProfileSelector
LogPluginManager: Mounting plugin GoogleCloudMessaging
LogPluginManager: Mounting plugin GooglePAD
LogPluginManager: Mounting plugin IOSDeviceProfileSelector
LogPluginManager: Mounting plugin LinuxDeviceProfileSelector
LogPluginManager: Mounting plugin LocationServicesBPLibrary
LogPluginManager: Mounting plugin MobilePatchingUtils
LogPluginManager: Mounting plugin OpenXR
LogPluginManager: Mounting plugin OpenXREyeTracker
LogPluginManager: Mounting plugin OpenXRHandTracking
LogPluginManager: Mounting plugin PhysXVehicles
LogPluginManager: Mounting plugin PostSplashScreen
LogPluginManager: Mounting plugin ProceduralMeshComponent
LogPluginManager: Mounting plugin PropertyAccessEditor
LogPluginManager: Mounting plugin RuntimePhysXCooking
LogPluginManager: Mounting plugin SignificanceManager
LogPluginManager: Mounting plugin SoundFields
LogPluginManager: Mounting plugin Synthesis
LogPluginManager: Mounting plugin WebMMoviePlayer
LogPluginManager: Mounting plugin WindowsMoviePlayer
LogPluginManager: Mounting plugin ScreenshotTools
LogPluginManager: Mounting plugin Takes
LogPluginManager: Mounting plugin ContentBrowserAssetDataSource
LogPluginManager: Mounting plugin ContentBrowserClassDataSource
LogPluginManager: Mounting plugin ContentBrowserFileDataSource
LogPluginManager: Mounting plugin OnlineSubsystemGooglePlay
LogPluginManager: Mounting plugin OnlineSubsystemIOS
LogPluginManager: Mounting plugin OculusVR
LogPluginManager: Mounting plugin SteamVR
PixWinPlugin: PIX capture plugin failed to initialize! Check that the process is launched from PIX.
LogInit: Using libcurl 7.55.1-DEV
LogInit:  - built for x86_64-pc-win32
LogInit:  - supports SSL with OpenSSL/1.1.1
LogInit:  - supports HTTP deflate (compression) using libz 1.2.8
LogInit:  - other features:
LogInit:      CURL_VERSION_SSL
LogInit:      CURL_VERSION_LIBZ
LogInit:      CURL_VERSION_IPV6
LogInit:      CURL_VERSION_ASYNCHDNS
LogInit:      CURL_VERSION_LARGEFILE
LogInit:      CURL_VERSION_IDN
LogInit:  CurlRequestOptions (configurable via config and command line):
LogInit:  - bVerifyPeer = true  - Libcurl will verify peer certificate
LogInit:  - bUseHttpProxy = false  - Libcurl will NOT use HTTP proxy
LogInit:  - bDontReuseConnections = false  - Libcurl will reuse connections
LogInit:  - MaxHostConnections = 16  - Libcurl will limit the number of connections to a host
LogInit:  - LocalHostAddr = Default
LogInit:  - BufferSize = 65536
LogOnline: OSS: Creating online subsystem instance for: NULL
LogInit: WinSock: version 1.1 (2.2), MaxSocks=32767, MaxUdp=65467
LogOnline: OSS: TryLoadSubsystemAndSetDefault: Loaded subsystem for module [NULL]
LogOculusPluginWrapper: OculusPlugin initialized successfully
LogHMD: Failed initializing OVRPlugin 1.59.0
LogInit: Build: ++UE4+Release-4.27-CL-18319896
LogInit: Engine Version: 4.27.2-18319896+++UE4+Release-4.27
LogInit: Compatible Engine Version: 4.27.0-17155196+++UE4+Release-4.27
LogInit: Net CL: 17155196
LogInit: OS: Windows 10 (Release 2009) (), CPU: Intel(R) Core(TM) i5-9400F CPU @ 2.90GHz, GPU: NVIDIA GeForce GTX 1060 3GB
LogInit: Compiled (64-bit): Nov 30 2021 07:12:08
LogInit: Compiled with Visual C++: 19.24.28315.00
LogInit: Build Configuration: Development
LogInit: Branch Name: ++UE4+Release-4.27
LogInit: Command Line:  -skipcompile
LogInit: Base Directory: D:/Epic Games/UE_4.27/Engine/Binaries/Win64/
LogInit: Allocator: TBB
LogInit: Installed Engine Build: 1
LogDevObjectVersion: Number of dev versions registered: 29
LogDevObjectVersion:   Dev-Blueprints (B0D832E4-1F89-4F0D-ACCF-7EB736FD4AA2): 10
LogDevObjectVersion:   Dev-Build (E1C64328-A22C-4D53-A36C-8E866417BD8C): 0
LogDevObjectVersion:   Dev-Core (375EC13C-06E4-48FB-B500-84F0262A717E): 4
LogDevObjectVersion:   Dev-Editor (E4B068ED-F494-42E9-A231-DA0B2E46BB41): 40
LogDevObjectVersion:   Dev-Framework (CFFC743F-43B0-4480-9391-14DF171D2073): 37
LogDevObjectVersion:   Dev-Mobile (B02B49B5-BB20-44E9-A304-32B752E40360): 3
LogDevObjectVersion:   Dev-Networking (A4E4105C-59A1-49B5-A7C5-40C4547EDFEE): 0
LogDevObjectVersion:   Dev-Online (39C831C9-5AE6-47DC-9A44-9C173E1C8E7C): 0
LogDevObjectVersion:   Dev-Physics (78F01B33-EBEA-4F98-B9B4-84EACCB95AA2): 14
LogDevObjectVersion:   Dev-Platform (6631380F-2D4D-43E0-8009-CF276956A95A): 0
LogDevObjectVersion:   Dev-Rendering (12F88B9F-8875-4AFC-A67C-D90C383ABD29): 45
LogDevObjectVersion:   Dev-Sequencer (7B5AE74C-D270-4C10-A958-57980B212A5A): 13
LogDevObjectVersion:   Dev-VR (D7296918-1DD6-4BDD-9DE2-64A83CC13884): 3
LogDevObjectVersion:   Dev-LoadTimes (C2A15278-BFE7-4AFE-6C17-90FF531DF755): 1
LogDevObjectVersion:   Private-Geometry (6EACA3D4-40EC-4CC1-B786-8BED09428FC5): 3
LogDevObjectVersion:   Dev-AnimPhys (29E575DD-E0A3-4627-9D10-D276232CDCEA): 17
LogDevObjectVersion:   Dev-Anim (AF43A65D-7FD3-4947-9873-3E8ED9C1BB05): 15
LogDevObjectVersion:   Dev-ReflectionCapture (6B266CEC-1EC7-4B8F-A30B-E4D90942FC07): 1
LogDevObjectVersion:   Dev-Automation (0DF73D61-A23F-47EA-B727-89E90C41499A): 1
LogDevObjectVersion:   FortniteMain (601D1886-AC64-4F84-AA16-D3DE0DEAC7D6): 47
LogDevObjectVersion:   FortniteRelease (E7086368-6B23-4C58-8439-1B7016265E91): 1
LogDevObjectVersion:   Dev-Enterprise (9DFFBCD6-494F-0158-E221-12823C92A888): 10
LogDevObjectVersion:   Dev-Niagara (F2AED0AC-9AFE-416F-8664-AA7FFA26D6FC): 1
LogDevObjectVersion:   Dev-Destruction (174F1F0B-B4C6-45A5-B13F-2EE8D0FB917D): 10
LogDevObjectVersion:   Dev-Physics-Ext (35F94A83-E258-406C-A318-09F59610247C): 41
LogDevObjectVersion:   Dev-PhysicsMaterial-Chaos (B68FC16E-8B1B-42E2-B453-215C058844FE): 1
LogDevObjectVersion:   Dev-CineCamera (B2E18506-4273-CFC2-A54E-F4BB758BBA07): 1
LogDevObjectVersion:   Dev-VirtualProduction (64F58936-FD1B-42BA-BA96-7289D5D0FA4E): 1
LogDevObjectVersion:   Dev-MediaFramework (6F0ED827-A609-4895-9C91-998D90180EA4): 2
LogInit: Presizing for max 25165824 objects, including 0 objects not considered by GC, pre-allocating 0 bytes for permanent pool.
LogConfig: Applying CVar settings from Section [/Script/Engine.StreamingSettings] File [D:/TankProject/Tankogeddon/Saved/Config/Windows/Engine.ini]
LogConfig: Setting CVar [[s.MinBulkDataSizeForAsyncLoading:131072]]
LogConfig: Setting CVar [[s.AsyncLoadingThreadEnabled:0]]
LogConfig: Setting CVar [[s.EventDrivenLoaderEnabled:1]]
LogConfig: Setting CVar [[s.WarnIfTimeLimitExceeded:0]]
LogConfig: Setting CVar [[s.TimeLimitExceededMultiplier:1.5]]
LogConfig: Setting CVar [[s.TimeLimitExceededMinTime:0.005]]
LogConfig: Setting CVar [[s.UseBackgroundLevelStreaming:1]]
LogConfig: Setting CVar [[s.PriorityAsyncLoadingExtraTime:15.0]]
LogConfig: Setting CVar [[s.LevelStreamingActorsUpdateTimeLimit:5.0]]
LogConfig: Setting CVar [[s.PriorityLevelStreamingActorsUpdateExtraTime:5.0]]
LogConfig: Setting CVar [[s.LevelStreamingComponentsRegistrationGranularity:10]]
LogConfig: Setting CVar [[s.UnregisterComponentsTimeLimit:1.0]]
LogConfig: Setting CVar [[s.LevelStreamingComponentsUnregistrationGranularity:5]]
LogConfig: Setting CVar [[s.FlushStreamingOnExit:1]]
LogInit: Object subsystem initialized
LogConfig: Setting CVar [[con.DebugEarlyDefault:1]]
LogConfig: Setting CVar [[r.setres:1280x720]]
[2022.08.23-12.38.40:161][  0]LogConfig: Setting CVar [[r.VSync:0]]
[2022.08.23-12.38.40:161][  0]LogConfig: Setting CVar [[r.RHICmdBypass:0]]
[2022.08.23-12.38.40:162][  0]LogConfig: Applying CVar settings from Section [/Script/Engine.RendererSettings] File [D:/TankProject/Tankogeddon/Saved/Config/Windows/Engine.ini]
[2022.08.23-12.38.40:162][  0]LogConfig: Setting CVar [[r.GPUCrashDebugging:0]]
[2022.08.23-12.38.40:162][  0]LogConfig: Applying CVar settings from Section [/Script/Engine.RendererOverrideSettings] File [D:/TankProject/Tankogeddon/Saved/Config/Windows/Engine.ini]
[2022.08.23-12.38.40:162][  0]LogConfig: Applying CVar settings from Section [/Script/Engine.StreamingSettings] File [D:/TankProject/Tankogeddon/Saved/Config/Windows/Engine.ini]
[2022.08.23-12.38.40:162][  0]LogConfig: Setting CVar [[s.MinBulkDataSizeForAsyncLoading:131072]]
[2022.08.23-12.38.40:162][  0]LogConfig: Setting CVar [[s.AsyncLoadingThreadEnabled:0]]
[2022.08.23-12.38.40:162][  0]LogConfig: Setting CVar [[s.EventDrivenLoaderEnabled:1]]
[2022.08.23-12.38.40:162][  0]LogConfig: Setting CVar [[s.WarnIfTimeLimitExceeded:0]]
[2022.08.23-12.38.40:162][  0]LogConfig: Setting CVar [[s.TimeLimitExceededMultiplier:1.5]]
[2022.08.23-12.38.40:162][  0]LogConfig: Setting CVar [[s.TimeLimitExceededMinTime:0.005]]
[2022.08.23-12.38.40:162][  0]LogConfig: Setting CVar [[s.UseBackgroundLevelStreaming:1]]
[2022.08.23-12.38.40:162][  0]LogConfig: Setting CVar [[s.PriorityAsyncLoadingExtraTime:15.0]]
[2022.08.23-12.38.40:162][  0]LogConfig: Setting CVar [[s.LevelStreamingActorsUpdateTimeLimit:5.0]]
[2022.08.23-12.38.40:162][  0]LogConfig: Setting CVar [[s.PriorityLevelStreamingActorsUpdateExtraTime:5.0]]
[2022.08.23-12.38.40:162][  0]LogConfig: Setting CVar [[s.LevelStreamingComponentsRegistrationGranularity:10]]
[2022.08.23-12.38.40:163][  0]LogConfig: Setting CVar [[s.UnregisterComponentsTimeLimit:1.0]]
[2022.08.23-12.38.40:163][  0]LogConfig: Setting CVar [[s.LevelStreamingComponentsUnregistrationGranularity:5]]
[2022.08.23-12.38.40:163][  0]LogConfig: Setting CVar [[s.FlushStreamingOnExit:1]]
[2022.08.23-12.38.40:163][  0]LogConfig: Applying CVar settings from Section [/Script/Engine.GarbageCollectionSettings] File [D:/TankProject/Tankogeddon/Saved/Config/Windows/Engine.ini]
[2022.08.23-12.38.40:163][  0]LogConfig: Setting CVar [[gc.MaxObjectsNotConsideredByGC:1]]
[2022.08.23-12.38.40:163][  0]LogConfig: Setting CVar [[gc.SizeOfPermanentObjectPool:0]]
[2022.08.23-12.38.40:163][  0]LogConfig: Setting CVar [[gc.FlushStreamingOnGC:0]]
[2022.08.23-12.38.40:163][  0]LogConfig: Setting CVar [[gc.NumRetriesBeforeForcingGC:10]]
[2022.08.23-12.38.40:163][  0]LogConfig: Setting CVar [[gc.AllowParallelGC:1]]
[2022.08.23-12.38.40:163][  0]LogConfig: Setting CVar [[gc.TimeBetweenPurgingPendingKillObjects:61.1]]
[2022.08.23-12.38.40:163][  0]LogConfig: Setting CVar [[gc.MaxObjectsInEditor:25165824]]
[2022.08.23-12.38.40:163][  0]LogConfig: Setting CVar [[gc.IncrementalBeginDestroyEnabled:1]]
[2022.08.23-12.38.40:163][  0]LogConfig: Setting CVar [[gc.CreateGCClusters:1]]
[2022.08.23-12.38.40:163][  0]LogConfig: Setting CVar [[gc.MinGCClusterSize:5]]
[2022.08.23-12.38.40:163][  0]LogConfig: Setting CVar [[gc.ActorClusteringEnabled:0]]
[2022.08.23-12.38.40:163][  0]LogConfig: Setting CVar [[gc.BlueprintClusteringEnabled:0]]
[2022.08.23-12.38.40:163][  0]LogConfig: Setting CVar [[gc.UseDisregardForGCOnDedicatedServers:0]]
[2022.08.23-12.38.40:163][  0]LogConfig: Setting CVar [[gc.MultithreadedDestructionEnabled:1]]
[2022.08.23-12.38.40:163][  0]LogConfig: Applying CVar settings from Section [/Script/Engine.NetworkSettings] File [D:/TankProject/Tankogeddon/Saved/Config/Windows/Engine.ini]
[2022.08.23-12.38.40:164][  0]LogConfig: Applying CVar settings from Section [/Script/UnrealEd.CookerSettings] File [D:/TankProject/Tankogeddon/Saved/Config/Windows/Engine.ini]
[2022.08.23-12.38.40:190][  0]LogConfig: Applying CVar settings from Section [ViewDistanceQuality@3] File [D:/TankProject/Tankogeddon/Saved/Config/Windows/Scalability.ini]
[2022.08.23-12.38.40:191][  0]LogConfig: Setting CVar [[r.SkeletalMeshLODBias:0]]
[2022.08.23-12.38.40:191][  0]LogConfig: Setting CVar [[r.ViewDistanceScale:1.0]]
[2022.08.23-12.38.40:191][  0]LogConfig: Applying CVar settings from Section [AntiAliasingQuality@3] File [D:/TankProject/Tankogeddon/Saved/Config/Windows/Scalability.ini]
[2022.08.23-12.38.40:191][  0]LogConfig: Setting CVar [[r.PostProcessAAQuality:4]]
[2022.08.23-12.38.40:191][  0]LogConfig: Applying CVar settings from Section [ShadowQuality@3] File [D:/TankProject/Tankogeddon/Saved/Config/Windows/Scalability.ini]
[2022.08.23-12.38.40:191][  0]LogConfig: Setting CVar [[r.LightFunctionQuality:1]]
[2022.08.23-12.38.40:191][  0]LogConfig: Setting CVar [[r.ShadowQuality:5]]
[2022.08.23-12.38.40:191][  0]LogConfig: Setting CVar [[r.Shadow.CSM.MaxCascades:10]]
[2022.08.23-12.38.40:191][  0]LogConfig: Setting CVar [[r.Shadow.MaxResolution:2048]]
[2022.08.23-12.38.40:191][  0]LogConfig: Setting CVar [[r.Shadow.MaxCSMResolution:2048]]
[2022.08.23-12.38.40:191][  0]LogConfig: Setting CVar [[r.Shadow.RadiusThreshold:0.01]]
[2022.08.23-12.38.40:191][  0]LogConfig: Setting CVar [[r.Shadow.DistanceScale:1.0]]
[2022.08.23-12.38.40:191][  0]LogConfig: Setting CVar [[r.Shadow.CSM.TransitionScale:1.0]]
[2022.08.23-12.38.40:191][  0]LogConfig: Setting CVar [[r.Shadow.PreShadowResolutionFactor:1.0]]
[2022.08.23-12.38.40:191][  0]LogConfig: Setting CVar [[r.DistanceFieldShadowing:1]]
[2022.08.23-12.38.40:191][  0]LogConfig: Setting CVar [[r.DistanceFieldAO:1]]
[2022.08.23-12.38.40:191][  0]LogConfig: Setting CVar [[r.AOQuality:2]]
[2022.08.23-12.38.40:191][  0]LogConfig: Setting CVar [[r.VolumetricFog:1]]
[2022.08.23-12.38.40:191][  0]LogConfig: Setting CVar [[r.VolumetricFog.GridPixelSize:8]]
[2022.08.23-12.38.40:191][  0]LogConfig: Setting CVar [[r.VolumetricFog.GridSizeZ:128]]
[2022.08.23-12.38.40:192][  0]LogConfig: Setting CVar [[r.VolumetricFog.HistoryMissSupersampleCount:4]]
[2022.08.23-12.38.40:192][  0]LogConfig: Setting CVar [[r.LightMaxDrawDistanceScale:1]]
[2022.08.23-12.38.40:192][  0]LogConfig: Setting CVar [[r.CapsuleShadows:1]]
[2022.08.23-12.38.40:192][  0]LogConfig: Applying CVar settings from Section [PostProcessQuality@3] File [D:/TankProject/Tankogeddon/Saved/Config/Windows/Scalability.ini]
[2022.08.23-12.38.40:192][  0]LogConfig: Setting CVar [[r.MotionBlurQuality:4]]
[2022.08.23-12.38.40:192][  0]LogConfig: Setting CVar [[r.AmbientOcclusionMipLevelFactor:0.4]]
[2022.08.23-12.38.40:192][  0]LogConfig: Setting CVar [[r.AmbientOcclusionMaxQuality:100]]
[2022.08.23-12.38.40:192][  0]LogConfig: Setting CVar [[r.AmbientOcclusionLevels:-1]]
[2022.08.23-12.38.40:192][  0]LogConfig: Setting CVar [[r.AmbientOcclusionRadiusScale:1.0]]
[2022.08.23-12.38.40:192][  0]LogConfig: Setting CVar [[r.DepthOfFieldQuality:2]]
[2022.08.23-12.38.40:192][  0]LogConfig: Setting CVar [[r.RenderTargetPoolMin:400]]
[2022.08.23-12.38.40:192][  0]LogConfig: Setting CVar [[r.LensFlareQuality:2]]
[2022.08.23-12.38.40:192][  0]LogConfig: Setting CVar [[r.SceneColorFringeQuality:1]]
[2022.08.23-12.38.40:192][  0]LogConfig: Setting CVar [[r.EyeAdaptationQuality:2]]
[2022.08.23-12.38.40:192][  0]LogConfig: Setting CVar [[r.BloomQuality:5]]
[2022.08.23-12.38.40:192][  0]LogConfig: Setting CVar [[r.FastBlurThreshold:100]]
[2022.08.23-12.38.40:192][  0]LogConfig: Setting CVar [[r.Upscale.Quality:3]]
[2022.08.23-12.38.40:192][  0]LogConfig: Setting CVar [[r.Tonemapper.GrainQuantization:1]]
[2022.08.23-12.38.40:192][  0]LogConfig: Setting CVar [[r.LightShaftQuality:1]]
[2022.08.23-12.38.40:192][  0]LogConfig: Setting CVar [[r.Filter.SizeScale:1]]
[2022.08.23-12.38.40:192][  0]LogConfig: Setting CVar [[r.Tonemapper.Quality:5]]
[2022.08.23-12.38.40:193][  0]LogConfig: Setting CVar [[r.DOF.Gather.AccumulatorQuality:1        ; higher gathering accumulator quality]]
[2022.08.23-12.38.40:193][  0]LogConfig: Setting CVar [[r.DOF.Gather.PostfilterMethod:1          ; Median3x3 postfilering method]]
[2022.08.23-12.38.40:193][  0]LogConfig: Setting CVar [[r.DOF.Gather.EnableBokehSettings:0       ; no bokeh simulation when gathering]]
[2022.08.23-12.38.40:193][  0]LogConfig: Setting CVar [[r.DOF.Gather.RingCount:4                 ; medium number of samples when gathering]]
[2022.08.23-12.38.40:193][  0]LogConfig: Setting CVar [[r.DOF.Scatter.ForegroundCompositing:1    ; additive foreground scattering]]
[2022.08.23-12.38.40:193][  0]LogConfig: Setting CVar [[r.DOF.Scatter.BackgroundCompositing:2    ; additive background scattering]]
[2022.08.23-12.38.40:193][  0]LogConfig: Setting CVar [[r.DOF.Scatter.EnableBokehSettings:1      ; bokeh simulation when scattering]]
[2022.08.23-12.38.40:193][  0]LogConfig: Setting CVar [[r.DOF.Scatter.MaxSpriteRatio:0.1         ; only a maximum of 10% of scattered bokeh]]
[2022.08.23-12.38.40:193][  0]LogConfig: Setting CVar [[r.DOF.Recombine.Quality:1                ; cheap slight out of focus]]
[2022.08.23-12.38.40:193][  0]LogConfig: Setting CVar [[r.DOF.Recombine.EnableBokehSettings:0    ; no bokeh simulation on slight out of focus]]
[2022.08.23-12.38.40:193][  0]LogConfig: Setting CVar [[r.DOF.TemporalAAQuality:1                ; more stable temporal accumulation]]
[2022.08.23-12.38.40:193][  0]LogConfig: Setting CVar [[r.DOF.Kernel.MaxForegroundRadius:0.025]]
[2022.08.23-12.38.40:193][  0]LogConfig: Setting CVar [[r.DOF.Kernel.MaxBackgroundRadius:0.025]]
[2022.08.23-12.38.40:193][  0]LogConfig: Applying CVar settings from Section [TextureQuality@3] File [D:/TankProject/Tankogeddon/Saved/Config/Windows/Scalability.ini]
[2022.08.23-12.38.40:193][  0]LogConfig: Setting CVar [[r.Streaming.MipBias:0]]
[2022.08.23-12.38.40:193][  0]LogConfig: Setting CVar [[r.Streaming.AmortizeCPUToGPUCopy:0]]
[2022.08.23-12.38.40:193][  0]LogConfig: Setting CVar [[r.Streaming.MaxNumTexturesToStreamPerFrame:0]]
[2022.08.23-12.38.40:193][  0]LogConfig: Setting CVar [[r.Streaming.Boost:1]]
[2022.08.23-12.38.40:193][  0]LogConfig: Setting CVar [[r.MaxAnisotropy:8]]
[2022.08.23-12.38.40:193][  0]LogConfig: Setting CVar [[r.VT.MaxAnisotropy:8]]
[2022.08.23-12.38.40:193][  0]LogConfig: Setting CVar [[r.Streaming.LimitPoolSizeToVRAM:0]]
[2022.08.23-12.38.40:193][  0]LogConfig: Setting CVar [[r.Streaming.PoolSize:1000]]
[2022.08.23-12.38.40:193][  0]LogConfig: Setting CVar [[r.Streaming.MaxEffectiveScreenSize:0]]
[2022.08.23-12.38.40:193][  0]LogConfig: Applying CVar settings from Section [EffectsQuality@3] File [D:/TankProject/Tankogeddon/Saved/Config/Windows/Scalability.ini]
[2022.08.23-12.38.40:194][  0]LogConfig: Setting CVar [[r.TranslucencyLightingVolumeDim:64]]
[2022.08.23-12.38.40:194][  0]LogConfig: Setting CVar [[r.RefractionQuality:2]]
[2022.08.23-12.38.40:194][  0]LogConfig: Setting CVar [[r.SSR.Quality:3]]
[2022.08.23-12.38.40:194][  0]LogConfig: Setting CVar [[r.SSR.HalfResSceneColor:0]]
[2022.08.23-12.38.40:194][  0]LogConfig: Setting CVar [[r.SceneColorFormat:4]]
[2022.08.23-12.38.40:194][  0]LogConfig: Setting CVar [[r.DetailMode:2]]
[2022.08.23-12.38.40:194][  0]LogConfig: Setting CVar [[r.TranslucencyVolumeBlur:1]]
[2022.08.23-12.38.40:194][  0]LogConfig: Setting CVar [[r.MaterialQualityLevel:1 ; High quality]]
[2022.08.23-12.38.40:194][  0]LogConfig: Setting CVar [[r.AnisotropicMaterials:1]]
[2022.08.23-12.38.40:194][  0]LogConfig: Setting CVar [[r.SSS.Scale:1]]
[2022.08.23-12.38.40:194][  0]LogConfig: Setting CVar [[r.SSS.SampleSet:2]]
[2022.08.23-12.38.40:194][  0]LogConfig: Setting CVar [[r.SSS.Quality:1]]
[2022.08.23-12.38.40:194][  0]LogConfig: Setting CVar [[r.SSS.HalfRes:0]]
[2022.08.23-12.38.40:194][  0]LogConfig: Setting CVar [[r.SSGI.Quality:3]]
[2022.08.23-12.38.40:194][  0]LogConfig: Setting CVar [[r.EmitterSpawnRateScale:1.0]]
[2022.08.23-12.38.40:194][  0]LogConfig: Setting CVar [[r.ParticleLightQuality:2]]
[2022.08.23-12.38.40:194][  0]LogConfig: Setting CVar [[r.SkyAtmosphere.AerialPerspectiveLUT.FastApplyOnOpaque:1 ; Always have FastSkyLUT 1 in this case to avoid wrong sky]]
[2022.08.23-12.38.40:194][  0]LogConfig: Setting CVar [[r.SkyAtmosphere.AerialPerspectiveLUT.SampleCountMaxPerSlice:4]]
[2022.08.23-12.38.40:194][  0]LogConfig: Setting CVar [[r.SkyAtmosphere.AerialPerspectiveLUT.DepthResolution:16.0]]
[2022.08.23-12.38.40:194][  0]LogConfig: Setting CVar [[r.SkyAtmosphere.FastSkyLUT:1]]
[2022.08.23-12.38.40:194][  0]LogConfig: Setting CVar [[r.SkyAtmosphere.FastSkyLUT.SampleCountMin:4.0]]
[2022.08.23-12.38.40:194][  0]LogConfig: Setting CVar [[r.SkyAtmosphere.FastSkyLUT.SampleCountMax:128.0]]
[2022.08.23-12.38.40:194][  0]LogConfig: Setting CVar [[r.SkyAtmosphere.SampleCountMin:4.0]]
[2022.08.23-12.38.40:194][  0]LogConfig: Setting CVar [[r.SkyAtmosphere.SampleCountMax:128.0]]
[2022.08.23-12.38.40:194][  0]LogConfig: Setting CVar [[r.SkyAtmosphere.TransmittanceLUT.UseSmallFormat:0]]
[2022.08.23-12.38.40:195][  0]LogConfig: Setting CVar [[r.SkyAtmosphere.TransmittanceLUT.SampleCount:10.0]]
[2022.08.23-12.38.40:195][  0]LogConfig: Setting CVar [[r.SkyAtmosphere.MultiScatteringLUT.SampleCount:15.0]]
[2022.08.23-12.38.40:195][  0]LogConfig: Setting CVar [[r.SkyLight.RealTimeReflectionCapture:1]]
[2022.08.23-12.38.40:195][  0]LogConfig: Applying CVar settings from Section [FoliageQuality@3] File [D:/TankProject/Tankogeddon/Saved/Config/Windows/Scalability.ini]
[2022.08.23-12.38.40:195][  0]LogConfig: Setting CVar [[foliage.DensityScale:1.0]]
[2022.08.23-12.38.40:195][  0]LogConfig: Setting CVar [[grass.DensityScale:1.0]]
[2022.08.23-12.38.40:195][  0]LogConfig: Applying CVar settings from Section [ShadingQuality@3] File [D:/TankProject/Tankogeddon/Saved/Config/Windows/Scalability.ini]
[2022.08.23-12.38.40:195][  0]LogConfig: Setting CVar [[r.HairStrands.SkyLighting.IntegrationType:2]]
[2022.08.23-12.38.40:195][  0]LogConfig: Setting CVar [[r.HairStrands.SkyAO.SampleCount:4]]
[2022.08.23-12.38.40:195][  0]LogConfig: Setting CVar [[r.HairStrands.Visibility.MSAA.SamplePerPixel:4]]
[2022.08.23-12.38.40:195][  0]LogInit: Selected Device Profile: [Windows]
[2022.08.23-12.38.40:195][  0]LogInit: Applying CVar settings loaded from the selected device profile: [Windows]
[2022.08.23-12.38.40:195][  0]LogHAL: Display: Platform has ~ 16 GB [17110405120 / 17179869184 / 16], which maps to Larger [LargestMinGB=32, LargerMinGB=12, DefaultMinGB=8, SmallerMinGB=6, SmallestMinGB=0)
[2022.08.23-12.38.40:195][  0]LogInit: Going up to parent DeviceProfile []
[2022.08.23-12.38.40:195][  0]LogConfig: Applying CVar settings from Section [ViewDistanceQuality@3] File [D:/TankProject/Tankogeddon/Saved/Config/Windows/Scalability.ini]
[2022.08.23-12.38.40:195][  0]LogConfig: Setting CVar [[r.SkeletalMeshLODBias:0]]
[2022.08.23-12.38.40:195][  0]LogConfig: Setting CVar [[r.ViewDistanceScale:1.0]]
[2022.08.23-12.38.40:195][  0]LogConfig: Applying CVar settings from Section [AntiAliasingQuality@3] File [D:/TankProject/Tankogeddon/Saved/Config/Windows/Scalability.ini]
[2022.08.23-12.38.40:195][  0]LogConfig: Setting CVar [[r.PostProcessAAQuality:4]]
[2022.08.23-12.38.40:195][  0]LogConfig: Applying CVar settings from Section [ShadowQuality@3] File [D:/TankProject/Tankogeddon/Saved/Config/Windows/Scalability.ini]
[2022.08.23-12.38.40:195][  0]LogConfig: Setting CVar [[r.LightFunctionQuality:1]]
[2022.08.23-12.38.40:196][  0]LogConfig: Setting CVar [[r.ShadowQuality:5]]
[2022.08.23-12.38.40:196][  0]LogConfig: Setting CVar [[r.Shadow.CSM.MaxCascades:10]]
[2022.08.23-12.38.40:196][  0]LogConfig: Setting CVar [[r.Shadow.MaxResolution:2048]]
[2022.08.23-12.38.40:196][  0]LogConfig: Setting CVar [[r.Shadow.MaxCSMResolution:2048]]
[2022.08.23-12.38.40:196][  0]LogConfig: Setting CVar [[r.Shadow.RadiusThreshold:0.01]]
[2022.08.23-12.38.40:196][  0]LogConfig: Setting CVar [[r.Shadow.DistanceScale:1.0]]
[2022.08.23-12.38.40:196][  0]LogConfig: Setting CVar [[r.Shadow.CSM.TransitionScale:1.0]]
[2022.08.23-12.38.40:196][  0]LogConfig: Setting CVar [[r.Shadow.PreShadowResolutionFactor:1.0]]
[2022.08.23-12.38.40:196][  0]LogConfig: Setting CVar [[r.DistanceFieldShadowing:1]]
[2022.08.23-12.38.40:196][  0]LogConfig: Setting CVar [[r.DistanceFieldAO:1]]
[2022.08.23-12.38.40:196][  0]LogConfig: Setting CVar [[r.AOQuality:2]]
[2022.08.23-12.38.40:196][  0]LogConfig: Setting CVar [[r.VolumetricFog:1]]
[2022.08.23-12.38.40:196][  0]LogConfig: Setting CVar [[r.VolumetricFog.GridPixelSize:8]]
[2022.08.23-12.38.40:196][  0]LogConfig: Setting CVar [[r.VolumetricFog.GridSizeZ:128]]
[2022.08.23-12.38.40:196][  0]LogConfig: Setting CVar [[r.VolumetricFog.HistoryMissSupersampleCount:4]]
[2022.08.23-12.38.40:196][  0]LogConfig: Setting CVar [[r.LightMaxDrawDistanceScale:1]]
[2022.08.23-12.38.40:196][  0]LogConfig: Setting CVar [[r.CapsuleShadows:1]]
[2022.08.23-12.38.40:196][  0]LogConfig: Applying CVar settings from Section [PostProcessQuality@3] File [D:/TankProject/Tankogeddon/Saved/Config/Windows/Scalability.ini]
[2022.08.23-12.38.40:196][  0]LogConfig: Setting CVar [[r.MotionBlurQuality:4]]
[2022.08.23-12.38.40:196][  0]LogConfig: Setting CVar [[r.AmbientOcclusionMipLevelFactor:0.4]]
[2022.08.23-12.38.40:196][  0]LogConfig: Setting CVar [[r.AmbientOcclusionMaxQuality:100]]
[2022.08.23-12.38.40:196][  0]LogConfig: Setting CVar [[r.AmbientOcclusionLevels:-1]]
[2022.08.23-12.38.40:196][  0]LogConfig: Setting CVar [[r.AmbientOcclusionRadiusScale:1.0]]
[2022.08.23-12.38.40:196][  0]LogConfig: Setting CVar [[r.DepthOfFieldQuality:2]]
[2022.08.23-12.38.40:196][  0]LogConfig: Setting CVar [[r.RenderTargetPoolMin:400]]
[2022.08.23-12.38.40:197][  0]LogConfig: Setting CVar [[r.LensFlareQuality:2]]
[2022.08.23-12.38.40:197][  0]LogConfig: Setting CVar [[r.SceneColorFringeQuality:1]]
[2022.08.23-12.38.40:197][  0]LogConfig: Setting CVar [[r.EyeAdaptationQuality:2]]
[2022.08.23-12.38.40:197][  0]LogConfig: Setting CVar [[r.BloomQuality:5]]
[2022.08.23-12.38.40:197][  0]LogConfig: Setting CVar [[r.FastBlurThreshold:100]]
[2022.08.23-12.38.40:197][  0]LogConfig: Setting CVar [[r.Upscale.Quality:3]]
[2022.08.23-12.38.40:197][  0]LogConfig: Setting CVar [[r.Tonemapper.GrainQuantization:1]]
[2022.08.23-12.38.40:197][  0]LogConfig: Setting CVar [[r.LightShaftQuality:1]]
[2022.08.23-12.38.40:197][  0]LogConfig: Setting CVar [[r.Filter.SizeScale:1]]
[2022.08.23-12.38.40:197][  0]LogConfig: Setting CVar [[r.Tonemapper.Quality:5]]
[2022.08.23-12.38.40:197][  0]LogConfig: Setting CVar [[r.DOF.Gather.AccumulatorQuality:1        ; higher gathering accumulator quality]]
[2022.08.23-12.38.40:197][  0]LogConfig: Setting CVar [[r.DOF.Gather.PostfilterMethod:1          ; Median3x3 postfilering method]]
[2022.08.23-12.38.40:197][  0]LogConfig: Setting CVar [[r.DOF.Gather.EnableBokehSettings:0       ; no bokeh simulation when gathering]]
[2022.08.23-12.38.40:197][  0]LogConfig: Setting CVar [[r.DOF.Gather.RingCount:4                 ; medium number of samples when gathering]]
[2022.08.23-12.38.40:197][  0]LogConfig: Setting CVar [[r.DOF.Scatter.ForegroundCompositing:1    ; additive foreground scattering]]
[2022.08.23-12.38.40:197][  0]LogConfig: Setting CVar [[r.DOF.Scatter.BackgroundCompositing:2    ; additive background scattering]]
[2022.08.23-12.38.40:197][  0]LogConfig: Setting CVar [[r.DOF.Scatter.EnableBokehSettings:1      ; bokeh simulation when scattering]]
[2022.08.23-12.38.40:197][  0]LogConfig: Setting CVar [[r.DOF.Scatter.MaxSpriteRatio:0.1         ; only a maximum of 10% of scattered bokeh]]
[2022.08.23-12.38.40:197][  0]LogConfig: Setting CVar [[r.DOF.Recombine.Quality:1                ; cheap slight out of focus]]
[2022.08.23-12.38.40:197][  0]LogConfig: Setting CVar [[r.DOF.Recombine.EnableBokehSettings:0    ; no bokeh simulation on slight out of focus]]
[2022.08.23-12.38.40:197][  0]LogConfig: Setting CVar [[r.DOF.TemporalAAQuality:1                ; more stable temporal accumulation]]
[2022.08.23-12.38.40:197][  0]LogConfig: Setting CVar [[r.DOF.Kernel.MaxForegroundRadius:0.025]]
[2022.08.23-12.38.40:197][  0]LogConfig: Setting CVar [[r.DOF.Kernel.MaxBackgroundRadius:0.025]]
[2022.08.23-12.38.40:197][  0]LogConfig: Applying CVar settings from Section [TextureQuality@3] File [D:/TankProject/Tankogeddon/Saved/Config/Windows/Scalability.ini]
[2022.08.23-12.38.40:198][  0]LogConfig: Setting CVar [[r.Streaming.MipBias:0]]
[2022.08.23-12.38.40:198][  0]LogConfig: Setting CVar [[r.Streaming.AmortizeCPUToGPUCopy:0]]
[2022.08.23-12.38.40:198][  0]LogConfig: Setting CVar [[r.Streaming.MaxNumTexturesToStreamPerFrame:0]]
[2022.08.23-12.38.40:198][  0]LogConfig: Setting CVar [[r.Streaming.Boost:1]]
[2022.08.23-12.38.40:198][  0]LogConfig: Setting CVar [[r.MaxAnisotropy:8]]
[2022.08.23-12.38.40:198][  0]LogConfig: Setting CVar [[r.VT.MaxAnisotropy:8]]
[2022.08.23-12.38.40:198][  0]LogConfig: Setting CVar [[r.Streaming.LimitPoolSizeToVRAM:0]]
[2022.08.23-12.38.40:198][  0]LogConfig: Setting CVar [[r.Streaming.PoolSize:1000]]
[2022.08.23-12.38.40:198][  0]LogConfig: Setting CVar [[r.Streaming.MaxEffectiveScreenSize:0]]
[2022.08.23-12.38.40:198][  0]LogConfig: Applying CVar settings from Section [EffectsQuality@3] File [D:/TankProject/Tankogeddon/Saved/Config/Windows/Scalability.ini]
[2022.08.23-12.38.40:198][  0]LogConfig: Setting CVar [[r.TranslucencyLightingVolumeDim:64]]
[2022.08.23-12.38.40:198][  0]LogConfig: Setting CVar [[r.RefractionQuality:2]]
[2022.08.23-12.38.40:198][  0]LogConfig: Setting CVar [[r.SSR.Quality:3]]
[2022.08.23-12.38.40:198][  0]LogConfig: Setting CVar [[r.SSR.HalfResSceneColor:0]]
[2022.08.23-12.38.40:198][  0]LogConfig: Setting CVar [[r.SceneColorFormat:4]]
[2022.08.23-12.38.40:198][  0]LogConfig: Setting CVar [[r.DetailMode:2]]
[2022.08.23-12.38.40:198][  0]LogConfig: Setting CVar [[r.TranslucencyVolumeBlur:1]]
[2022.08.23-12.38.40:198][  0]LogConfig: Setting CVar [[r.MaterialQualityLevel:1 ; High quality]]
[2022.08.23-12.38.40:198][  0]LogConfig: Setting CVar [[r.AnisotropicMaterials:1]]
[2022.08.23-12.38.40:198][  0]LogConfig: Setting CVar [[r.SSS.Scale:1]]
[2022.08.23-12.38.40:198][  0]LogConfig: Setting CVar [[r.SSS.SampleSet:2]]
[2022.08.23-12.38.40:198][  0]LogConfig: Setting CVar [[r.SSS.Quality:1]]
[2022.08.23-12.38.40:198][  0]LogConfig: Setting CVar [[r.SSS.HalfRes:0]]
[2022.08.23-12.38.40:198][  0]LogConfig: Setting CVar [[r.SSGI.Quality:3]]
[2022.08.23-12.38.40:198][  0]LogConfig: Setting CVar [[r.EmitterSpawnRateScale:1.0]]
[2022.08.23-12.38.40:199][  0]LogConfig: Setting CVar [[r.ParticleLightQuality:2]]
[2022.08.23-12.38.40:199][  0]LogConfig: Setting CVar [[r.SkyAtmosphere.AerialPerspectiveLUT.FastApplyOnOpaque:1 ; Always have FastSkyLUT 1 in this case to avoid wrong sky]]
[2022.08.23-12.38.40:199][  0]LogConfig: Setting CVar [[r.SkyAtmosphere.AerialPerspectiveLUT.SampleCountMaxPerSlice:4]]
[2022.08.23-12.38.40:199][  0]LogConfig: Setting CVar [[r.SkyAtmosphere.AerialPerspectiveLUT.DepthResolution:16.0]]
[2022.08.23-12.38.40:199][  0]LogConfig: Setting CVar [[r.SkyAtmosphere.FastSkyLUT:1]]
[2022.08.23-12.38.40:199][  0]LogConfig: Setting CVar [[r.SkyAtmosphere.FastSkyLUT.SampleCountMin:4.0]]
[2022.08.23-12.38.40:199][  0]LogConfig: Setting CVar [[r.SkyAtmosphere.FastSkyLUT.SampleCountMax:128.0]]
[2022.08.23-12.38.40:199][  0]LogConfig: Setting CVar [[r.SkyAtmosphere.SampleCountMin:4.0]]
[2022.08.23-12.38.40:199][  0]LogConfig: Setting CVar [[r.SkyAtmosphere.SampleCountMax:128.0]]
[2022.08.23-12.38.40:199][  0]LogConfig: Setting CVar [[r.SkyAtmosphere.TransmittanceLUT.UseSmallFormat:0]]
[2022.08.23-12.38.40:199][  0]LogConfig: Setting CVar [[r.SkyAtmosphere.TransmittanceLUT.SampleCount:10.0]]
[2022.08.23-12.38.40:199][  0]LogConfig: Setting CVar [[r.SkyAtmosphere.MultiScatteringLUT.SampleCount:15.0]]
[2022.08.23-12.38.40:199][  0]LogConfig: Setting CVar [[r.SkyLight.RealTimeReflectionCapture:1]]
[2022.08.23-12.38.40:199][  0]LogConfig: Applying CVar settings from Section [FoliageQuality@3] File [D:/TankProject/Tankogeddon/Saved/Config/Windows/Scalability.ini]
[2022.08.23-12.38.40:199][  0]LogConfig: Setting CVar [[foliage.DensityScale:1.0]]
[2022.08.23-12.38.40:199][  0]LogConfig: Setting CVar [[grass.DensityScale:1.0]]
[2022.08.23-12.38.40:199][  0]LogConfig: Applying CVar settings from Section [ShadingQuality@3] File [D:/TankProject/Tankogeddon/Saved/Config/Windows/Scalability.ini]
[2022.08.23-12.38.40:199][  0]LogConfig: Setting CVar [[r.HairStrands.SkyLighting.IntegrationType:2]]
[2022.08.23-12.38.40:199][  0]LogConfig: Setting CVar [[r.HairStrands.SkyAO.SampleCount:4]]
[2022.08.23-12.38.40:199][  0]LogConfig: Setting CVar [[r.HairStrands.Visibility.MSAA.SamplePerPixel:4]]
[2022.08.23-12.38.40:199][  0]LogConfig: Applying CVar settings from Section [Startup] File [../../../Engine/Config/ConsoleVariables.ini]
[2022.08.23-12.38.40:200][  0]LogConfig: Setting CVar [[net.UseAdaptiveNetUpdateFrequency:0]]
[2022.08.23-12.38.40:200][  0]LogConfig: Setting CVar [[p.chaos.AllowCreatePhysxBodies:1]]
[2022.08.23-12.38.40:200][  0]LogConfig: Setting CVar [[fx.SkipVectorVMBackendOptimizations:1]]
[2022.08.23-12.38.40:200][  0]LogConfig: Applying CVar settings from Section [ConsoleVariables] File [D:/TankProject/Tankogeddon/Saved/Config/Windows/Engine.ini]
[2022.08.23-12.38.40:200][  0]LogConfig: Applying CVar settings from Section [ConsoleVariables] File [D:/TankProject/Tankogeddon/Saved/Config/Windows/Editor.ini]
[2022.08.23-12.38.40:200][  0]LogInit: Computer: ROMA-DURAK
[2022.08.23-12.38.40:200][  0]LogInit: User: 1
[2022.08.23-12.38.40:200][  0]LogInit: CPU Page size=4096, Cores=6
[2022.08.23-12.38.40:200][  0]LogInit: High frequency timer resolution =10.000000 MHz
[2022.08.23-12.38.40:200][  0]LogMemory: Memory total: Physical=15.9GB (16GB approx)
[2022.08.23-12.38.40:200][  0]LogMemory: Platform Memory Stats for Windows
[2022.08.23-12.38.40:200][  0]LogMemory: Process Physical Memory: 143.84 MB used, 143.84 MB peak
[2022.08.23-12.38.40:200][  0]LogMemory: Process Virtual Memory: 125.11 MB used, 125.11 MB peak
[2022.08.23-12.38.40:200][  0]LogMemory: Physical Memory: 10639.64 MB used,  5678.12 MB free, 16317.75 MB total
[2022.08.23-12.38.40:200][  0]LogMemory: Virtual Memory: 134214264.00 MB used,  3460.02 MB free, 134217728.00 MB total
[2022.08.23-12.38.40:564][  0]LogWindows: WindowsPlatformFeatures enabled
[2022.08.23-12.38.41:686][  0]LogInit: Physics initialised using underlying interface: PhysX
[2022.08.23-12.38.41:687][  0]LogInit: Using OS detected language (ru-RU).
[2022.08.23-12.38.41:687][  0]LogInit: Using OS detected locale (ru-RU).
[2022.08.23-12.38.41:689][  0]LogTextLocalizationManager: No specific localization for 'ru-RU' exists, so the 'ru' localization will be used.
[2022.08.23-12.38.41:690][  0]LogTextLocalizationResource: LocRes '../../../Engine/Content/Localization/Editor/ru/Editor.locres' could not be opened for reading!
[2022.08.23-12.38.41:690][  0]LogTextLocalizationResource: LocRes '../../../Engine/Content/Localization/EditorTutorials/ru/EditorTutorials.locres' could not be opened for reading!
[2022.08.23-12.38.41:690][  0]LogTextLocalizationResource: LocRes '../../../Engine/Content/Localization/Keywords/ru/Keywords.locres' could not be opened for reading!
[2022.08.23-12.38.41:690][  0]LogTextLocalizationResource: LocRes '../../../Engine/Content/Localization/Category/ru/Category.locres' could not be opened for reading!
[2022.08.23-12.38.41:690][  0]LogTextLocalizationResource: LocRes '../../../Engine/Content/Localization/ToolTips/ru/ToolTips.locres' could not be opened for reading!
[2022.08.23-12.38.41:691][  0]LogTextLocalizationResource: LocRes '../../../Engine/Content/Localization/PropertyNames/ru/PropertyNames.locres' could not be opened for reading!
[2022.08.23-12.38.41:691][  0]LogTextLocalizationResource: LocRes '../../../Engine/Content/Localization/Engine/ru/Engine.locres' could not be opened for reading!
[2022.08.23-12.38.41:691][  0]LogInit: Setting process to per monitor DPI aware
[2022.08.23-12.38.41:706][  0]LogWindowsTextInputMethodSystem: Display: IME system deactivated.
[2022.08.23-12.38.41:774][  0]LogSlate: New Slate User Created.  User Index 0, Is Virtual User: 0
[2022.08.23-12.38.41:774][  0]LogSlate: Slate User Registered.  User Index 0, Is Virtual User: 0
[2022.08.23-12.38.41:989][  0]LogD3D11RHI: Loaded GFSDK_Aftermath_Lib.x64.dll
[2022.08.23-12.38.42:138][  0]LogHMD: Failed to initialize OpenVR with code 110
[2022.08.23-12.38.42:138][  0]LogD3D11RHI: D3D11 min allowed feature level: 11_0
[2022.08.23-12.38.42:138][  0]LogD3D11RHI: D3D11 max allowed feature level: 11_0
[2022.08.23-12.38.42:138][  0]LogD3D11RHI: D3D11 adapters:
[2022.08.23-12.38.42:286][  0]LogD3D11RHI:    0. 'NVIDIA GeForce GTX 1060 3GB' (Feature Level 11_0)
[2022.08.23-12.38.42:286][  0]LogD3D11RHI:       2988/0/8158 MB DedicatedVideo/DedicatedSystem/SharedSystem, Outputs:1, VendorId:0x10de
[2022.08.23-12.38.42:430][  0]LogD3D11RHI:    1. 'Microsoft Basic Render Driver' (Feature Level 11_0)
[2022.08.23-12.38.42:431][  0]LogD3D11RHI:       0/0/8158 MB DedicatedVideo/DedicatedSystem/SharedSystem, Outputs:0, VendorId:0x1414
[2022.08.23-12.38.42:431][  0]LogD3D11RHI: Chosen D3D11 Adapter:
[2022.08.23-12.38.42:431][  0]LogD3D11RHI:     Description : NVIDIA GeForce GTX 1060 3GB
[2022.08.23-12.38.42:431][  0]LogD3D11RHI:     VendorId    : 10de
[2022.08.23-12.38.42:431][  0]LogD3D11RHI:     DeviceId    : 1c02
[2022.08.23-12.38.42:431][  0]LogD3D11RHI:     SubSysId    : 37221458
[2022.08.23-12.38.42:431][  0]LogD3D11RHI:     Revision    : 00a1
[2022.08.23-12.38.42:431][  0]LogD3D11RHI:     DedicatedVideoMemory : 3133145088 bytes
[2022.08.23-12.38.42:431][  0]LogD3D11RHI:     DedicatedSystemMemory : 0 bytes
[2022.08.23-12.38.42:431][  0]LogD3D11RHI:     SharedSystemMemory : 8555202560 bytes
[2022.08.23-12.38.42:431][  0]LogD3D11RHI:     AdapterLuid : 0 38814
[2022.08.23-12.38.42:442][  0]LogD3D11RHI: Creating new Direct3DDevice
[2022.08.23-12.38.42:443][  0]LogD3D11RHI:     GPU DeviceId: 0x1c02 (for the marketing name, search the web for "GPU Device Id")
[2022.08.23-12.38.42:443][  0]LogWindows: EnumDisplayDevices:
[2022.08.23-12.38.42:443][  0]LogWindows:    0. 'NVIDIA GeForce GTX 1060 3GB' (P:1 D:1)
[2022.08.23-12.38.42:443][  0]LogWindows:    1. 'NVIDIA GeForce GTX 1060 3GB' (P:0 D:0)
[2022.08.23-12.38.42:444][  0]LogWindows:    2. 'NVIDIA GeForce GTX 1060 3GB' (P:0 D:0)
[2022.08.23-12.38.42:445][  0]LogWindows:    3. 'NVIDIA GeForce GTX 1060 3GB' (P:0 D:0)
[2022.08.23-12.38.42:446][  0]LogWindows: DebugString: FoundDriverCount:4 
[2022.08.23-12.38.42:446][  0]LogD3D11RHI:     Adapter Name: NVIDIA GeForce GTX 1060 3GB
[2022.08.23-12.38.42:446][  0]LogD3D11RHI:   Driver Version: 511.23 (internal:30.0.15.1123, unified:511.23)
[2022.08.23-12.38.42:447][  0]LogD3D11RHI:      Driver Date: 1-10-2022
[2022.08.23-12.38.42:447][  0]LogRHI: Texture pool is 2091 MB (70% of 2988 MB)
[2022.08.23-12.38.42:447][  0]LogD3D11RHI: Creating D3DDevice using adapter:
[2022.08.23-12.38.42:447][  0]LogD3D11RHI:     Description : NVIDIA GeForce GTX 1060 3GB
[2022.08.23-12.38.42:447][  0]LogD3D11RHI:     VendorId    : 10de
[2022.08.23-12.38.42:448][  0]LogD3D11RHI:     DeviceId    : 1c02
[2022.08.23-12.38.42:448][  0]LogD3D11RHI:     SubSysId    : 37221458
[2022.08.23-12.38.42:448][  0]LogD3D11RHI:     Revision    : 00a1
[2022.08.23-12.38.42:448][  0]LogD3D11RHI:     DedicatedVideoMemory : 3133145088 bytes
[2022.08.23-12.38.42:448][  0]LogD3D11RHI:     DedicatedSystemMemory : 0 bytes
[2022.08.23-12.38.42:448][  0]LogD3D11RHI:     SharedSystemMemory : 8555202560 bytes
[2022.08.23-12.38.42:448][  0]LogD3D11RHI:     AdapterLuid : 0 38814
[2022.08.23-12.38.42:504][  0]LogD3D11RHI: RHI has support for 64 bit atomics
[2022.08.23-12.38.42:504][  0]LogD3D11RHI: Async texture creation enabled
[2022.08.23-12.38.42:504][  0]LogD3D11RHI: Array index from any shader is supported
[2022.08.23-12.38.42:506][  0]LogD3D11RHI: HDR output is supported on display 0 (NvId: 0x80061082).
[2022.08.23-12.38.42:525][  0]LogD3D11RHI: GPU Timing Frequency: 1000.000000 (Debug: 2 1)
[2022.08.23-12.38.42:656][  0]LogRHI: GeForceNow SDK initialized: 1
[2022.08.23-12.38.43:412][  0]LogTargetPlatformManager: Display: Loaded TargetPlatform 'AllDesktop'
[2022.08.23-12.38.43:458][  0]LogTargetPlatformManager: Display: Loaded TargetPlatform 'Android'
[2022.08.23-12.38.43:458][  0]LogTargetPlatformManager: Display: Loaded TargetPlatform 'Android_ASTC'
[2022.08.23-12.38.43:458][  0]LogTargetPlatformManager: Display: Loaded TargetPlatform 'Android_DXT'
[2022.08.23-12.38.43:458][  0]LogTargetPlatformManager: Display: Loaded TargetPlatform 'Android_ETC2'
[2022.08.23-12.38.43:458][  0]LogTargetPlatformManager: Display: Loaded TargetPlatform 'AndroidClient'
[2022.08.23-12.38.43:458][  0]LogTargetPlatformManager: Display: Loaded TargetPlatform 'Android_ASTCClient'
[2022.08.23-12.38.43:458][  0]LogTargetPlatformManager: Display: Loaded TargetPlatform 'Android_DXTClient'
[2022.08.23-12.38.43:459][  0]LogTargetPlatformManager: Display: Loaded TargetPlatform 'Android_ETC2Client'
[2022.08.23-12.38.43:459][  0]LogTargetPlatformManager: Display: Loaded TargetPlatform 'Android_Multi'
[2022.08.23-12.38.43:460][  0]LogTargetPlatformManager: Display: Loaded TargetPlatform 'Android_MultiClient'
[2022.08.23-12.38.43:636][  0]LogTargetPlatformManager: Display: Loaded TargetPlatform 'IOSClient'
[2022.08.23-12.38.43:636][  0]LogTargetPlatformManager: Display: Loaded TargetPlatform 'IOS'
[2022.08.23-12.38.43:666][  0]LogTargetPlatformManager: Display: Loaded TargetPlatform 'Linux'
[2022.08.23-12.38.43:689][  0]LogTargetPlatformManager: Display: Loaded TargetPlatform 'LinuxNoEditor'
[2022.08.23-12.38.43:739][  0]LogTargetPlatformManager: Display: Loaded TargetPlatform 'LinuxClient'
[2022.08.23-12.38.43:762][  0]LogTargetPlatformManager: Display: Loaded TargetPlatform 'LinuxServer'
[2022.08.23-12.38.43:785][  0]LogTargetPlatformManager: Display: Loaded TargetPlatform 'LinuxAArch64NoEditor'
[2022.08.23-12.38.43:812][  0]LogTargetPlatformManager: Display: Loaded TargetPlatform 'LinuxAArch64Client'
[2022.08.23-12.38.43:832][  0]LogTargetPlatformManager: Display: Loaded TargetPlatform 'LinuxAArch64Server'
[2022.08.23-12.38.43:871][  0]LogTargetPlatformManager: Display: Loaded TargetPlatform 'Lumin'
[2022.08.23-12.38.43:871][  0]LogTargetPlatformManager: Display: Loaded TargetPlatform 'LuminClient'
[2022.08.23-12.38.43:979][  0]LogTargetPlatformManager: Display: Loaded TargetPlatform 'MacNoEditor'
[2022.08.23-12.38.44:018][  0]LogTargetPlatformManager: Display: Loaded TargetPlatform 'Mac'
[2022.08.23-12.38.44:057][  0]LogTargetPlatformManager: Display: Loaded TargetPlatform 'MacClient'
[2022.08.23-12.38.44:088][  0]LogTargetPlatformManager: Display: Loaded TargetPlatform 'MacServer'
[2022.08.23-12.38.44:125][  0]LogTargetPlatformManager: Display: Loaded TargetPlatform 'TVOSClient'
[2022.08.23-12.38.44:125][  0]LogTargetPlatformManager: Display: Loaded TargetPlatform 'TVOS'
[2022.08.23-12.38.44:185][  0]LogTargetPlatformManager: Display: Loaded TargetPlatform 'WindowsNoEditor'
[2022.08.23-12.38.44:275][  0]LogTargetPlatformManager: Display: Loaded TargetPlatform 'Windows'
[2022.08.23-12.38.44:326][  0]LogTargetPlatformManager: Display: Loaded TargetPlatform 'WindowsClient'
[2022.08.23-12.38.44:377][  0]LogTargetPlatformManager: Display: Loaded TargetPlatform 'WindowsServer'
[2022.08.23-12.38.44:377][  0]LogTargetPlatformManager: Display: Building Assets For Windows
[2022.08.23-12.38.44:535][  0]LogAudioDebug: Display: Lib vorbis DLL was dynamically loaded.
[2022.08.23-12.38.45:166][  0]LogTextureFormatOodle: Display: Oodle Texture 2.9.0 init RDO Off
[2022.08.23-12.38.46:388][  0]LogRendererCore: Ray tracing is disabled. Reason: r.RayTracing=0.
[2022.08.23-12.38.46:388][  0]LogShaderCompilers: Guid format shader working directory is 3 characters bigger than the processId version (../../../../../TankProject/Tankogeddon/Intermediate/Shaders/WorkingDirectory/25740/).
[2022.08.23-12.38.46:389][  0]LogShaderCompilers: Cleaned the shader compiler working directory 'C:/Users/1/AppData/Local/Temp/UnrealShaderWorkingDir/F3303065409D2A621EC2EE916321EF81/'.
[2022.08.23-12.38.46:389][  0]LogXGEController: Cannot use XGE Controller as Incredibuild is not installed on this machine.
[2022.08.23-12.38.46:389][  0]LogShaderCompilers: Cannot use XGE Shader Compiler as Incredibuild is not installed on this machine.
[2022.08.23-12.38.46:389][  0]LogShaderCompilers: Display: Using Local Shader Compiler.
[2022.08.23-12.38.47:139][  0]LogDerivedDataCache: Display: Max Cache Size: 512 MB
[2022.08.23-12.38.47:226][  0]LogDerivedDataCache: Loaded boot cache 0.09s 94MB C:/Users/1/AppData/Local/UnrealEngine/4.27/DerivedDataCache/Boot.ddc.
[2022.08.23-12.38.47:227][  0]LogDerivedDataCache: Display: Loaded Boot cache: C:/Users/1/AppData/Local/UnrealEngine/4.27/DerivedDataCache/Boot.ddc
[2022.08.23-12.38.47:227][  0]LogDerivedDataCache: FDerivedDataBackendGraph:  Pak pak cache file ../../../../../TankProject/Tankogeddon/DerivedDataCache/DDC.ddp not found, will not use a pak cache.
[2022.08.23-12.38.47:227][  0]LogDerivedDataCache: Unable to find inner node Pak for hierarchical cache Hierarchy.
[2022.08.23-12.38.47:227][  0]LogDerivedDataCache: FDerivedDataBackendGraph:  CompressedPak pak cache file ../../../../../TankProject/Tankogeddon/DerivedDataCache/Compressed.ddp not found, will not use a pak cache.
[2022.08.23-12.38.47:227][  0]LogDerivedDataCache: Unable to find inner node CompressedPak for hierarchical cache Hierarchy.
[2022.08.23-12.38.47:243][  0]LogDerivedDataCache: Display: Pak cache opened for reading ../../../Engine/DerivedDataCache/Compressed.ddp.
[2022.08.23-12.38.47:243][  0]LogDerivedDataCache: FDerivedDataBackendGraph:  EnterprisePak pak cache file ../../../Enterprise/DerivedDataCache/Compressed.ddp not found, will not use a pak cache.
[2022.08.23-12.38.47:243][  0]LogDerivedDataCache: Unable to find inner node EnterprisePak for hierarchical cache Hierarchy.
[2022.08.23-12.38.47:285][  0]LogDerivedDataCache: Speed tests for C:/Users/1/AppData/Local/UnrealEngine/Common/DerivedDataCache took 0.04 seconds
[2022.08.23-12.38.47:285][  0]LogDerivedDataCache: Display: Performance to C:/Users/1/AppData/Local/UnrealEngine/Common/DerivedDataCache: Latency=0.03ms. RandomReadSpeed=1355.43MBs, RandomWriteSpeed=22.96MBs. Assigned SpeedClass 'Local'
[2022.08.23-12.38.47:287][  0]LogDerivedDataCache: Using Local data cache path C:/Users/1/AppData/Local/UnrealEngine/Common/DerivedDataCache: Writable
[2022.08.23-12.38.47:287][  0]LogDerivedDataCache: Shared data cache path not found in *engine.ini, will not use an Shared cache.
[2022.08.23-12.38.47:287][  0]LogDerivedDataCache: Unable to find inner node Shared for hierarchical cache Hierarchy.
[2022.08.23-12.38.47:334][  0]LogSlate: Using FreeType 2.10.0
[2022.08.23-12.38.47:334][  0]LogSlate: SlateFontServices - WITH_FREETYPE: 1, WITH_HARFBUZZ: 1
[2022.08.23-12.38.47:480][  0]LogAssetRegistry: FAssetRegistry took 0.0085 seconds to start up
[2022.08.23-12.38.47:711][  0]LogInit: Selected Device Profile: [Windows]
[2022.08.23-12.38.47:711][  0]LogInit: Active device profile: [00000293A0910E00][00000293A0527640 49] Windows
[2022.08.23-12.38.47:711][  0]LogInit: Profiles: [00000293A0910E00][00000293A0527640 49] Windows, [00000293A28BA400][00000293A066B7C0 49] WindowsNoEditor, [00000293A0911D00][00000293A08ED940 49] WindowsServer, [00000293A28BB200][00000293A299BAC0 49] WindowsClient, [00000293A0912A00][00000293978580C0 49] IOS, [00000293A28BB800][00000293A2CFA240 49] iPadAir, [00000293A0911500][000002939D1CE3C0 49] iPadAir2, [00000293A2841300][00000293A08E8640 49] IPadPro, [00000293A2841400][000002939785C680 49] iPadAir3, [00000293A28B8C00][00000293A2C2C7C0 49] iPadAir4, [00000293A2842000][00000293A2C3A900 49] iPadMini2, [00000293A28BB000][00000293A2C42A80 49] iPadMini3, [00000293A2842A00][00000293A2C46C00 49] iPadMini4, [00000293A28B8F00][00000293A2C4AD80 49] iPadMini5, [00000293A285CB00][00000293A2C53040 49] iPhone6, [00000293A285CC00][00000293A2C4F080 49] iPodTouch6, [00000293A0912900][00000293A2C5B340 49] iPhone7, [00000293A0910F00][00000293A2C57380 49] iPodTouch7, [00000293A2841200][00000293A085B500 49] iPhone5S, [00000293A0912C00][00000293A2C9D680 49] iPhone6Plus, [00000293A2843D00][00000293A0705800 49] iPhone6S, [00000293A2840100][00000293A0709980 49] iPhone6SPlus, [00000293A285FF00][00000293A070DB00 49] iPhone7Plus, [00000293A2842200][00000293A0714100 49] iPhoneSE, [00000293A285E800][00000293A0718280 49] iPhone8, [00000293A2842500][00000293A071C400 49] iPhone8Plus, [00000293A285F900][00000293A0862580 49] iPhoneX, [00000293A2842400][00000293A0866700 49] iPhoneXS, [00000293A285CE00][00000293A2C3E840 49] iPhoneXSMax, [00000293A0911800][00000293A086A980 49] iPhoneXR, [00000293A285D600][00000293A086EAC0 49] iPhone11, [00000293A0911A00][00000293A0876C40 49] iPhone11Pro, [00000293A285D800][00000293A30F2DC0 49] iPhone11ProMax, [00000293A0911100][00000293A30F6F40 49] iPhoneSE2, [00000293A285FA00][00000293A07370C0 49] iPhone12Mini, [00000293A0910B00][00000293A073B240 49] iPhone12, [00000293A285DC00][00000293A31073C0 49] iPhone12Pro, [00000293A0911000][00000293A310B540 49] iPhone12ProMax, [00000293A285F600][00000293A296D6C0 49] iPadPro105, [00000293A0913800][00000293A2971840 49] iPadPro129, [00000293A285C300][00000293A29759C0 49] iPadPro97, [00000293A0911400][00000293A2979B40 49] iPadPro2_129, [00000293A285D300][00000293A297C140 49] iPad5, [00000293A0913A00][00000293A29802C0 49] iPad6, [00000293A285FC00][00000293A2984440 49] iPad7, [00000293A0913200][00000293A29885C0 49] iPad8, [00000293A285F200][00000293A298C740 49] iPadPro11, [00000293A0912F00][00000293A29908C0 49] iPadPro2_11, [00000293A285E200][00000293A0872A00 49] iPadPro3_129, [00000293A0910700][00000293A2BF2B40 49] iPadPro4_129, [00000293A285D000][00000293A2BF6C80 49] AppleTV, [00000293A0913100][00000293A2BFADC0 49] AppleTV4K, [00000293A285E100][00000293A2C02F40 49] TVOS, [00000293A0912100][00000293A2C070C0 49] Mac, [00000293A285F500][00000293A2C0B240 49] MacClient, [00000293A0913B00][00000293A2C0F3C0 49] MacNoEditor, [00000293A285CD00][00000293A2C13540 49] MacServer, [00000293A0912E00][00000293A2C176C0 49] Linux, [00000293A285DF00][00000293A2C1B840 49] LinuxAArch64, [00000293A0910A00][00000293A2C1F9C0 49] LinuxNoEditor, [00000293A285F000][00000293A2C23B40 49] LinuxAArch64NoEditor, [00000293A0913300][00000293A2C26140 49] LinuxClient, [00000293A285E700][00000293A31202C0 49] LinuxAArch64Client, [00000293A0911B00][00000293A3124440 49] LinuxServer, [00000293A285C400][00000293A31285C0 49] LinuxAArch64Server, [00000293A0911C00][00000293A312C740 49] Android, [00000293A285D400][00000293A31308C0 49] Android_Low, [00000293A0911E00][00000293A3134A40 49] Android_Mid, [00000293A285E900][00000293A2BFEB80 49] Android_High, [00000293A0912000][00000293A3138CC0 49] Android_Default, [00000293A285F100][00000293A313CE00 49] Android_Adreno4xx, [00000293A0912200][00000293A3140F40 49] Android_Adreno5xx_Low, [00000293A285FD00][00000293A31490C0 49] Android_Adreno5xx, [00000293A0910200][00000293A314D240 49] Android_Adreno6xx, [00000293A285D700][00000293A31513C0 49] Android_Adreno6xx_Vulkan, [00000293A0912700][00000293A2997540 49] Android_Mali_T6xx, [00000293A2841700][00000293A05176C0 49] Android_Mali_T7xx, [00000293A28BB100][00000293A051B840 49] Android_Mali_T8xx, [00000293A2843E00][00000293A07119C0 49] Android_Mali_G71, [00000293A28BBC00][00000293A085FB40 49] Android_Mali_G72, [00000293A2843A00][00000293A2900140 49] Android_Mali_G72_Vulkan, [00000293A28BB900][00000293A29042C0 49] Android_Mali_G76, [00000293A2841B00][00000293A2908440 49] Android_Mali_G76_Vulkan, [00000293A28BA300][00000293A290C5C0 49] Android_Mali_G77, [00000293A2843600][00000293A2910740 49] Android_Mali_G77_Vulkan, [00000293A28BA000][00000293A29148C0 49] Android_Mali_G78, [00000293A2841000][00000293A2918A40 49] Android_Mali_G78_Vulkan, [00000293A28B8500][00000293A291CBC0 49] Android_Mali_G710, [00000293A2841600][00000293A2920D40 49] Android_Mali_G710_Vulkan, [00000293A28BA500][00000293A3144E80 49] Android_Vulkan_SM5, [00000293A2841A00][00000293A2924FC0 49] Android_PowerVR_G6xxx, [00000293A28BAF00][00000293A2929100 49] Android_PowerVR_GT7xxx, [00000293A2843300][00000293A2931280 49] Android_PowerVR_GE8xxx, [00000293A28B9100][00000293A2935400 49] Android_PowerVR_GM9xxx, [00000293A2841F00][00000293A2939580 49] Android_PowerVR_GM9xxx_Vulkan, [00000293A28B9600][00000293A293D700 49] Android_TegraK1, [00000293A2843B00][00000293A2941880 49] Android_Unknown_Vulkan, [00000293A28B8D00][00000293A2945A00 49] Lumin, [00000293A2840600][00000293A2949B80 49] Lumin_Desktop, [00000293A285F300][00000293A294C180 49] HoloLens, 
[2022.08.23-12.38.48:388][  0]LogMeshReduction: Using QuadricMeshReduction for automatic static mesh reduction
[2022.08.23-12.38.48:388][  0]LogMeshReduction: Using SimplygonMeshReduction for automatic skeletal mesh reduction
[2022.08.23-12.38.48:388][  0]LogMeshReduction: Using ProxyLODMeshReduction for automatic mesh merging
[2022.08.23-12.38.48:388][  0]LogMeshReduction: No distributed automatic mesh merging module available
[2022.08.23-12.38.48:388][  0]LogMeshMerging: No distributed automatic mesh merging module available
[2022.08.23-12.38.48:490][  0]LogNetVersion: Tankogeddon 1.0.0, NetCL: 17155196, EngineNetVer: 17, GameNetVer: 0 (Checksum: 3665955934)
[2022.08.23-12.38.48:889][  0]LogTexture: Default maximum texture size for cubemaps generated from long-lat sources has been changed from 512 to unlimited. In order to preserve old behaiour for '/Engine/MapTemplates/Sky/DaylightAmbientCubemap.DaylightAmbientCubemap', its maximum texture size has been explicitly set to 512.
[2022.08.23-12.38.48:970][  0]LogHMD: PokeAHoleMaterial loaded successfully
[2022.08.23-12.38.48:978][  0]LogUObjectArray: 17178 objects as part of root set at end of initial load.
[2022.08.23-12.38.48:978][  0]LogUObjectAllocator: 4302048 out of 0 bytes used by permanent object pool.
[2022.08.23-12.38.48:978][  0]LogUObjectArray: CloseDisregardForGC: 0/0 objects in disregard for GC pool
[2022.08.23-12.38.56:059][  0]LogNiagaraDebuggerClient: Niagara Debugger Client Initialized | Session: 5B7461394BBD014B1BA65589C5CEAF71 | Instance: BD05B2B44078892B5AE930AA3324DB40 (ROMA-DURAK-25740).
[2022.08.23-12.38.57:889][  0]LogPython: Using Python 3.7.7
[2022.08.23-12.39.00:196][  0]LogTcpMessaging: Initializing TcpMessaging bridge
[2022.08.23-12.39.00:385][  0]LogUdpMessaging: Initializing bridge on interface 0.0.0.0:0 to multicast group 230.0.0.1:6666.
[2022.08.23-12.39.04:749][  0]SourceControl: Source control is disabled
[2022.08.23-12.39.04:749][  0]SourceControl: Source control is disabled
[2022.08.23-12.39.05:032][  0]SourceControl: Source control is disabled
[2022.08.23-12.39.05:274][  0]SourceControl: Source control is disabled
[2022.08.23-12.39.05:660][  0]SourceControl: Source control is disabled
[2022.08.23-12.39.05:759][  0]LogUProjectInfo: Found projects:
[2022.08.23-12.39.11:176][  0]LogOpenImageDenoise: OIDN starting up
[2022.08.23-12.39.12:220][  0]LogAndroidPermission: UAndroidPermissionCallbackProxy::GetInstance
[2022.08.23-12.39.12:810][  0]LogAudioCaptureCore: Display: No Audio Capture implementations found. Audio input will be silent.
[2022.08.23-12.39.12:810][  0]LogAudioCaptureCore: Display: No Audio Capture implementations found. Audio input will be silent.
[2022.08.23-12.39.14:817][  0]LogCollectionManager: Loaded 0 collections in 0.001016 seconds
[2022.08.23-12.39.15:206][  0]LogFileCache: Scanning file cache for directory 'D:/TankProject/Tankogeddon/Saved/Collections/' took 0.00s
[2022.08.23-12.39.15:206][  0]LogFileCache: Scanning file cache for directory 'D:/TankProject/Tankogeddon/Content/Developers/1/Collections/' took 0.00s
[2022.08.23-12.39.15:206][  0]LogFileCache: Scanning file cache for directory 'D:/TankProject/Tankogeddon/Content/Collections/' took 0.01s
[2022.08.23-12.39.15:253][  0]LogOcInput: OculusInput pre-init called
[2022.08.23-12.39.16:436][  0]LogEngine: Initializing Engine...
[2022.08.23-12.39.16:459][  0]LogHMD: Failed to enumerate extensions. Please check that you have a valid OpenXR runtime installed.
[2022.08.23-12.39.16:459][  0]LogHMD: Failed to initialize OpenVR with code 110
[2022.08.23-12.39.16:459][  0]LogMagicLeap: Warning: VR disabled because ZI is not enabled.  To enable, in the editor, Edit -> Project Settings -> Plugins -> Magic Leap Plugin -> Enable Zero Iteration
[2022.08.23-12.39.16:461][  0]LogStats: UGameplayTagsManager::InitializeManager -  0.000 s
[2022.08.23-12.39.16:974][  0]LogInit: Initializing FReadOnlyCVARCache
[2022.08.23-12.39.17:128][  0]LogAIModule: Creating AISystem for world Untitled
[2022.08.23-12.39.17:129][  0]LogAudio: Display: Initializing Audio Device Manager...
[2022.08.23-12.39.17:320][  0]LogAudio: Display: Loading Default Audio Settings Objects...
[2022.08.23-12.39.17:346][  0]LogAudio: Display: No default SoundConcurrencyObject specified (or failed to load).
[2022.08.23-12.39.17:348][  0]LogAudio: Display: Audio Device Manager Initialized
[2022.08.23-12.39.17:348][  0]LogAudio: Display: Creating Audio Device:                 Id: 1, Scope: Shared, Realtime: True
[2022.08.23-12.39.17:348][  0]LogAudioMixer: Display: Audio Mixer Platform Settings:
[2022.08.23-12.39.17:348][  0]LogAudioMixer: Display: 	Sample Rate:						  48000
[2022.08.23-12.39.17:348][  0]LogAudioMixer: Display: 	Callback Buffer Frame Size Requested: 1024
[2022.08.23-12.39.17:348][  0]LogAudioMixer: Display: 	Callback Buffer Frame Size To Use:	  1024
[2022.08.23-12.39.17:348][  0]LogAudioMixer: Display: 	Number of buffers to queue:			  2
[2022.08.23-12.39.17:348][  0]LogAudioMixer: Display: 	Max Channels (voices):				  32
[2022.08.23-12.39.17:348][  0]LogAudioMixer: Display: 	Number of Async Source Workers:		  0
[2022.08.23-12.39.17:348][  0]LogAudio: Display: AudioDevice MaxSources: 32
[2022.08.23-12.39.17:348][  0]LogAudio: Display: Audio Spatialization Plugin: None (built-in).
[2022.08.23-12.39.17:348][  0]LogAudio: Display: Audio Reverb Plugin: None (built-in).
[2022.08.23-12.39.17:348][  0]LogAudio: Display: Audio Occlusion Plugin: None (built-in).
[2022.08.23-12.39.17:348][  0]LogAudioMixer: Display: Initializing audio mixer.
[2022.08.23-12.39.17:403][  0]LogAudioMixer: Display: 0: FrontLeft
[2022.08.23-12.39.17:403][  0]LogAudioMixer: Display: 1: FrontRight
[2022.08.23-12.39.17:434][  0]LogAudioMixer: Display: Using Audio Device Динамики (Razer USB Sound Card)
[2022.08.23-12.39.17:434][  0]LogAudioMixer: Display: Initializing Sound Submixes...
[2022.08.23-12.39.17:457][  0]LogAudioMixer: Display: Creating Master Submix 'MasterSubmixDefault'
[2022.08.23-12.39.17:457][  0]LogAudioMixer: Display: Creating Master Submix 'MasterReverbSubmixDefault'
[2022.08.23-12.39.17:459][  0]LogAudioMixer: Display: Creating Master Submix 'MasterEQSubmixDefault'
[2022.08.23-12.39.17:459][  0]LogAudioMixer: FMixerPlatformXAudio2::StartAudioStream() called
[2022.08.23-12.39.17:459][  0]LogAudioMixer: Display: Output buffers initialized: Frames=1024, Channels=2, Samples=2048
[2022.08.23-12.39.17:461][  0]LogAudioMixer: Display: Starting AudioMixerPlatformInterface::RunInternal()
[2022.08.23-12.39.17:461][  0]LogAudioMixer: Display: FMixerPlatformXAudio2::SubmitBuffer() called for the first time
[2022.08.23-12.39.17:461][  0]LogInit: FAudioDevice initialized.
[2022.08.23-12.39.17:461][  0]LogAudio: Display: Audio Device (ID: 1) registered with world 'Untitled'.
[2022.08.23-12.39.17:461][  0]LogNetVersion: Set ProjectVersion to 1.0.0.0. Version Checksum will be recalculated on next use.
[2022.08.23-12.39.17:710][  0]LogDerivedDataCache: Saved boot cache 0.25s 94MB C:/Users/1/AppData/Local/UnrealEngine/4.27/DerivedDataCache/Boot.ddc.
[2022.08.23-12.39.17:710][  0]LogInit: Texture streaming: Enabled
[2022.08.23-12.39.17:950][  0]LogAnalytics: Display: [UEEditor.Rocket.Release] APIServer = https://datarouter.ol.epicgames.com/. AppVersion = 4.27.2-18319896+++UE4+Release-4.27
[2022.08.23-12.39.17:986][  0]LogEngineSessionManager: EngineSessionManager initialized
[2022.08.23-12.39.17:986][  0]LogEditorSessionSummary: Verbose: Initializing EditorSessionSummaryWriter for editor session tracking
[2022.08.23-12.39.18:002][  0]LogEditorSessionSummary: EditorSessionSummaryWriter initialized
[2022.08.23-12.39.18:259][  0]LogInit: Transaction tracking system initialized
[2022.08.23-12.39.19:040][  0]BlueprintLog: New page: Editor Load
[2022.08.23-12.39.20:712][  0]LocalizationService: Localization service is disabled
[2022.08.23-12.39.21:435][  0]TimingProfiler: Initialize
[2022.08.23-12.39.21:436][  0]TimingProfiler: OnSessionChanged
[2022.08.23-12.39.21:436][  0]LoadingProfiler: Initialize
[2022.08.23-12.39.21:437][  0]LoadingProfiler: OnSessionChanged
[2022.08.23-12.39.21:437][  0]NetworkingProfiler: Initialize
[2022.08.23-12.39.21:437][  0]NetworkingProfiler: OnSessionChanged
[2022.08.23-12.39.21:438][  0]MemoryProfiler: Initialize
[2022.08.23-12.39.21:438][  0]MemoryProfiler: OnSessionChanged
[2022.08.23-12.39.23:193][  0]LogCook: Display: CookSettings for Memory: MemoryMaxUsedVirtual 0MiB, MemoryMaxUsedPhysical 16384MiB, MemoryMinFreeVirtual 0MiB, MemoryMinFreePhysical 1024MiB
[2022.08.23-12.39.23:194][  0]LogCook: Display: Mobile HDR setting 1
[2022.08.23-12.39.23:662][  0]LogFileCache: Scanning file cache for directory 'D:/TankProject/Tankogeddon/Content/' took 0.00s
[2022.08.23-12.39.27:080][  0]LogInit: Display: Engine is initialized. Leaving FEngineLoop::Init()
[2022.08.23-12.39.27:200][  0]SourceControl: Source control is disabled
[2022.08.23-12.39.27:200][  0]LogUnrealEdMisc: Loading editor; pre map load, took 59.982
[2022.08.23-12.39.27:201][  0]Cmd: MAP LOAD FILE="../../../../../TankProject/Tankogeddon/Content/StarterContent/Maps/Minimal_Default.umap" TEMPLATE=0 SHOWPROGRESS=1 FEATURELEVEL=3
[2022.08.23-12.39.27:203][  0]LightingResults: New page: Lighting Build
[2022.08.23-12.39.27:208][  0]LogWorld: UWorld::CleanupWorld for Untitled, bSessionEnded=true, bCleanupResources=true
[2022.08.23-12.39.27:209][  0]LogSlate: InvalidateAllWidgets triggered.  All widgets were invalidated
[2022.08.23-12.39.27:209][  0]MapCheck: New page: Map Check
[2022.08.23-12.39.27:210][  0]LightingResults: New page: Lighting Build
[2022.08.23-12.39.27:221][  0]LogAudio: Display: Audio Device unregistered from world 'None'.
[2022.08.23-12.39.27:248][  0]LogUObjectHash: Compacting FUObjectHashTables data took   3.28ms
[2022.08.23-12.39.27:371][  0]LogStaticMesh: Building static mesh Floor_400x400...
[2022.08.23-12.39.27:481][  0]LogStaticMesh: Built static mesh [0.12s] /Game/StarterContent/Architecture/Floor_400x400.Floor_400x400
[2022.08.23-12.39.27:503][  0]LogTexture: Display: Building textures: DeprecatedTextureD6C57B644F03DADF4F2699848FAEA3C3 (BGRA8, 128X128)
[2022.08.23-12.39.27:509][  0]LogTexture: Display: Building textures: DeprecatedTexture8D91C9AE4C6B8D628CDA3C848426284A (BGRA8, 128X128)
[2022.08.23-12.39.27:545][  0]LogAudio: Display: Audio Device (ID: 1) registered with world 'Minimal_Default'.
[2022.08.23-12.39.27:546][  0]LogAIModule: Creating AISystem for world Minimal_Default
[2022.08.23-12.39.27:554][  0]LogEditorServer: Finished looking for orphan Actors (0.000 secs)
[2022.08.23-12.39.27:560][  0]LogUObjectHash: Compacting FUObjectHashTables data took   0.75ms
[2022.08.23-12.39.27:561][  0]Cmd: MAP CHECKDEP NOCLEARLOG
[2022.08.23-12.39.27:561][  0]MapCheck: Map check complete: 0 Error(s), 0 Warning(s), took 0,09ms to complete.
[2022.08.23-12.39.27:561][  0]LogFileHelpers: Loading map 'Minimal_Default' took 0.360
[2022.08.23-12.39.27:563][  0]LogUnrealEdMisc: Total Editor Startup Time, took 60.345
[2022.08.23-12.39.27:687][  0]LogSlate: Updating window title bar state: overlay mode, drag disabled, window buttons hidden, title bar hidden
[2022.08.23-12.39.27:693][  0]LogSlate: Updating window title bar state: overlay mode, drag disabled, window buttons hidden, title bar hidden
[2022.08.23-12.39.27:699][  0]LogSlate: Updating window title bar state: overlay mode, drag disabled, window buttons hidden, title bar hidden
[2022.08.23-12.39.27:705][  0]LogSlate: Updating window title bar state: overlay mode, drag disabled, window buttons hidden, title bar hidden
[2022.08.23-12.39.27:720][  0]LogNativeClassHierarchy: Verbose: Native class hierarchy populated in 0.0091 seconds. Added 3825 classes and 930 folders.
[2022.08.23-12.39.27:722][  0]LogNativeClassHierarchy: Verbose: Native class hierarchy updated for 'WidgetCarousel' in 0.0003 seconds. Added 0 classes and 0 folders.
[2022.08.23-12.39.27:723][  0]LogPakFile: PakFile PrimaryIndexSize=187
[2022.08.23-12.39.27:723][  0]LogPakFile: PakFile PathHashIndexSize=101
[2022.08.23-12.39.27:724][  0]LogPakFile: PakFile FullDirectoryIndexSize=148
[2022.08.23-12.39.27:724][  0]LogShaderLibrary: Display: ShaderCodeLibraryPakFileMountedCallback: PakFile 'D:/Epic Games/UE_4.27/FeaturePacks/FP_FirstPerson.upack' (chunk index -1, root 'root:/') mounted
[2022.08.23-12.39.27:724][  0]LogShaderLibrary: Display: ShaderCodeLibraryPakFileMountedCallback: pending pak file info (ChunkID:-1 Root:root:/ File:D:/Epic Games/UE_4.27/FeaturePacks/FP_FirstPerson.upack)
[2022.08.23-12.39.27:724][  0]LogPakFile: OnPakFileMounted2Time == 0.000136
[2022.08.23-12.39.27:725][  0]LogPakFile: PakFile PrimaryIndexSize=189
[2022.08.23-12.39.27:725][  0]LogPakFile: PakFile PathHashIndexSize=101
[2022.08.23-12.39.27:725][  0]LogPakFile: PakFile FullDirectoryIndexSize=152
[2022.08.23-12.39.27:725][  0]LogShaderLibrary: Display: ShaderCodeLibraryPakFileMountedCallback: PakFile 'D:/Epic Games/UE_4.27/FeaturePacks/FP_FirstPersonBP.upack' (chunk index -1, root 'root:/') mounted
[2022.08.23-12.39.27:725][  0]LogShaderLibrary: Display: ShaderCodeLibraryPakFileMountedCallback: pending pak file info (ChunkID:-1 Root:root:/ File:D:/Epic Games/UE_4.27/FeaturePacks/FP_FirstPersonBP.upack)
[2022.08.23-12.39.27:725][  0]LogPakFile: OnPakFileMounted2Time == 0.000145
[2022.08.23-12.39.27:726][  0]LogPakFile: PakFile PrimaryIndexSize=191
[2022.08.23-12.39.27:726][  0]LogPakFile: PakFile PathHashIndexSize=101
[2022.08.23-12.39.27:726][  0]LogPakFile: PakFile FullDirectoryIndexSize=160
[2022.08.23-12.39.27:726][  0]LogShaderLibrary: Display: ShaderCodeLibraryPakFileMountedCallback: PakFile 'D:/Epic Games/UE_4.27/FeaturePacks/MobileStarterContent.upack' (chunk index -1, root 'root:/') mounted
[2022.08.23-12.39.27:726][  0]LogShaderLibrary: Display: ShaderCodeLibraryPakFileMountedCallback: pending pak file info (ChunkID:-1 Root:root:/ File:D:/Epic Games/UE_4.27/FeaturePacks/MobileStarterContent.upack)
[2022.08.23-12.39.27:726][  0]LogPakFile: OnPakFileMounted2Time == 0.000112
[2022.08.23-12.39.27:727][  0]LogPakFile: PakFile PrimaryIndexSize=185
[2022.08.23-12.39.27:727][  0]LogPakFile: PakFile PathHashIndexSize=101
[2022.08.23-12.39.27:727][  0]LogPakFile: PakFile FullDirectoryIndexSize=148
[2022.08.23-12.39.27:727][  0]LogShaderLibrary: Display: ShaderCodeLibraryPakFileMountedCallback: PakFile 'D:/Epic Games/UE_4.27/FeaturePacks/StarterContent.upack' (chunk index -1, root 'root:/') mounted
[2022.08.23-12.39.27:727][  0]LogShaderLibrary: Display: ShaderCodeLibraryPakFileMountedCallback: pending pak file info (ChunkID:-1 Root:root:/ File:D:/Epic Games/UE_4.27/FeaturePacks/StarterContent.upack)
[2022.08.23-12.39.27:727][  0]LogPakFile: OnPakFileMounted2Time == 0.000123
[2022.08.23-12.39.27:728][  0]LogPakFile: PakFile PrimaryIndexSize=190
[2022.08.23-12.39.27:728][  0]LogPakFile: PakFile PathHashIndexSize=101
[2022.08.23-12.39.27:728][  0]LogPakFile: PakFile FullDirectoryIndexSize=154
[2022.08.23-12.39.27:728][  0]LogShaderLibrary: Display: ShaderCodeLibraryPakFileMountedCallback: PakFile 'D:/Epic Games/UE_4.27/FeaturePacks/TP_2DSideScroller.upack' (chunk index -1, root 'root:/') mounted
[2022.08.23-12.39.27:728][  0]LogShaderLibrary: Display: ShaderCodeLibraryPakFileMountedCallback: pending pak file info (ChunkID:-1 Root:root:/ File:D:/Epic Games/UE_4.27/FeaturePacks/TP_2DSideScroller.upack)
[2022.08.23-12.39.27:728][  0]LogPakFile: OnPakFileMounted2Time == 0.000128
[2022.08.23-12.39.27:729][  0]LogPakFile: PakFile PrimaryIndexSize=192
[2022.08.23-12.39.27:729][  0]LogPakFile: PakFile PathHashIndexSize=101
[2022.08.23-12.39.27:729][  0]LogPakFile: PakFile FullDirectoryIndexSize=158
[2022.08.23-12.39.27:729][  0]LogShaderLibrary: Display: ShaderCodeLibraryPakFileMountedCallback: PakFile 'D:/Epic Games/UE_4.27/FeaturePacks/TP_2DSideScrollerBP.upack' (chunk index -1, root 'root:/') mounted
[2022.08.23-12.39.27:729][  0]LogShaderLibrary: Display: ShaderCodeLibraryPakFileMountedCallback: pending pak file info (ChunkID:-1 Root:root:/ File:D:/Epic Games/UE_4.27/FeaturePacks/TP_2DSideScrollerBP.upack)
[2022.08.23-12.39.27:729][  0]LogPakFile: OnPakFileMounted2Time == 0.000122
[2022.08.23-12.39.27:730][  0]LogPakFile: PakFile PrimaryIndexSize=182
[2022.08.23-12.39.27:730][  0]LogPakFile: PakFile PathHashIndexSize=101
[2022.08.23-12.39.27:730][  0]LogPakFile: PakFile FullDirectoryIndexSize=138
[2022.08.23-12.39.27:730][  0]LogShaderLibrary: Display: ShaderCodeLibraryPakFileMountedCallback: PakFile 'D:/Epic Games/UE_4.27/FeaturePacks/TP_Flying.upack' (chunk index -1, root 'root:/') mounted
[2022.08.23-12.39.27:730][  0]LogShaderLibrary: Display: ShaderCodeLibraryPakFileMountedCallback: pending pak file info (ChunkID:-1 Root:root:/ File:D:/Epic Games/UE_4.27/FeaturePacks/TP_Flying.upack)
[2022.08.23-12.39.27:730][  0]LogPakFile: OnPakFileMounted2Time == 0.000121
[2022.08.23-12.39.27:731][  0]LogPakFile: PakFile PrimaryIndexSize=184
[2022.08.23-12.39.27:731][  0]LogPakFile: PakFile PathHashIndexSize=101
[2022.08.23-12.39.27:731][  0]LogPakFile: PakFile FullDirectoryIndexSize=142
[2022.08.23-12.39.27:731][  0]LogShaderLibrary: Display: ShaderCodeLibraryPakFileMountedCallback: PakFile 'D:/Epic Games/UE_4.27/FeaturePacks/TP_FlyingBP.upack' (chunk index -1, root 'root:/') mounted
[2022.08.23-12.39.27:732][  0]LogShaderLibrary: Display: ShaderCodeLibraryPakFileMountedCallback: pending pak file info (ChunkID:-1 Root:root:/ File:D:/Epic Games/UE_4.27/FeaturePacks/TP_FlyingBP.upack)
[2022.08.23-12.39.27:732][  0]LogPakFile: OnPakFileMounted2Time == 0.000121
[2022.08.23-12.39.27:732][  0]LogPakFile: PakFile PrimaryIndexSize=188
[2022.08.23-12.39.27:732][  0]LogPakFile: PakFile PathHashIndexSize=101
[2022.08.23-12.39.27:733][  0]LogPakFile: PakFile FullDirectoryIndexSize=150
[2022.08.23-12.39.27:733][  0]LogShaderLibrary: Display: ShaderCodeLibraryPakFileMountedCallback: PakFile 'D:/Epic Games/UE_4.27/FeaturePacks/TP_HandheldARBP.upack' (chunk index -1, root 'root:/') mounted
[2022.08.23-12.39.27:733][  0]LogShaderLibrary: Display: ShaderCodeLibraryPakFileMountedCallback: pending pak file info (ChunkID:-1 Root:root:/ File:D:/Epic Games/UE_4.27/FeaturePacks/TP_HandheldARBP.upack)
[2022.08.23-12.39.27:734][  0]LogPakFile: OnPakFileMounted2Time == 0.000615
[2022.08.23-12.39.27:735][  0]LogPakFile: PakFile PrimaryIndexSize=182
[2022.08.23-12.39.27:735][  0]LogPakFile: PakFile PathHashIndexSize=101
[2022.08.23-12.39.27:735][  0]LogPakFile: PakFile FullDirectoryIndexSize=138
[2022.08.23-12.39.27:735][  0]LogShaderLibrary: Display: ShaderCodeLibraryPakFileMountedCallback: PakFile 'D:/Epic Games/UE_4.27/FeaturePacks/TP_Puzzle.upack' (chunk index -1, root 'root:/') mounted
[2022.08.23-12.39.27:735][  0]LogShaderLibrary: Display: ShaderCodeLibraryPakFileMountedCallback: pending pak file info (ChunkID:-1 Root:root:/ File:D:/Epic Games/UE_4.27/FeaturePacks/TP_Puzzle.upack)
[2022.08.23-12.39.27:736][  0]LogPakFile: OnPakFileMounted2Time == 0.000135
[2022.08.23-12.39.27:736][  0]LogPakFile: PakFile PrimaryIndexSize=184
[2022.08.23-12.39.27:737][  0]LogPakFile: PakFile PathHashIndexSize=101
[2022.08.23-12.39.27:737][  0]LogPakFile: PakFile FullDirectoryIndexSize=142
[2022.08.23-12.39.27:737][  0]LogShaderLibrary: Display: ShaderCodeLibraryPakFileMountedCallback: PakFile 'D:/Epic Games/UE_4.27/FeaturePacks/TP_PuzzleBP.upack' (chunk index -1, root 'root:/') mounted
[2022.08.23-12.39.27:737][  0]LogShaderLibrary: Display: ShaderCodeLibraryPakFileMountedCallback: pending pak file info (ChunkID:-1 Root:root:/ File:D:/Epic Games/UE_4.27/FeaturePacks/TP_PuzzleBP.upack)
[2022.08.23-12.39.27:737][  0]LogPakFile: OnPakFileMounted2Time == 0.000112
[2022.08.23-12.39.27:738][  0]LogPakFile: PakFile PrimaryIndexSize=183
[2022.08.23-12.39.27:738][  0]LogPakFile: PakFile PathHashIndexSize=101
[2022.08.23-12.39.27:738][  0]LogPakFile: PakFile FullDirectoryIndexSize=140
[2022.08.23-12.39.27:738][  0]LogShaderLibrary: Display: ShaderCodeLibraryPakFileMountedCallback: PakFile 'D:/Epic Games/UE_4.27/FeaturePacks/TP_Rolling.upack' (chunk index -1, root 'root:/') mounted
[2022.08.23-12.39.27:738][  0]LogShaderLibrary: Display: ShaderCodeLibraryPakFileMountedCallback: pending pak file info (ChunkID:-1 Root:root:/ File:D:/Epic Games/UE_4.27/FeaturePacks/TP_Rolling.upack)
[2022.08.23-12.39.27:738][  0]LogPakFile: OnPakFileMounted2Time == 0.000149
[2022.08.23-12.39.27:739][  0]LogPakFile: PakFile PrimaryIndexSize=185
[2022.08.23-12.39.27:739][  0]LogPakFile: PakFile PathHashIndexSize=101
[2022.08.23-12.39.27:739][  0]LogPakFile: PakFile FullDirectoryIndexSize=144
[2022.08.23-12.39.27:739][  0]LogShaderLibrary: Display: ShaderCodeLibraryPakFileMountedCallback: PakFile 'D:/Epic Games/UE_4.27/FeaturePacks/TP_RollingBP.upack' (chunk index -1, root 'root:/') mounted
[2022.08.23-12.39.27:739][  0]LogShaderLibrary: Display: ShaderCodeLibraryPakFileMountedCallback: pending pak file info (ChunkID:-1 Root:root:/ File:D:/Epic Games/UE_4.27/FeaturePacks/TP_RollingBP.upack)
[2022.08.23-12.39.27:739][  0]LogPakFile: OnPakFileMounted2Time == 0.000113
[2022.08.23-12.39.27:740][  0]LogPakFile: PakFile PrimaryIndexSize=188
[2022.08.23-12.39.27:740][  0]LogPakFile: PakFile PathHashIndexSize=101
[2022.08.23-12.39.27:740][  0]LogPakFile: PakFile FullDirectoryIndexSize=150
[2022.08.23-12.39.27:740][  0]LogShaderLibrary: Display: ShaderCodeLibraryPakFileMountedCallback: PakFile 'D:/Epic Games/UE_4.27/FeaturePacks/TP_SideScroller.upack' (chunk index -1, root 'root:/') mounted
[2022.08.23-12.39.27:740][  0]LogShaderLibrary: Display: ShaderCodeLibraryPakFileMountedCallback: pending pak file info (ChunkID:-1 Root:root:/ File:D:/Epic Games/UE_4.27/FeaturePacks/TP_SideScroller.upack)
[2022.08.23-12.39.27:740][  0]LogPakFile: OnPakFileMounted2Time == 0.000111
[2022.08.23-12.39.27:741][  0]LogPakFile: PakFile PrimaryIndexSize=190
[2022.08.23-12.39.27:741][  0]LogPakFile: PakFile PathHashIndexSize=101
[2022.08.23-12.39.27:741][  0]LogPakFile: PakFile FullDirectoryIndexSize=154
[2022.08.23-12.39.27:741][  0]LogShaderLibrary: Display: ShaderCodeLibraryPakFileMountedCallback: PakFile 'D:/Epic Games/UE_4.27/FeaturePacks/TP_SideScrollerBP.upack' (chunk index -1, root 'root:/') mounted
[2022.08.23-12.39.27:741][  0]LogShaderLibrary: Display: ShaderCodeLibraryPakFileMountedCallback: pending pak file info (ChunkID:-1 Root:root:/ File:D:/Epic Games/UE_4.27/FeaturePacks/TP_SideScrollerBP.upack)
[2022.08.23-12.39.27:741][  0]LogPakFile: OnPakFileMounted2Time == 0.000111
[2022.08.23-12.39.27:742][  0]LogPakFile: PakFile PrimaryIndexSize=187
[2022.08.23-12.39.27:742][  0]LogPakFile: PakFile PathHashIndexSize=101
[2022.08.23-12.39.27:742][  0]LogPakFile: PakFile FullDirectoryIndexSize=148
[2022.08.23-12.39.27:742][  0]LogShaderLibrary: Display: ShaderCodeLibraryPakFileMountedCallback: PakFile 'D:/Epic Games/UE_4.27/FeaturePacks/TP_ThirdPerson.upack' (chunk index -1, root 'root:/') mounted
[2022.08.23-12.39.27:742][  0]LogShaderLibrary: Display: ShaderCodeLibraryPakFileMountedCallback: pending pak file info (ChunkID:-1 Root:root:/ File:D:/Epic Games/UE_4.27/FeaturePacks/TP_ThirdPerson.upack)
[2022.08.23-12.39.27:742][  0]LogPakFile: OnPakFileMounted2Time == 0.000125
[2022.08.23-12.39.27:743][  0]LogPakFile: PakFile PrimaryIndexSize=189
[2022.08.23-12.39.27:743][  0]LogPakFile: PakFile PathHashIndexSize=101
[2022.08.23-12.39.27:743][  0]LogPakFile: PakFile FullDirectoryIndexSize=152
[2022.08.23-12.39.27:743][  0]LogShaderLibrary: Display: ShaderCodeLibraryPakFileMountedCallback: PakFile 'D:/Epic Games/UE_4.27/FeaturePacks/TP_ThirdPersonBP.upack' (chunk index -1, root 'root:/') mounted
[2022.08.23-12.39.27:744][  0]LogShaderLibrary: Display: ShaderCodeLibraryPakFileMountedCallback: pending pak file info (ChunkID:-1 Root:root:/ File:D:/Epic Games/UE_4.27/FeaturePacks/TP_ThirdPersonBP.upack)
[2022.08.23-12.39.27:744][  0]LogPakFile: OnPakFileMounted2Time == 0.000237
[2022.08.23-12.39.27:745][  0]LogPakFile: PakFile PrimaryIndexSize=183
[2022.08.23-12.39.27:745][  0]LogPakFile: PakFile PathHashIndexSize=101
[2022.08.23-12.39.27:745][  0]LogPakFile: PakFile FullDirectoryIndexSize=140
[2022.08.23-12.39.27:745][  0]LogShaderLibrary: Display: ShaderCodeLibraryPakFileMountedCallback: PakFile 'D:/Epic Games/UE_4.27/FeaturePacks/TP_TopDown.upack' (chunk index -1, root 'root:/') mounted
[2022.08.23-12.39.27:745][  0]LogShaderLibrary: Display: ShaderCodeLibraryPakFileMountedCallback: pending pak file info (ChunkID:-1 Root:root:/ File:D:/Epic Games/UE_4.27/FeaturePacks/TP_TopDown.upack)
[2022.08.23-12.39.27:745][  0]LogPakFile: OnPakFileMounted2Time == 0.000144
[2022.08.23-12.39.27:746][  0]LogPakFile: PakFile PrimaryIndexSize=185
[2022.08.23-12.39.27:746][  0]LogPakFile: PakFile PathHashIndexSize=101
[2022.08.23-12.39.27:746][  0]LogPakFile: PakFile FullDirectoryIndexSize=144
[2022.08.23-12.39.27:746][  0]LogShaderLibrary: Display: ShaderCodeLibraryPakFileMountedCallback: PakFile 'D:/Epic Games/UE_4.27/FeaturePacks/TP_TopDownBP.upack' (chunk index -1, root 'root:/') mounted
[2022.08.23-12.39.27:746][  0]LogShaderLibrary: Display: ShaderCodeLibraryPakFileMountedCallback: pending pak file info (ChunkID:-1 Root:root:/ File:D:/Epic Games/UE_4.27/FeaturePacks/TP_TopDownBP.upack)
[2022.08.23-12.39.27:746][  0]LogPakFile: OnPakFileMounted2Time == 0.000129
[2022.08.23-12.39.27:747][  0]LogPakFile: PakFile PrimaryIndexSize=185
[2022.08.23-12.39.27:747][  0]LogPakFile: PakFile PathHashIndexSize=101
[2022.08.23-12.39.27:747][  0]LogPakFile: PakFile FullDirectoryIndexSize=144
[2022.08.23-12.39.27:747][  0]LogShaderLibrary: Display: ShaderCodeLibraryPakFileMountedCallback: PakFile 'D:/Epic Games/UE_4.27/FeaturePacks/TP_TwinStick.upack' (chunk index -1, root 'root:/') mounted
[2022.08.23-12.39.27:748][  0]LogShaderLibrary: Display: ShaderCodeLibraryPakFileMountedCallback: pending pak file info (ChunkID:-1 Root:root:/ File:D:/Epic Games/UE_4.27/FeaturePacks/TP_TwinStick.upack)
[2022.08.23-12.39.27:748][  0]LogPakFile: OnPakFileMounted2Time == 0.000215
[2022.08.23-12.39.27:748][  0]LogPakFile: PakFile PrimaryIndexSize=187
[2022.08.23-12.39.27:749][  0]LogPakFile: PakFile PathHashIndexSize=101
[2022.08.23-12.39.27:749][  0]LogPakFile: PakFile FullDirectoryIndexSize=148
[2022.08.23-12.39.27:749][  0]LogShaderLibrary: Display: ShaderCodeLibraryPakFileMountedCallback: PakFile 'D:/Epic Games/UE_4.27/FeaturePacks/TP_TwinStickBP.upack' (chunk index -1, root 'root:/') mounted
[2022.08.23-12.39.27:749][  0]LogShaderLibrary: Display: ShaderCodeLibraryPakFileMountedCallback: pending pak file info (ChunkID:-1 Root:root:/ File:D:/Epic Games/UE_4.27/FeaturePacks/TP_TwinStickBP.upack)
[2022.08.23-12.39.27:749][  0]LogPakFile: OnPakFileMounted2Time == 0.000116
[2022.08.23-12.39.27:750][  0]LogPakFile: PakFile PrimaryIndexSize=183
[2022.08.23-12.39.27:750][  0]LogPakFile: PakFile PathHashIndexSize=101
[2022.08.23-12.39.27:750][  0]LogPakFile: PakFile FullDirectoryIndexSize=140
[2022.08.23-12.39.27:750][  0]LogShaderLibrary: Display: ShaderCodeLibraryPakFileMountedCallback: PakFile 'D:/Epic Games/UE_4.27/FeaturePacks/TP_Vehicle.upack' (chunk index -1, root 'root:/') mounted
[2022.08.23-12.39.27:750][  0]LogShaderLibrary: Display: ShaderCodeLibraryPakFileMountedCallback: pending pak file info (ChunkID:-1 Root:root:/ File:D:/Epic Games/UE_4.27/FeaturePacks/TP_Vehicle.upack)
[2022.08.23-12.39.27:750][  0]LogPakFile: OnPakFileMounted2Time == 0.000118
[2022.08.23-12.39.27:751][  0]LogPakFile: PakFile PrimaryIndexSize=186
[2022.08.23-12.39.27:751][  0]LogPakFile: PakFile PathHashIndexSize=101
[2022.08.23-12.39.27:751][  0]LogPakFile: PakFile FullDirectoryIndexSize=146
[2022.08.23-12.39.27:751][  0]LogShaderLibrary: Display: ShaderCodeLibraryPakFileMountedCallback: PakFile 'D:/Epic Games/UE_4.27/FeaturePacks/TP_VehicleAdv.upack' (chunk index -1, root 'root:/') mounted
[2022.08.23-12.39.27:751][  0]LogShaderLibrary: Display: ShaderCodeLibraryPakFileMountedCallback: pending pak file info (ChunkID:-1 Root:root:/ File:D:/Epic Games/UE_4.27/FeaturePacks/TP_VehicleAdv.upack)
[2022.08.23-12.39.27:751][  0]LogPakFile: OnPakFileMounted2Time == 0.000122
[2022.08.23-12.39.27:752][  0]LogPakFile: PakFile PrimaryIndexSize=188
[2022.08.23-12.39.27:752][  0]LogPakFile: PakFile PathHashIndexSize=101
[2022.08.23-12.39.27:752][  0]LogPakFile: PakFile FullDirectoryIndexSize=150
[2022.08.23-12.39.27:752][  0]LogShaderLibrary: Display: ShaderCodeLibraryPakFileMountedCallback: PakFile 'D:/Epic Games/UE_4.27/FeaturePacks/TP_VehicleAdvBP.upack' (chunk index -1, root 'root:/') mounted
[2022.08.23-12.39.27:752][  0]LogShaderLibrary: Display: ShaderCodeLibraryPakFileMountedCallback: pending pak file info (ChunkID:-1 Root:root:/ File:D:/Epic Games/UE_4.27/FeaturePacks/TP_VehicleAdvBP.upack)
[2022.08.23-12.39.27:752][  0]LogPakFile: OnPakFileMounted2Time == 0.000123
[2022.08.23-12.39.27:753][  0]LogPakFile: PakFile PrimaryIndexSize=185
[2022.08.23-12.39.27:753][  0]LogPakFile: PakFile PathHashIndexSize=101
[2022.08.23-12.39.27:753][  0]LogPakFile: PakFile FullDirectoryIndexSize=144
[2022.08.23-12.39.27:753][  0]LogShaderLibrary: Display: ShaderCodeLibraryPakFileMountedCallback: PakFile 'D:/Epic Games/UE_4.27/FeaturePacks/TP_VehicleBP.upack' (chunk index -1, root 'root:/') mounted
[2022.08.23-12.39.27:753][  0]LogShaderLibrary: Display: ShaderCodeLibraryPakFileMountedCallback: pending pak file info (ChunkID:-1 Root:root:/ File:D:/Epic Games/UE_4.27/FeaturePacks/TP_VehicleBP.upack)
[2022.08.23-12.39.27:753][  0]LogPakFile: OnPakFileMounted2Time == 0.000123
[2022.08.23-12.39.27:754][  0]LogPakFile: PakFile PrimaryIndexSize=192
[2022.08.23-12.39.27:754][  0]LogPakFile: PakFile PathHashIndexSize=101
[2022.08.23-12.39.27:754][  0]LogPakFile: PakFile FullDirectoryIndexSize=158
[2022.08.23-12.39.27:754][  0]LogShaderLibrary: Display: ShaderCodeLibraryPakFileMountedCallback: PakFile 'D:/Epic Games/UE_4.27/FeaturePacks/TP_VirtualRealityBP.upack' (chunk index -1, root 'root:/') mounted
[2022.08.23-12.39.27:754][  0]LogShaderLibrary: Display: ShaderCodeLibraryPakFileMountedCallback: pending pak file info (ChunkID:-1 Root:root:/ File:D:/Epic Games/UE_4.27/FeaturePacks/TP_VirtualRealityBP.upack)
[2022.08.23-12.39.27:754][  0]LogPakFile: OnPakFileMounted2Time == 0.000121
[2022.08.23-12.39.27:826][  0]LogNativeClassHierarchy: Verbose: Native class hierarchy updated for 'AddContentDialog' in 0.0002 seconds. Added 0 classes and 0 folders.
[2022.08.23-12.39.27:827][  0]LogNativeClassHierarchy: Verbose: Native class hierarchy updated for 'SceneOutliner' in 0.0002 seconds. Added 2 classes and 0 folders.
[2022.08.23-12.39.27:904][  0]LogSlate: Took 0.000329 seconds to synchronously load lazily loaded font '../../../Engine/Content/Slate/Fonts/Roboto-Regular.ttf' (155K)
[2022.08.23-12.39.27:905][  0]LogSlate: Took 0.000249 seconds to synchronously load lazily loaded font '../../../Engine/Content/Editor/Slate/Fonts/FontAwesome.ttf' (139K)
[2022.08.23-12.39.27:906][  0]LogSlate: Took 0.000201 seconds to synchronously load lazily loaded font '../../../Engine/Content/Slate/Fonts/Roboto-Bold.ttf' (160K)
[2022.08.23-12.39.27:996][  0]LogRenderer: Reallocating scene render targets to support 1208x568 Format 10 NumSamples 1 (Frame:1).
[2022.08.23-12.39.28:280][  0]LogNativeClassHierarchy: Verbose: Native class hierarchy updated for 'HierarchicalLODOutliner' in 0.0003 seconds. Added 0 classes and 0 folders.
[2022.08.23-12.39.28:280][  0]LogLoad: (Engine Initialization) Total time: 61.06 seconds
[2022.08.23-12.39.28:281][  0]LogLoad: (Engine Initialization) Total Blueprint compile time: 0.00 seconds
[2022.08.23-12.39.28:325][  0]LogAssetRegistry: Asset discovery search completed in 40.8485 seconds
[2022.08.23-12.39.28:330][  0]LogCollectionManager: Fixed up redirectors for 0 collections in 0.000003 seconds (updated 0 objects)
[2022.08.23-12.39.28:332][  0]LogContentStreaming: Texture pool size now 1000 MB
[2022.08.23-12.39.28:980][  2]LogSlate: Took 0.000250 seconds to synchronously load lazily loaded font '../../../Engine/Content/Slate/Fonts/Roboto-Light.ttf' (167K)
